2021-12-03 16:01:44,476 - root - INFO - Start conversion of 1 files.
2021-12-03 16:01:44,490 - root - INFO - Converting data/preparation/minireference/de/curated/Wecklein1894_0007.xmi into data/preparation/minireference/de/tsv/Wecklein1894_0007.tsv
2021-12-03 16:01:44,655 - root - ERROR - 
2021-12-03 16:01:44,655 - root - ERROR - Problem with entity annotation 7035 in data/preparation/minireference/de/curated/Wecklein1894_0007.xmi
2021-12-03 16:01:44,656 - root - INFO - Token 'Homer' of entity 'Homer' has no regular entity annotation (only compound or literal) in file Wecklein1894_0007.xmi
2021-12-03 16:01:44,656 - root - INFO - Token 'H' of entity 'H 196 ff., P 634, H 288, N 312 f.' has no regular entity annotation (only compound or literal) in file Wecklein1894_0007.xmi
2021-12-03 16:01:44,656 - root - INFO - Token 'H' of entity 'H 196 ff., P 634, H 288, N 312 f.' has illegal entity overlappings (nesting) in file Wecklein1894_0007.xmi
2021-12-03 16:01:44,656 - root - INFO - Token '196' of entity 'H 196 ff., P 634, H 288, N 312 f.' has no regular entity annotation (only compound or literal) in file Wecklein1894_0007.xmi
2021-12-03 16:01:44,656 - root - INFO - Token '196' of entity 'H 196 ff., P 634, H 288, N 312 f.' has illegal entity overlappings (nesting) in file Wecklein1894_0007.xmi
2021-12-03 16:01:44,656 - root - INFO - Token 'ff.,' of entity 'H 196 ff., P 634, H 288, N 312 f.' has no regular entity annotation (only compound or literal) in file Wecklein1894_0007.xmi
2021-12-03 16:01:44,656 - root - INFO - Token 'ff.,' of entity 'H 196 ff., P 634, H 288, N 312 f.' has illegal entity overlappings (nesting) in file Wecklein1894_0007.xmi
2021-12-03 16:01:44,656 - root - INFO - Token 'P' of entity 'H 196 ff., P 634, H 288, N 312 f.' has no regular entity annotation (only compound or literal) in file Wecklein1894_0007.xmi
2021-12-03 16:01:44,656 - root - INFO - Token 'P' of entity 'H 196 ff., P 634, H 288, N 312 f.' has illegal entity overlappings (nesting) in file Wecklein1894_0007.xmi
2021-12-03 16:01:44,657 - root - INFO - Token '634,' of entity 'H 196 ff., P 634, H 288, N 312 f.' has no regular entity annotation (only compound or literal) in file Wecklein1894_0007.xmi
2021-12-03 16:01:44,657 - root - INFO - Token '634,' of entity 'H 196 ff., P 634, H 288, N 312 f.' has illegal entity overlappings (nesting) in file Wecklein1894_0007.xmi
2021-12-03 16:01:44,657 - root - INFO - Token 'H' of entity 'H 196 ff., P 634, H 288, N 312 f.' has no regular entity annotation (only compound or literal) in file Wecklein1894_0007.xmi
2021-12-03 16:01:44,657 - root - INFO - Token 'H' of entity 'H 196 ff., P 634, H 288, N 312 f.' has illegal entity overlappings (nesting) in file Wecklein1894_0007.xmi
2021-12-03 16:01:44,657 - root - INFO - Token '288,' of entity 'H 196 ff., P 634, H 288, N 312 f.' has no regular entity annotation (only compound or literal) in file Wecklein1894_0007.xmi
2021-12-03 16:01:44,657 - root - INFO - Token '288,' of entity 'H 196 ff., P 634, H 288, N 312 f.' has illegal entity overlappings (nesting) in file Wecklein1894_0007.xmi
2021-12-03 16:01:44,657 - root - INFO - Token 'N' of entity 'H 196 ff., P 634, H 288, N 312 f.' has no regular entity annotation (only compound or literal) in file Wecklein1894_0007.xmi
2021-12-03 16:01:44,658 - root - INFO - Token 'N' of entity 'H 196 ff., P 634, H 288, N 312 f.' has illegal entity overlappings (nesting) in file Wecklein1894_0007.xmi
2021-12-03 16:01:44,658 - root - INFO - Token '312' of entity 'H 196 ff., P 634, H 288, N 312 f.' has no regular entity annotation (only compound or literal) in file Wecklein1894_0007.xmi
2021-12-03 16:01:44,658 - root - INFO - Token '312' of entity 'H 196 ff., P 634, H 288, N 312 f.' has illegal entity overlappings (nesting) in file Wecklein1894_0007.xmi
2021-12-03 16:01:44,658 - root - INFO - Token 'f.)' of entity 'H 196 ff., P 634, H 288, N 312 f.' has no regular entity annotation (only compound or literal) in file Wecklein1894_0007.xmi
2021-12-03 16:01:44,658 - root - INFO - Token 'f.)' of entity 'H 196 ff., P 634, H 288, N 312 f.' has illegal entity overlappings (nesting) in file Wecklein1894_0007.xmi
2021-12-03 16:01:44,659 - root - INFO - Token 'Sophokles,' of entity 'Sophokles' has no regular entity annotation (only compound or literal) in file Wecklein1894_0007.xmi
2021-12-03 16:01:44,660 - root - INFO - Token 'Aias' of entity 'Aias' has no regular entity annotation (only compound or literal) in file Wecklein1894_0007.xmi
2021-12-03 16:01:44,660 - root - INFO - Token 'Tekmeſſa,' of entity 'Tekmeſſa' has no regular entity annotation (only compound or literal) in file Wecklein1894_0007.xmi
2021-12-03 16:01:44,660 - root - INFO - Token 'Euryſakes,' of entity 'Euryſakes' has no regular entity annotation (only compound or literal) in file Wecklein1894_0007.xmi
2021-12-03 16:01:44,661 - root - INFO - Token 'Telamon' of entity 'Telamon' has no regular entity annotation (only compound or literal) in file Wecklein1894_0007.xmi
2021-12-03 16:01:44,661 - root - INFO - Token 'Eriböa' of entity 'Eriböa' has no regular entity annotation (only compound or literal) in file Wecklein1894_0007.xmi
2021-12-03 16:01:44,661 - root - INFO - Token 'Achilleus' of entity 'Achilleus' has no regular entity annotation (only compound or literal) in file Wecklein1894_0007.xmi
2021-12-03 16:01:44,661 - root - INFO - Token 'Aias' of entity 'Aias' has no regular entity annotation (only compound or literal) in file Wecklein1894_0007.xmi
2021-12-03 16:01:44,661 - root - INFO - Token '(4' of entity '4 543 ff.' has no regular entity annotation (only compound or literal) in file Wecklein1894_0007.xmi
2021-12-03 16:01:44,661 - root - INFO - Token '(4' of entity '4 543 ff.' has illegal entity overlappings (nesting) in file Wecklein1894_0007.xmi
2021-12-03 16:01:44,662 - root - INFO - Token '543' of entity '4 543 ff.' has no regular entity annotation (only compound or literal) in file Wecklein1894_0007.xmi
2021-12-03 16:01:44,662 - root - INFO - Token '543' of entity '4 543 ff.' has illegal entity overlappings (nesting) in file Wecklein1894_0007.xmi
2021-12-03 16:01:44,662 - root - INFO - Token 'ff.).' of entity '4 543 ff.' has no regular entity annotation (only compound or literal) in file Wecklein1894_0007.xmi
2021-12-03 16:01:44,662 - root - INFO - Token 'ff.).' of entity '4 543 ff.' has illegal entity overlappings (nesting) in file Wecklein1894_0007.xmi
2021-12-03 16:01:44,662 - root - INFO - Token 'Äthiopis' of entity 'Äthiopis' has no regular entity annotation (only compound or literal) in file Wecklein1894_0007.xmi
2021-12-03 16:01:44,662 - root - INFO - Token 'Arktinos' of entity 'Arktinos' has no regular entity annotation (only compound or literal) in file Wecklein1894_0007.xmi
2021-12-03 16:01:44,662 - root - INFO - Token 'Milet' of entity 'Milet' has no regular entity annotation (only compound or literal) in file Wecklein1894_0007.xmi
2021-12-03 16:01:44,663 - root - INFO - Token '(um' of entity 'um 770 v. Chr.' has no regular entity annotation (only compound or literal) in file Wecklein1894_0007.xmi
2021-12-03 16:01:44,663 - root - INFO - Token '770' of entity 'um 770 v. Chr.' has no regular entity annotation (only compound or literal) in file Wecklein1894_0007.xmi
2021-12-03 16:01:44,663 - root - INFO - Token 'v.' of entity 'um 770 v. Chr.' has no regular entity annotation (only compound or literal) in file Wecklein1894_0007.xmi
2021-12-03 16:01:44,663 - root - INFO - Token 'Chr.)' of entity 'um 770 v. Chr.' has no regular entity annotation (only compound or literal) in file Wecklein1894_0007.xmi
2021-12-03 16:01:44,663 - root - INFO - Token 'Achilleus:' of entity 'Achilleus' has no regular entity annotation (only compound or literal) in file Wecklein1894_0007.xmi
2021-12-03 16:01:44,663 - root - INFO - Token 'Aias' of entity 'Aias' has no regular entity annotation (only compound or literal) in file Wecklein1894_0007.xmi
2021-12-03 16:01:44,663 - root - INFO - Token 'Odyſſeus' of entity 'Odyſſeus' has no regular entity annotation (only compound or literal) in file Wecklein1894_0007.xmi
2021-12-03 16:01:44,664 - root - INFO - Token 'Achilleus' of entity 'Achilleus' has no regular entity annotation (only compound or literal) in file Wecklein1894_0007.xmi
2021-12-03 16:01:44,664 - root - INFO - Token 'Thetis' of entity 'Thetis' has no regular entity annotation (only compound or literal) in file Wecklein1894_0007.xmi
2021-12-03 16:01:44,664 - root - INFO - Token 'Aias' of entity 'Aias' has no regular entity annotation (only compound or literal) in file Wecklein1894_0007.xmi
2021-12-03 16:01:44,664 - root - INFO - Token 'Odyſſeus' of entity 'Odyſſeus' has no regular entity annotation (only compound or literal) in file Wecklein1894_0007.xmi
2021-12-03 16:01:44,664 - root - INFO - Token 'Odyſjeus.' of entity 'Odyſjeus' has no regular entity annotation (only compound or literal) in file Wecklein1894_0007.xmi
2021-12-03 16:01:44,665 - root - INFO - Token 'Aias' of entity 'Aias' has no regular entity annotation (only compound or literal) in file Wecklein1894_0007.xmi
2021-12-03 16:01:44,665 - root - INFO - Token '„kleinen' of entity 'kleinen Ilias' has no regular entity annotation (only compound or literal) in file Wecklein1894_0007.xmi
2021-12-03 16:01:44,665 - root - INFO - Token 'Ilias“' of entity 'kleinen Ilias' has no regular entity annotation (only compound or literal) in file Wecklein1894_0007.xmi
2021-12-03 16:01:44,665 - root - INFO - Token 'Mytilene' of entity 'Mytilene' has no regular entity annotation (only compound or literal) in file Wecklein1894_0007.xmi
2021-12-03 16:01:44,665 - root - INFO - Token '(um' of entity 'um 660 v. Chr.' has no regular entity annotation (only compound or literal) in file Wecklein1894_0007.xmi
2021-12-03 16:01:44,665 - root - INFO - Token '660' of entity 'um 660 v. Chr.' has no regular entity annotation (only compound or literal) in file Wecklein1894_0007.xmi
2021-12-03 16:01:44,665 - root - INFO - Token 'v.' of entity 'um 660 v. Chr.' has no regular entity annotation (only compound or literal) in file Wecklein1894_0007.xmi
2021-12-03 16:01:44,665 - root - INFO - Token 'Chr.)' of entity 'um 660 v. Chr.' has no regular entity annotation (only compound or literal) in file Wecklein1894_0007.xmi
2021-12-03 16:01:45,833 - root - INFO - Conversion completed.
