2022-02-14 10:54:32,861 - root - INFO - Start conversion of 5 files.
2022-02-14 10:54:32,875 - root - INFO - Converting data/preparation/minireference/en/retokenized/cu31924087948174_0035.xmi into data/preparation/minireference/en/tsv/cu31924087948174_0035.tsv
2022-02-14 10:54:33,114 - root - INFO - Hyphenation – Removed character - from spec-tator => spectator
2022-02-14 10:54:33,116 - root - INFO - Hyphenation – Removed character - from her-self => herself
2022-02-14 10:54:33,121 - root - INFO - Converting data/preparation/minireference/en/retokenized/cu31924087948174_0063.xmi into data/preparation/minireference/en/tsv/cu31924087948174_0063.tsv
2022-02-14 10:54:33,330 - root - INFO - Hyphenation – Removed character - from occur-ring => occurring
2022-02-14 10:54:33,331 - root - INFO - Hyphenation – Removed character - from κελαι-νώπαν => κελαινώπαν
2022-02-14 10:54:33,332 - root - INFO - Hyphenation – Removed character - from mari-ners, => mariners,
2022-02-14 10:54:33,335 - root - INFO - Hyphenation – Removed character - from dark-ened => darkened
2022-02-14 10:54:33,339 - root - INFO - Converting data/preparation/minireference/en/retokenized/sophoclesplaysa05campgoog_0014.xmi into data/preparation/minireference/en/tsv/sophoclesplaysa05campgoog_0014.tsv
2022-02-14 10:54:33,478 - root - ERROR - Transcript for entity Aristotle (Δ δίς 1. 15 § 13) is present in data/preparation/minireference/en/retokenized/sophoclesplaysa05campgoog_0014.xmi, yet entity is not marked as noisy. Levenshtein distance is computed nevertheless.
2022-02-14 10:54:33,480 - root - INFO - Hyphenation – Removed character - from con-nected => connected
2022-02-14 10:54:33,484 - root - INFO - Hyphenation – Removed character - from inter-polation => interpolation
2022-02-14 10:54:33,487 - root - INFO - Converting data/preparation/minireference/en/retokenized/sophoclesplaysa05campgoog_0146.xmi into data/preparation/minireference/en/tsv/sophoclesplaysa05campgoog_0146.tsv
2022-02-14 10:54:33,663 - root - ERROR - Transcript for entity 257. 1075 is present in data/preparation/minireference/en/retokenized/sophoclesplaysa05campgoog_0146.xmi, yet entity is not marked as noisy. Levenshtein distance is computed nevertheless.
2022-02-14 10:54:33,664 - root - ERROR - Transcript for entity Philostratus ( Viz. Apoll. Δ. 22 § 5) is present in data/preparation/minireference/en/retokenized/sophoclesplaysa05campgoog_0146.xmi, yet entity is not marked as noisy. Levenshtein distance is computed nevertheless.
2022-02-14 10:54:33,666 - root - INFO - Hyphenation – Removed character - from xpé-vov) => xpévov)
2022-02-14 10:54:33,666 - root - INFO - Hyphenation – Removed character - from how-ever, => however,
2022-02-14 10:54:33,671 - root - INFO - Hyphenation – Removed character - from per-son, => person,
2022-02-14 10:54:33,679 - root - INFO - Hyphenation – Removed character - from διοί-yew => διοίyew
2022-02-14 10:54:33,683 - root - INFO - Converting data/preparation/minireference/en/retokenized/sophoclesplaysa05campgoog_0288.xmi into data/preparation/minireference/en/tsv/sophoclesplaysa05campgoog_0288.tsv
2022-02-14 10:54:33,840 - root - INFO - Hyphenation – Removed character - from re-corded => recorded
2022-02-14 10:54:33,843 - root - INFO - Hyphenation – Removed character - from ξυν-ηρετεῖν => ξυνηρετεῖν
2022-02-14 10:54:33,845 - root - INFO - Hyphenation – Removed character - from ξυνηρε-Toes: => ξυνηρεToes:
2022-02-14 10:54:33,845 - root - INFO - Hyphenation – Removed character - from συῤνγ-ἥσεις => συῤνγἥσεις
2022-02-14 10:54:33,846 - root - INFO - Hyphenation – Removed character - from ξυναρτί-oes.) => ξυναρτίoes.)
2022-02-14 10:54:33,847 - root - INFO - Hyphenation – Removed character - from ξύμ-πλουν => ξύμπλουν
2022-02-14 10:54:33,848 - root - INFO - Hyphenation – Removed character - from ellipti-cal => elliptical
2022-02-14 10:54:33,853 - root - INFO - Hyphenation – Removed character - from *vio-lence’ => *violence’
2022-02-14 10:54:33,857 - root - INFO - Conversion completed.
