2022-03-04 10:59:27,044 - root - INFO - Start conversion of 86 files.
2022-03-04 10:59:27,060 - root - INFO - Converting data/preparation/corpus/en/retokenized/cu31924087948174_0010.xmi into data/preparation/corpus/en/tsv/cu31924087948174_0010.tsv
2022-03-04 10:59:27,245 - root - INFO - Hyphenation – Removed character - from occa-sioned => occasioned
2022-03-04 10:59:27,247 - root - INFO - Hyphenation – Removed character - from country-men, => countrymen,
2022-03-04 10:59:27,253 - root - INFO - Converting data/preparation/corpus/en/retokenized/cu31924087948174_0011.xmi into data/preparation/corpus/en/tsv/cu31924087948174_0011.tsv
2022-03-04 10:59:27,440 - root - ERROR - Transcript for entity Electra, Il. 201, 690-5, 1379 foll. is present in data/preparation/corpus/en/retokenized/cu31924087948174_0011.xmi, yet entity is not marked as noisy. Levenshtein distance is computed nevertheless.
2022-03-04 10:59:27,441 - root - ERROR - Transcript for entity Ajax, 11. 855, 966-71, 994, 5 is present in data/preparation/corpus/en/retokenized/cu31924087948174_0011.xmi, yet entity is not marked as noisy. Levenshtein distance is computed nevertheless.
2022-03-04 10:59:27,442 - root - INFO - Hyphenation – Removed character - from repre-sented => represented
2022-03-04 10:59:27,442 - root - INFO - Hyphenation – Removed character - from ni-tandis) => nitandis)
2022-03-04 10:59:27,445 - root - INFO - Hyphenation – Removed character - from inter-polation, => interpolation,
2022-03-04 10:59:27,446 - root - INFO - Hyphenation – Removed character - from pre-viously => previously
2022-03-04 10:59:27,449 - root - INFO - Hyphenation – Removed character - from He-racles => Heracles
2022-03-04 10:59:27,449 - root - INFO - Hyphenation – Removed character - from pre- => pre
2022-03-04 10:59:27,451 - root - INFO - Converting data/preparation/corpus/en/retokenized/cu31924087948174_0012.xmi into data/preparation/corpus/en/tsv/cu31924087948174_0012.tsv
2022-03-04 10:59:27,608 - root - INFO - Hyphenation – Removed character - from dis-criminate => discriminate
2022-03-04 10:59:27,615 - root - INFO - Hyphenation – Removed character - from as-signed => assigned
2022-03-04 10:59:27,617 - root - INFO - Hyphenation – Removed character - from con-sidered => considered
2022-03-04 10:59:27,620 - root - INFO - Hyphenation – Removed character - from per-versely => perversely
2022-03-04 10:59:27,624 - root - INFO - Converting data/preparation/corpus/en/retokenized/cu31924087948174_0014.xmi into data/preparation/corpus/en/tsv/cu31924087948174_0014.tsv
2022-03-04 10:59:27,772 - root - INFO - Hyphenation – Removed character - from Victo-rius, => Victorius,
2022-03-04 10:59:27,779 - root - INFO - Converting data/preparation/corpus/en/retokenized/cu31924087948174_0016.xmi into data/preparation/corpus/en/tsv/cu31924087948174_0016.tsv
2022-03-04 10:59:27,929 - root - INFO - Hyphenation – Removed character - from in-disputable. => indisputable.
2022-03-04 10:59:27,931 - root - INFO - Hyphenation – Removed character - from dis-tinguished => distinguished
2022-03-04 10:59:27,937 - root - INFO - Converting data/preparation/corpus/en/retokenized/cu31924087948174_0022.xmi into data/preparation/corpus/en/tsv/cu31924087948174_0022.tsv
2022-03-04 10:59:28,100 - root - INFO - Hyphenation – Removed character - from in-terpolation, => interpolation,
2022-03-04 10:59:28,102 - root - INFO - Hyphenation – Removed character - from con-siderably => considerably
2022-03-04 10:59:28,105 - root - INFO - Converting data/preparation/corpus/en/retokenized/cu31924087948174_0028.xmi into data/preparation/corpus/en/tsv/cu31924087948174_0028.tsv
2022-03-04 10:59:28,251 - root - INFO - Hyphenation – Removed character - from gra-dually => gradually
2022-03-04 10:59:28,256 - root - INFO - Converting data/preparation/corpus/en/retokenized/cu31924087948174_0034.xmi into data/preparation/corpus/en/tsv/cu31924087948174_0034.tsv
2022-03-04 10:59:28,411 - root - INFO - Hyphenation – Removed character - from λαμ-βάνει, => λαμβάνει,
2022-03-04 10:59:28,412 - root - INFO - Hyphenation – Removed character - from Sala-minians => Salaminians
2022-03-04 10:59:28,415 - root - INFO - Converting data/preparation/corpus/en/retokenized/cu31924087948174_0035.xmi into data/preparation/corpus/en/tsv/cu31924087948174_0035.tsv
2022-03-04 10:59:28,647 - root - INFO - Hyphenation – Removed character - from spec-tator => spectator
2022-03-04 10:59:28,649 - root - INFO - Hyphenation – Removed character - from her-self => herself
2022-03-04 10:59:28,655 - root - INFO - Converting data/preparation/corpus/en/retokenized/cu31924087948174_0036.xmi into data/preparation/corpus/en/tsv/cu31924087948174_0036.tsv
2022-03-04 10:59:28,815 - root - INFO - Hyphenation – Removed character - from appeal-ing => appealing
2022-03-04 10:59:28,818 - root - INFO - Hyphenation – Removed character - from re-ceived => received
2022-03-04 10:59:28,826 - root - INFO - Converting data/preparation/corpus/en/retokenized/cu31924087948174_0037.xmi into data/preparation/corpus/en/tsv/cu31924087948174_0037.tsv
2022-03-04 10:59:29,043 - root - INFO - Hyphenation – Removed character - from con-ception. => conception.
2022-03-04 10:59:29,047 - root - INFO - Hyphenation – Removed character - from con-temporaries => contemporaries
2022-03-04 10:59:29,054 - root - INFO - Converting data/preparation/corpus/en/retokenized/cu31924087948174_0038.xmi into data/preparation/corpus/en/tsv/cu31924087948174_0038.tsv
2022-03-04 10:59:29,240 - root - INFO - Converting data/preparation/corpus/en/retokenized/cu31924087948174_0039.xmi into data/preparation/corpus/en/tsv/cu31924087948174_0039.tsv
2022-03-04 10:59:29,418 - root - INFO - Hyphenation – Removed character - from versifica-tion => versification
2022-03-04 10:59:29,425 - root - INFO - Converting data/preparation/corpus/en/retokenized/cu31924087948174_0040.xmi into data/preparation/corpus/en/tsv/cu31924087948174_0040.tsv
2022-03-04 10:59:29,598 - root - INFO - Hyphenation – Removed character - from Theo-dectes => Theodectes
2022-03-04 10:59:29,602 - root - INFO - Converting data/preparation/corpus/en/retokenized/cu31924087948174_0041.xmi into data/preparation/corpus/en/tsv/cu31924087948174_0041.tsv
2022-03-04 10:59:29,755 - root - INFO - Hyphenation – Removed character - from varia-tions => variations
2022-03-04 10:59:29,760 - root - INFO - Converting data/preparation/corpus/en/retokenized/cu31924087948174_0044.xmi into data/preparation/corpus/en/tsv/cu31924087948174_0044.tsv
2022-03-04 10:59:29,937 - root - INFO - Hyphenation – Removed character - from circum-stances => circumstances
2022-03-04 10:59:29,937 - root - INFO - Hyphenation – Removed character - from infor-mation, => information,
2022-03-04 10:59:29,938 - root - INFO - Hyphenation – Removed character - from evi-dent, => evident,
2022-03-04 10:59:29,942 - root - INFO - Hyphenation – Removed character - from Ho-meric => Homeric
2022-03-04 10:59:29,943 - root - INFO - Hyphenation – Removed character - from en-ables => enables
2022-03-04 10:59:29,946 - root - INFO - Hyphenation – Removed character - from Odys-seus => Odysseus
2022-03-04 10:59:29,947 - root - INFO - Hyphenation – Removed character - from in-troduced => introduced
2022-03-04 10:59:29,948 - root - INFO - Hyphenation – Removed character - from some-what => somewhat
2022-03-04 10:59:29,952 - root - INFO - Converting data/preparation/corpus/en/retokenized/cu31924087948174_0045.xmi into data/preparation/corpus/en/tsv/cu31924087948174_0045.tsv
2022-03-04 10:59:30,107 - root - INFO - Hyphenation – Removed character - from ἐιφοκτό-vous. => ἐιφοκτόvous.
2022-03-04 10:59:30,109 - root - INFO - Hyphenation – Removed character - from re-flects => reflects
2022-03-04 10:59:30,112 - root - INFO - Hyphenation – Removed character - from προσφωνή-pad’, => προσφωνήpad’,
2022-03-04 10:59:30,113 - root - INFO - Hyphenation – Removed character - from sup-position => supposition
2022-03-04 10:59:30,114 - root - INFO - Hyphenation – Removed character - from ap-prehend => apprehend
2022-03-04 10:59:30,121 - root - INFO - Converting data/preparation/corpus/en/retokenized/cu31924087948174_0046.xmi into data/preparation/corpus/en/tsv/cu31924087948174_0046.tsv
2022-03-04 10:59:30,299 - root - INFO - Hyphenation – Removed character - from To-gether => Together
2022-03-04 10:59:30,299 - root - INFO - Hyphenation – Removed character - from re-ferred => referred
2022-03-04 10:59:30,304 - root - INFO - Hyphenation – Removed character - from da-tive => dative
2022-03-04 10:59:30,304 - root - INFO - Hyphenation – Removed character - from νέ-pew => νέpew
2022-03-04 10:59:30,307 - root - INFO - Hyphenation – Removed character - from in-timation’ => intimation’
2022-03-04 10:59:30,310 - root - INFO - Hyphenation – Removed character - from fol-lowing => following
2022-03-04 10:59:30,313 - root - INFO - Converting data/preparation/corpus/en/retokenized/cu31924087948174_0047.xmi into data/preparation/corpus/en/tsv/cu31924087948174_0047.tsv
2022-03-04 10:59:30,539 - root - ERROR - Transcript for entity E.onL.§ 13. Ρ. 10 6 is present in data/preparation/corpus/en/retokenized/cu31924087948174_0047.xmi, yet entity is not marked as noisy. Levenshtein distance is computed nevertheless.
2022-03-04 10:59:30,541 - root - INFO - Hyphenation – Removed character - from im-perfect => imperfect
2022-03-04 10:59:30,543 - root - INFO - Hyphenation – Removed character - from inter-pretation => interpretation
2022-03-04 10:59:30,544 - root - INFO - Hyphenation – Removed character - from accu-sative, => accusative,
2022-03-04 10:59:30,546 - root - INFO - Hyphenation – Removed character - from κυβερ-νῶμαι => κυβερνῶμαι
2022-03-04 10:59:30,549 - root - INFO - Hyphenation – Removed character - from ques-tion => question
2022-03-04 10:59:30,550 - root - INFO - Hyphenation – Removed character - from παρα-πλήκτῳ => παραπλήκτῳ
2022-03-04 10:59:30,551 - root - INFO - Hyphenation – Removed character - from sup-pose => suppose
2022-03-04 10:59:30,552 - root - INFO - Hyphenation – Removed character - from under-stands => understands
2022-03-04 10:59:30,553 - root - INFO - Hyphenation – Removed character - from pre-ceding. => preceding.
2022-03-04 10:59:30,557 - root - INFO - Converting data/preparation/corpus/en/retokenized/cu31924087948174_0048.xmi into data/preparation/corpus/en/tsv/cu31924087948174_0048.tsv
2022-03-04 10:59:30,718 - root - INFO - Hyphenation – Removed character - from expla-nation. => explanation.
2022-03-04 10:59:30,720 - root - INFO - Hyphenation – Removed character - from xa-pas, => xapas,
2022-03-04 10:59:30,720 - root - INFO - Hyphenation – Removed character - from φρουρή-ματαῇ => φρουρήματαῇ
2022-03-04 10:59:30,721 - root - INFO - Hyphenation – Removed character - from be-tween => between
2022-03-04 10:59:30,723 - root - INFO - Hyphenation – Removed character - from cog-nate => cognate
2022-03-04 10:59:30,728 - root - INFO - Converting data/preparation/corpus/en/retokenized/cu31924087948174_0049.xmi into data/preparation/corpus/en/tsv/cu31924087948174_0049.tsv
2022-03-04 10:59:30,886 - root - INFO - Hyphenation – Removed character - from con-trasts => contrasts
2022-03-04 10:59:30,887 - root - INFO - Hyphenation – Removed character - from ἄλ-Movs => ἄλMovs
2022-03-04 10:59:30,888 - root - INFO - Hyphenation – Removed character - from madden-ing => maddening
2022-03-04 10:59:30,889 - root - INFO - Hyphenation – Removed character - from vé-cows => vécows
2022-03-04 10:59:30,890 - root - INFO - Hyphenation – Removed character - from ex-pression => expression
2022-03-04 10:59:30,890 - root - INFO - Hyphenation – Removed character - from con-ceals => conceals
2022-03-04 10:59:30,891 - root - INFO - Hyphenation – Removed character - from remis-sion => remission
2022-03-04 10:59:30,891 - root - INFO - Hyphenation – Removed character - from con-nection => connection
2022-03-04 10:59:30,892 - root - INFO - Hyphenation – Removed character - from im-plies => implies
2022-03-04 10:59:30,893 - root - INFO - Hyphenation – Removed character - from fol-low. => follow.
2022-03-04 10:59:30,893 - root - INFO - Hyphenation – Removed character - from to-gether’ => together’
2022-03-04 10:59:30,899 - root - INFO - Converting data/preparation/corpus/en/retokenized/cu31924087948174_0051.xmi into data/preparation/corpus/en/tsv/cu31924087948174_0051.tsv
2022-03-04 10:59:31,056 - root - INFO - Hyphenation – Removed character - from dis-pleasure. => displeasure.
2022-03-04 10:59:31,057 - root - INFO - Hyphenation – Removed character - from μαστι-yopbpos. => μαστιyopbpos.
2022-03-04 10:59:31,058 - root - INFO - Hyphenation – Removed character - from im-piety; => impiety;
2022-03-04 10:59:31,059 - root - INFO - Hyphenation – Removed character - from hon-our’ => honour’
2022-03-04 10:59:31,063 - root - INFO - Converting data/preparation/corpus/en/retokenized/cu31924087948174_0052.xmi into data/preparation/corpus/en/tsv/cu31924087948174_0052.tsv
2022-03-04 10:59:31,217 - root - INFO - Hyphenation – Removed character - from Odys-seus => Odysseus
2022-03-04 10:59:31,218 - root - INFO - Hyphenation – Removed character - from Theroof-supporting => Theroofsupporting
2022-03-04 10:59:31,220 - root - INFO - Hyphenation – Removed character - from μή-ποτ᾽ => μήποτ᾽
2022-03-04 10:59:31,224 - root - INFO - Converting data/preparation/corpus/en/retokenized/cu31924087948174_0053.xmi into data/preparation/corpus/en/tsv/cu31924087948174_0053.tsv
2022-03-04 10:59:31,373 - root - INFO - Hyphenation – Removed character - from ᾿Ασκλη-πιδῶν => ᾿Ασκληπιδῶν
2022-03-04 10:59:31,377 - root - INFO - Hyphenation – Removed character - from post-ponement => postponement
2022-03-04 10:59:31,377 - root - INFO - Hyphenation – Removed character - from perempt-oriness => peremptoriness
2022-03-04 10:59:31,382 - root - INFO - Hyphenation – Removed character - from sena-rius, => senarius,
2022-03-04 10:59:31,387 - root - INFO - Converting data/preparation/corpus/en/retokenized/cu31924087948174_0054.xmi into data/preparation/corpus/en/tsv/cu31924087948174_0054.tsv
2022-03-04 10:59:31,560 - root - INFO - Hyphenation – Removed character - from κα-ταρρέπει => καταρρέπει
2022-03-04 10:59:31,560 - root - INFO - Hyphenation – Removed character - from δυσ-τυχοῦντ᾽ => δυστυχοῦντ᾽
2022-03-04 10:59:31,563 - root - INFO - Hyphenation – Removed character - from par-odos => parodos
2022-03-04 10:59:31,567 - root - INFO - Hyphenation – Removed character - from anti-strophe, => antistrophe,
2022-03-04 10:59:31,567 - root - INFO - Hyphenation – Removed character - from be-fore => before
2022-03-04 10:59:31,573 - root - INFO - Converting data/preparation/corpus/en/retokenized/cu31924087948174_0055.xmi into data/preparation/corpus/en/tsv/cu31924087948174_0055.tsv
2022-03-04 10:59:31,732 - root - ERROR - Transcript for noisy entity Hdt. 9 37 is missing in data/preparation/corpus/en/retokenized/cu31924087948174_0055.xmi. Levenshtein distance cannot be computed and is set to 0.
2022-03-04 10:59:31,733 - root - INFO - Hyphenation – Removed character - from accusa-tive => accusative
2022-03-04 10:59:31,734 - root - INFO - Hyphenation – Removed character - from ex-presses => expresses
2022-03-04 10:59:31,736 - root - INFO - Hyphenation – Removed character - from Pier-son's => Pierson's
2022-03-04 10:59:31,736 - root - INFO - Hyphenation – Removed character - from fal-con,’ => falcon,’
2022-03-04 10:59:31,739 - root - INFO - Hyphenation – Removed character - from chief-tains => chieftains
2022-03-04 10:59:31,740 - root - INFO - Hyphenation – Removed character - from accu-sative => accusative
2022-03-04 10:59:31,741 - root - INFO - Hyphenation – Removed character - from re-mained => remained
2022-03-04 10:59:31,745 - root - INFO - Converting data/preparation/corpus/en/retokenized/cu31924087948174_0056.xmi into data/preparation/corpus/en/tsv/cu31924087948174_0056.tsv
2022-03-04 10:59:31,903 - root - INFO - Hyphenation – Removed character - from per-suade => persuade
2022-03-04 10:59:31,905 - root - INFO - Hyphenation – Removed character - from xai-ρων. => xaiρων.
2022-03-04 10:59:31,905 - root - INFO - Hyphenation – Removed character - from sen-tence, => sentence,
2022-03-04 10:59:31,908 - root - INFO - Hyphenation – Removed character - from con-tained => contained
2022-03-04 10:59:31,915 - root - INFO - Converting data/preparation/corpus/en/retokenized/cu31924087948174_0057.xmi into data/preparation/corpus/en/tsv/cu31924087948174_0057.tsv
2022-03-04 10:59:32,108 - root - INFO - Converting data/preparation/corpus/en/retokenized/cu31924087948174_0058.xmi into data/preparation/corpus/en/tsv/cu31924087948174_0058.tsv
2022-03-04 10:59:32,283 - root - INFO - Hyphenation – Removed character - from ‘tre-mendous’ => ‘tremendous’
2022-03-04 10:59:32,284 - root - INFO - Hyphenation – Removed character - from sup-posed => supposed
2022-03-04 10:59:32,285 - root - INFO - Hyphenation – Removed character - from labour-ing => labouring
2022-03-04 10:59:32,287 - root - INFO - Hyphenation – Removed character - from Be-cause => Because
2022-03-04 10:59:32,287 - root - INFO - Hyphenation – Removed character - from (ad-verbial) => (adverbial)
2022-03-04 10:59:32,289 - root - INFO - Hyphenation – Removed character - from sus-pect, => suspect,
2022-03-04 10:59:32,290 - root - INFO - Hyphenation – Removed character - from ᾿Αμμω-vidas => ᾿Αμμωvidas
2022-03-04 10:59:32,291 - root - INFO - Hyphenation – Removed character - from de-ceived => deceived
2022-03-04 10:59:32,299 - root - INFO - Converting data/preparation/corpus/en/retokenized/cu31924087948174_0059.xmi into data/preparation/corpus/en/tsv/cu31924087948174_0059.tsv
2022-03-04 10:59:32,488 - root - INFO - Hyphenation – Removed character - from as-sault => assault
2022-03-04 10:59:32,498 - root - INFO - Hyphenation – Removed character - from ac-knowledged => acknowledged
2022-03-04 10:59:32,503 - root - INFO - Hyphenation – Removed character - from ‘Keep-ing => ‘Keeping
2022-03-04 10:59:32,507 - root - INFO - Converting data/preparation/corpus/en/retokenized/cu31924087948174_0060.xmi into data/preparation/corpus/en/tsv/cu31924087948174_0060.tsv
2022-03-04 10:59:32,673 - root - INFO - Hyphenation – Removed character - from ab-breviation. => abbreviation.
2022-03-04 10:59:32,674 - root - INFO - Hyphenation – Removed character - from where-abouts, => whereabouts,
2022-03-04 10:59:32,675 - root - INFO - Hyphenation – Removed character - from em-ployed, => employed,
2022-03-04 10:59:32,678 - root - INFO - Hyphenation – Removed character - from fol-lowing => following
2022-03-04 10:59:32,679 - root - INFO - Hyphenation – Removed character - from xay-χα(ζόντων. => xayχα(ζόντων.
2022-03-04 10:59:32,679 - root - INFO - Hyphenation – Removed character - from Ge-singe) => Gesinge)
2022-03-04 10:59:32,679 - root - INFO - Hyphenation – Removed character - from γλώσσ-ais => γλώσσais
2022-03-04 10:59:32,683 - root - INFO - Hyphenation – Removed character - from ἀναμαι-uber => ἀναμαιuber
2022-03-04 10:59:32,686 - root - INFO - Converting data/preparation/corpus/en/retokenized/cu31924087948174_0061.xmi into data/preparation/corpus/en/tsv/cu31924087948174_0061.tsv
2022-03-04 10:59:32,848 - root - INFO - Hyphenation – Removed character - from situa-tion => situation
2022-03-04 10:59:32,850 - root - INFO - Hyphenation – Removed character - from πυν-θάνεται => πυνθάνεται
2022-03-04 10:59:32,851 - root - INFO - Hyphenation – Removed character - from ἕκα-τέρου => ἕκατέρου
2022-03-04 10:59:32,853 - root - INFO - Hyphenation – Removed character - from Tec-messa, => Tecmessa,
2022-03-04 10:59:32,855 - root - INFO - Hyphenation – Removed character - from mighty-shouldered,” => mightyshouldered,”
2022-03-04 10:59:32,857 - root - INFO - Hyphenation – Removed character - from atmo-spheric => atmospheric
2022-03-04 10:59:32,859 - root - INFO - Hyphenation – Removed character - from mad-ness.’ => madness.’
2022-03-04 10:59:32,860 - root - INFO - Hyphenation – Removed character - from sudden-ness => suddenness
2022-03-04 10:59:32,860 - root - INFO - Hyphenation – Removed character - from expla-nation => explanation
2022-03-04 10:59:32,865 - root - INFO - Converting data/preparation/corpus/en/retokenized/cu31924087948174_0062.xmi into data/preparation/corpus/en/tsv/cu31924087948174_0062.tsv
2022-03-04 10:59:33,017 - root - INFO - Hyphenation – Removed character - from spear-won => spearwon
2022-03-04 10:59:33,022 - root - INFO - Hyphenation – Removed character - from refer-ence => reference
2022-03-04 10:59:33,022 - root - INFO - Hyphenation – Removed character - from ¢Offer-ings => ¢Offerings
2022-03-04 10:59:33,023 - root - INFO - Hyphenation – Removed character - from syn-cope) => syncope)
2022-03-04 10:59:33,026 - root - INFO - Converting data/preparation/corpus/en/retokenized/cu31924087948174_0063.xmi into data/preparation/corpus/en/tsv/cu31924087948174_0063.tsv
2022-03-04 10:59:33,186 - root - INFO - Hyphenation – Removed character - from occur-ring => occurring
2022-03-04 10:59:33,187 - root - INFO - Hyphenation – Removed character - from κελαι-νώπαν => κελαινώπαν
2022-03-04 10:59:33,188 - root - INFO - Hyphenation – Removed character - from mari-ners, => mariners,
2022-03-04 10:59:33,190 - root - INFO - Hyphenation – Removed character - from dark-ened => darkened
2022-03-04 10:59:33,194 - root - INFO - Converting data/preparation/corpus/en/retokenized/cu31924087948174_0064.xmi into data/preparation/corpus/en/tsv/cu31924087948174_0064.tsv
2022-03-04 10:59:33,360 - root - INFO - Hyphenation – Removed character - from dev-vdoes => devvdoes
2022-03-04 10:59:33,360 - root - INFO - Hyphenation – Removed character - from Tri-clinius => Triclinius
2022-03-04 10:59:33,362 - root - INFO - Hyphenation – Removed character - from Veil-ing => Veiling
2022-03-04 10:59:33,368 - root - INFO - Converting data/preparation/corpus/en/retokenized/cu31924087948174_0065.xmi into data/preparation/corpus/en/tsv/cu31924087948174_0065.tsv
2022-03-04 10:59:33,539 - root - INFO - Hyphenation – Removed character - from mar-iners => mariners
2022-03-04 10:59:33,540 - root - INFO - Hyphenation – Removed character - from de-veloped => developed
2022-03-04 10:59:33,542 - root - INFO - Hyphenation – Removed character - from ‘Possess-ed => ‘Possessed
2022-03-04 10:59:33,543 - root - INFO - Hyphenation – Removed character - from μο-λεῖν => μολεῖν
2022-03-04 10:59:33,550 - root - INFO - Hyphenation – Removed character - from as-sisted.” => assisted.”
2022-03-04 10:59:33,553 - root - INFO - Hyphenation – Removed character - from ab-solute, => absolute,
2022-03-04 10:59:33,558 - root - INFO - Converting data/preparation/corpus/en/retokenized/cu31924087948174_0066.xmi into data/preparation/corpus/en/tsv/cu31924087948174_0066.tsv
2022-03-04 10:59:33,744 - root - INFO - Hyphenation – Removed character - from μυ-Bovuévov, => μυBovuévov,
2022-03-04 10:59:33,746 - root - INFO - Hyphenation – Removed character - from de-lirious, => delirious,
2022-03-04 10:59:33,746 - root - INFO - Hyphenation – Removed character - from mad-ness => madness
2022-03-04 10:59:33,747 - root - INFO - Hyphenation – Removed character - from ὀλώλα-μεν; => ὀλώλαμεν;
2022-03-04 10:59:33,747 - root - INFO - Hyphenation – Removed character - from con-trasted => contrasted
2022-03-04 10:59:33,749 - root - INFO - Hyphenation – Removed character - from ex-presses => expresses
2022-03-04 10:59:33,754 - root - INFO - Converting data/preparation/corpus/en/retokenized/cu31924087948174_0067.xmi into data/preparation/corpus/en/tsv/cu31924087948174_0067.tsv
2022-03-04 10:59:33,903 - root - INFO - Hyphenation – Removed character - from λαμπ-τῆρας => λαμπτῆρας
2022-03-04 10:59:33,904 - root - INFO - Hyphenation – Removed character - from with-out => without
2022-03-04 10:59:33,904 - root - INFO - Hyphenation – Removed character - from with-out => without
2022-03-04 10:59:33,910 - root - INFO - Converting data/preparation/corpus/en/retokenized/cu31924087948174_0070.xmi into data/preparation/corpus/en/tsv/cu31924087948174_0070.tsv
2022-03-04 10:59:34,053 - root - INFO - Hyphenation – Removed character - from pre-sent => present
2022-03-04 10:59:34,055 - root - INFO - Hyphenation – Removed character - from quota-tion => quotation
2022-03-04 10:59:34,061 - root - INFO - Converting data/preparation/corpus/en/retokenized/cu31924087948174_0071.xmi into data/preparation/corpus/en/tsv/cu31924087948174_0071.tsv
2022-03-04 10:59:34,227 - root - INFO - Hyphenation – Removed character - from per-son => person
2022-03-04 10:59:34,228 - root - INFO - Hyphenation – Removed character - from Corin-thian => Corinthian
2022-03-04 10:59:34,230 - root - INFO - Hyphenation – Removed character - from ex-pedition => expedition
2022-03-04 10:59:34,232 - root - INFO - Hyphenation – Removed character - from Tec-messa => Tecmessa
2022-03-04 10:59:34,234 - root - INFO - Hyphenation – Removed character - from dis-tracted => distracted
2022-03-04 10:59:34,236 - root - INFO - Hyphenation – Removed character - from φαίνον-ται. => φαίνονται.
2022-03-04 10:59:34,236 - root - INFO - Hyphenation – Removed character - from τρα-πόμενοι => τραπόμενοι
2022-03-04 10:59:34,237 - root - INFO - Hyphenation – Removed character - from expres-sion. => expression.
2022-03-04 10:59:34,237 - root - INFO - Hyphenation – Removed character - from supple-mented => supplemented
2022-03-04 10:59:34,240 - root - INFO - Hyphenation – Removed character - from anti-strophe. => antistrophe.
2022-03-04 10:59:34,245 - root - INFO - Converting data/preparation/corpus/en/retokenized/cu31924087948174_0072.xmi into data/preparation/corpus/en/tsv/cu31924087948174_0072.tsv
2022-03-04 10:59:34,360 - root - INFO - Converting data/preparation/corpus/en/retokenized/cu31924087948174_0073.xmi into data/preparation/corpus/en/tsv/cu31924087948174_0073.tsv
2022-03-04 10:59:34,533 - root - INFO - Hyphenation – Removed character - from surround-ing => surrounding
2022-03-04 10:59:34,536 - root - INFO - Hyphenation – Removed character - from τοῦρ-γον, => τοῦργον,
2022-03-04 10:59:34,536 - root - INFO - Hyphenation – Removed character - from pre-sent => present
2022-03-04 10:59:34,537 - root - INFO - Hyphenation – Removed character - from per-sonal => personal
2022-03-04 10:59:34,539 - root - INFO - Hyphenation – Removed character - from brother-band => brotherband
2022-03-04 10:59:34,539 - root - INFO - Hyphenation – Removed character - from geni-tive => genitive
2022-03-04 10:59:34,540 - root - INFO - Hyphenation – Removed character - from neces-sary. => necessary.
2022-03-04 10:59:34,541 - root - INFO - Hyphenation – Removed character - from mari-ners => mariners
2022-03-04 10:59:34,545 - root - INFO - Converting data/preparation/corpus/en/retokenized/cu31924087948174_0074.xmi into data/preparation/corpus/en/tsv/cu31924087948174_0074.tsv
2022-03-04 10:59:34,704 - root - INFO - Hyphenation – Removed character - from read-ing => reading
2022-03-04 10:59:34,705 - root - INFO - Hyphenation – Removed character - from figura-tively => figuratively
2022-03-04 10:59:34,705 - root - INFO - Hyphenation – Removed character - from ποι-μένων => ποιμένων
2022-03-04 10:59:34,710 - root - INFO - Hyphenation – Removed character - from éu-ποιοῦσι, => éuποιοῦσι,
2022-03-04 10:59:34,714 - root - INFO - Hyphenation – Removed character - from insult-ing => insulting
2022-03-04 10:59:34,717 - root - INFO - Hyphenation – Removed character - from fore-feeling => forefeeling
2022-03-04 10:59:34,725 - root - INFO - Hyphenation – Removed character - from read-ing => reading
2022-03-04 10:59:34,729 - root - INFO - Hyphenation – Removed character - from mpo-γόνων => mpoγόνων
2022-03-04 10:59:34,735 - root - INFO - Converting data/preparation/corpus/en/retokenized/cu31924087948174_0075.xmi into data/preparation/corpus/en/tsv/cu31924087948174_0075.tsv
2022-03-04 10:59:34,966 - root - INFO - Hyphenation – Removed character - from expres-sions => expressions
2022-03-04 10:59:34,966 - root - INFO - Hyphenation – Removed character - from Tapa-xas => Tapaxas
2022-03-04 10:59:34,970 - root - INFO - Hyphenation – Removed character - from sug-gested => suggested
2022-03-04 10:59:34,971 - root - INFO - Hyphenation – Removed character - from men-tioned => mentioned
2022-03-04 10:59:34,972 - root - INFO - Hyphenation – Removed character - from prefer-able => preferable
2022-03-04 10:59:34,973 - root - INFO - Hyphenation – Removed character - from causa-tive => causative
2022-03-04 10:59:34,974 - root - INFO - Hyphenation – Removed character - from mis-judgment => misjudgment
2022-03-04 10:59:34,975 - root - INFO - Hyphenation – Removed character - from conjec-ture => conjecture
2022-03-04 10:59:34,977 - root - INFO - Hyphenation – Removed character - from laugh-ter => laughter
2022-03-04 10:59:34,978 - root - INFO - Hyphenation – Removed character - from re-versed. => reversed.
2022-03-04 10:59:34,978 - root - INFO - Hyphenation – Removed character - from Di-vine => Divine
2022-03-04 10:59:34,982 - root - INFO - Hyphenation – Removed character - from δρά-σασαν => δράσασαν
2022-03-04 10:59:34,982 - root - INFO - Hyphenation – Removed character - from προσ-μόλοι => προσμόλοι
2022-03-04 10:59:34,983 - root - INFO - Hyphenation – Removed character - from pro-bable => probable
2022-03-04 10:59:34,988 - root - INFO - Converting data/preparation/corpus/en/retokenized/cu31924087948174_0076.xmi into data/preparation/corpus/en/tsv/cu31924087948174_0076.tsv
2022-03-04 10:59:35,160 - root - INFO - Hyphenation – Removed character - from sug-gested => suggested
2022-03-04 10:59:35,161 - root - INFO - Hyphenation – Removed character - from speak-ing => speaking
2022-03-04 10:59:35,162 - root - INFO - Hyphenation – Removed character - from Erech-theus. => Erechtheus.
2022-03-04 10:59:35,164 - root - INFO - Hyphenation – Removed character - from parti-ciple => participle
2022-03-04 10:59:35,167 - root - INFO - Hyphenation – Removed character - from omis-sion => omission
2022-03-04 10:59:35,170 - root - INFO - Hyphenation – Removed character - from ad-verbial, => adverbial,
2022-03-04 10:59:35,171 - root - INFO - Hyphenation – Removed character - from βλέ-Tew => βλέTew
2022-03-04 10:59:35,174 - root - INFO - Converting data/preparation/corpus/en/retokenized/cu31924087948174_0077.xmi into data/preparation/corpus/en/tsv/cu31924087948174_0077.tsv
2022-03-04 10:59:35,426 - root - INFO - Hyphenation – Removed character - from read-ing => reading
2022-03-04 10:59:35,426 - root - INFO - Hyphenation – Removed character - from some-what => somewhat
2022-03-04 10:59:35,427 - root - INFO - Hyphenation – Removed character - from un-less => unless
2022-03-04 10:59:35,428 - root - INFO - Hyphenation – Removed character - from Aé-θριον => Aéθριον
2022-03-04 10:59:35,431 - root - INFO - Hyphenation – Removed character - from mean-ing => meaning
2022-03-04 10:59:35,433 - root - INFO - Hyphenation – Removed character - from πέ-Aas: => πέAas:
2022-03-04 10:59:35,434 - root - INFO - Hyphenation – Removed character - from pas-sage, => passage,
2022-03-04 10:59:35,440 - root - INFO - Hyphenation – Removed character - from indepen-dently => independently
2022-03-04 10:59:35,444 - root - INFO - Converting data/preparation/corpus/en/retokenized/cu31924087948174_0078.xmi into data/preparation/corpus/en/tsv/cu31924087948174_0078.tsv
2022-03-04 10:59:35,592 - root - INFO - Hyphenation – Removed character - from ar-rangement => arrangement
2022-03-04 10:59:35,594 - root - INFO - Hyphenation – Removed character - from fol-lowing => following
2022-03-04 10:59:35,596 - root - INFO - Converting data/preparation/corpus/en/retokenized/cu31924087948174_0079.xmi into data/preparation/corpus/en/tsv/cu31924087948174_0079.tsv
2022-03-04 10:59:35,776 - root - INFO - Hyphenation – Removed character - from Tec-messa) => Tecmessa)
2022-03-04 10:59:35,778 - root - INFO - Hyphenation – Removed character - from in-tense => intense
2022-03-04 10:59:35,783 - root - INFO - Hyphenation – Removed character - from pre-dication => predication
2022-03-04 10:59:35,786 - root - INFO - Hyphenation – Removed character - from con-struction. => construction.
2022-03-04 10:59:35,787 - root - INFO - Hyphenation – Removed character - from equi-valent => equivalent
2022-03-04 10:59:35,788 - root - INFO - Hyphenation – Removed character - from deriva-tion => derivation
2022-03-04 10:59:35,789 - root - INFO - Hyphenation – Removed character - from ἀρισ-redoas, => ἀρισredoas,
2022-03-04 10:59:35,790 - root - INFO - Hyphenation – Removed character - from ἐκπρο-κριθεῖσ᾽ => ἐκπροκριθεῖσ᾽
2022-03-04 10:59:35,792 - root - INFO - Hyphenation – Removed character - from achieve-ments => achievements
2022-03-04 10:59:35,794 - root - INFO - Hyphenation – Removed character - from abso-lutely=*to => absolutely=*to
2022-03-04 10:59:35,798 - root - INFO - Converting data/preparation/corpus/en/retokenized/cu31924087948174_0080.xmi into data/preparation/corpus/en/tsv/cu31924087948174_0080.tsv
2022-03-04 10:59:35,962 - root - INFO - Hyphenation – Removed character - from παντ-ουργῷ => παντουργῷ
2022-03-04 10:59:35,963 - root - INFO - Hyphenation – Removed character - from in-trigue” => intrigue”
2022-03-04 10:59:35,964 - root - INFO - Hyphenation – Removed character - from consider-ation => consideration
2022-03-04 10:59:35,965 - root - INFO - Hyphenation – Removed character - from διά-στροφοι => διάστροφοι
2022-03-04 10:59:35,966 - root - INFO - Hyphenation – Removed character - from Mene-laus => Menelaus
2022-03-04 10:59:35,966 - root - INFO - Hyphenation – Removed character - from dis-honestly, => dishonestly,
2022-03-04 10:59:35,969 - root - INFO - Hyphenation – Removed character - from stretch-ing => stretching
2022-03-04 10:59:35,970 - root - INFO - Hyphenation – Removed character - from ‘arm-ing,” => ‘arming,”
2022-03-04 10:59:35,970 - root - INFO - Hyphenation – Removed character - from émev-τείνοντα => émevτείνοντα
2022-03-04 10:59:35,973 - root - INFO - Converting data/preparation/corpus/en/retokenized/cu31924087948174_0081.xmi into data/preparation/corpus/en/tsv/cu31924087948174_0081.tsv
2022-03-04 10:59:36,119 - root - INFO - Hyphenation – Removed character - from per-manent. => permanent.
2022-03-04 10:59:36,122 - root - INFO - Hyphenation – Removed character - from ad-verbial => adverbial
2022-03-04 10:59:36,122 - root - INFO - Hyphenation – Removed character - from ple-onasm, => pleonasm,
2022-03-04 10:59:36,123 - root - INFO - Hyphenation – Removed character - from apposi-tional => appositional
2022-03-04 10:59:36,124 - root - INFO - Hyphenation – Removed character - from opposi-tion’ => opposition’
2022-03-04 10:59:36,128 - root - INFO - Converting data/preparation/corpus/en/retokenized/cu31924087948174_0082.xmi into data/preparation/corpus/en/tsv/cu31924087948174_0082.tsv
2022-03-04 10:59:36,313 - root - INFO - Hyphenation – Removed character - from οὐδε-νὸς => οὐδενὸς
2022-03-04 10:59:36,318 - root - INFO - Hyphenation – Removed character - from κατ-θανεῖν => κατθανεῖν
2022-03-04 10:59:36,319 - root - INFO - Hyphenation – Removed character - from κἀν-αθεῖσα => κἀναθεῖσα
2022-03-04 10:59:36,323 - root - INFO - Hyphenation – Removed character - from dra-τίθεσθαι => draτίθεσθαι
2022-03-04 10:59:36,324 - root - INFO - Hyphenation – Removed character - from μη-χανᾶν. => μηχανᾶν.
2022-03-04 10:59:36,327 - root - INFO - Hyphenation – Removed character - from suc-ceeding => succeeding
2022-03-04 10:59:36,328 - root - INFO - Hyphenation – Removed character - from valua-tion.’ => valuation.’
2022-03-04 10:59:36,331 - root - INFO - Converting data/preparation/corpus/en/retokenized/cu31924087948174_0083.xmi into data/preparation/corpus/en/tsv/cu31924087948174_0083.tsv
2022-03-04 10:59:36,485 - root - INFO - Hyphenation – Removed character - from ren-dered => rendered
2022-03-04 10:59:36,486 - root - INFO - Hyphenation – Removed character - from ὑπο-βαλλόμενοι => ὑποβαλλόμενοι
2022-03-04 10:59:36,489 - root - INFO - Hyphenation – Removed character - from mis-fortune.’ => misfortune.’
2022-03-04 10:59:36,493 - root - INFO - Hyphenation – Removed character - from them-selves, => themselves,
2022-03-04 10:59:36,493 - root - INFO - Hyphenation – Removed character - from some-thing => something
2022-03-04 10:59:36,498 - root - INFO - Converting data/preparation/corpus/en/retokenized/cu31924087948174_0084.xmi into data/preparation/corpus/en/tsv/cu31924087948174_0084.tsv
2022-03-04 10:59:36,659 - root - ERROR - Transcript for entity L. and 5. is present in data/preparation/corpus/en/retokenized/cu31924087948174_0084.xmi, yet entity is not marked as noisy. Levenshtein distance is computed nevertheless.
2022-03-04 10:59:36,660 - root - INFO - Hyphenation – Removed character - from him-self => himself
2022-03-04 10:59:36,663 - root - INFO - Hyphenation – Removed character - from κα-κῶς => κακῶς
2022-03-04 10:59:36,664 - root - INFO - Hyphenation – Removed character - from δια-φθοράν, => διαφθοράν,
2022-03-04 10:59:36,666 - root - INFO - Hyphenation – Removed character - from cap-tive => captive
2022-03-04 10:59:36,667 - root - INFO - Hyphenation – Removed character - from μετά-φρενον => μετάφρενον
2022-03-04 10:59:36,668 - root - INFO - Hyphenation – Removed character - from εἰσανά-γοῦσι => εἰσανάγοῦσι
2022-03-04 10:59:36,671 - root - INFO - Hyphenation – Removed character - from Aa-τρείας, => Aaτρείας,
2022-03-04 10:59:36,677 - root - INFO - Converting data/preparation/corpus/en/retokenized/cu31924087948174_0085.xmi into data/preparation/corpus/en/tsv/cu31924087948174_0085.tsv
2022-03-04 10:59:36,888 - root - INFO - Converting data/preparation/corpus/en/retokenized/cu31924087948174_0086.xmi into data/preparation/corpus/en/tsv/cu31924087948174_0086.tsv
2022-03-04 10:59:37,047 - root - INFO - Converting data/preparation/corpus/en/retokenized/cu31924087948174_0088.xmi into data/preparation/corpus/en/tsv/cu31924087948174_0088.tsv
2022-03-04 10:59:37,198 - root - INFO - Hyphenation – Removed character - from pos-sibly => possibly
2022-03-04 10:59:37,199 - root - INFO - Hyphenation – Removed character - from λόγοι-σιν => λόγοισιν
2022-03-04 10:59:37,202 - root - INFO - Hyphenation – Removed character - from apposi-tion. => apposition.
2022-03-04 10:59:37,202 - root - INFO - Hyphenation – Removed character - from demon-strative => demonstrative
2022-03-04 10:59:37,204 - root - INFO - Hyphenation – Removed character - from else-where => elsewhere
2022-03-04 10:59:37,207 - root - INFO - Converting data/preparation/corpus/en/retokenized/cu31924087948174_0096.xmi into data/preparation/corpus/en/tsv/cu31924087948174_0096.tsv
2022-03-04 10:59:37,403 - root - INFO - Hyphenation – Removed character - from per-manent. => permanent.
2022-03-04 10:59:37,407 - root - INFO - Hyphenation – Removed character - from in-strumental => instrumental
2022-03-04 10:59:37,409 - root - INFO - Hyphenation – Removed character - from ab-surdity => absurdity
2022-03-04 10:59:37,411 - root - INFO - Hyphenation – Removed character - from un-derstand => understand
2022-03-04 10:59:37,421 - root - INFO - Converting data/preparation/corpus/en/retokenized/cu31924087948174_0100.xmi into data/preparation/corpus/en/tsv/cu31924087948174_0100.tsv
2022-03-04 10:59:37,596 - root - ERROR - Transcript for noisy entity 868, ο is missing in data/preparation/corpus/en/retokenized/cu31924087948174_0100.xmi. Levenshtein distance cannot be computed and is set to 0.
2022-03-04 10:59:37,597 - root - INFO - Hyphenation – Removed character - from me-thinks.’ => methinks.’
2022-03-04 10:59:37,598 - root - INFO - Hyphenation – Removed character - from under-stand, => understand,
2022-03-04 10:59:37,599 - root - INFO - Hyphenation – Removed character - from Tec-messa => Tecmessa
2022-03-04 10:59:37,600 - root - INFO - Hyphenation – Removed character - from com-pared => compared
2022-03-04 10:59:37,606 - root - INFO - Hyphenation – Removed character - from Psytta-leia => Psyttaleia
2022-03-04 10:59:37,606 - root - INFO - Hyphenation – Removed character - from Aeschy-lus: => Aeschylus:
2022-03-04 10:59:37,614 - root - INFO - Hyphenation – Removed character - from thy-self’ => thyself’
2022-03-04 10:59:37,617 - root - INFO - Converting data/preparation/corpus/en/retokenized/cu31924087948174_0108.xmi into data/preparation/corpus/en/tsv/cu31924087948174_0108.tsv
2022-03-04 10:59:37,772 - root - INFO - Hyphenation – Removed character - from com-ing,” => coming,”
2022-03-04 10:59:37,773 - root - INFO - Hyphenation – Removed character - from re-sumed. => resumed.
2022-03-04 10:59:37,774 - root - INFO - Hyphenation – Removed character - from δου-λώσαϑ => δουλώσαϑ
2022-03-04 10:59:37,776 - root - INFO - Hyphenation – Removed character - from de-ponent => deponent
2022-03-04 10:59:37,779 - root - INFO - Hyphenation – Removed character - from dv-dpa => dvdpa
2022-03-04 10:59:37,782 - root - INFO - Converting data/preparation/corpus/en/retokenized/cu31924087948174_0116.xmi into data/preparation/corpus/en/tsv/cu31924087948174_0116.tsv
2022-03-04 10:59:37,923 - root - ERROR - Transcript for noisy entity ὃ 55. p. 1071, 6 is missing in data/preparation/corpus/en/retokenized/cu31924087948174_0116.xmi. Levenshtein distance cannot be computed and is set to 0.
2022-03-04 10:59:37,925 - root - INFO - Hyphenation – Removed character - from sug-gested. => suggested.
2022-03-04 10:59:37,929 - root - INFO - Hyphenation – Removed character - from be-neath => beneath
2022-03-04 10:59:37,933 - root - INFO - Converting data/preparation/corpus/en/retokenized/cu31924087948174_0117.xmi into data/preparation/corpus/en/tsv/cu31924087948174_0117.tsv
2022-03-04 10:59:38,107 - root - INFO - Hyphenation – Removed character - from Patro-clus: => Patroclus:
2022-03-04 10:59:38,108 - root - INFO - Hyphenation – Removed character - from indif-ferent => indifferent
2022-03-04 10:59:38,109 - root - INFO - Hyphenation – Removed character - from accord-ance => accordance
2022-03-04 10:59:38,111 - root - INFO - Hyphenation – Removed character - from self-inflicted => selfinflicted
2022-03-04 10:59:38,112 - root - INFO - Hyphenation – Removed character - from ask-ing => asking
2022-03-04 10:59:38,113 - root - INFO - Hyphenation – Removed character - from re-quired. => required.
2022-03-04 10:59:38,114 - root - INFO - Hyphenation – Removed character - from im-mediately => immediately
2022-03-04 10:59:38,115 - root - INFO - Hyphenation – Removed character - from ex-pression => expression
2022-03-04 10:59:38,116 - root - INFO - Hyphenation – Removed character - from com-pound => compound
2022-03-04 10:59:38,117 - root - INFO - Hyphenation – Removed character - from pos-sibility => possibility
2022-03-04 10:59:38,118 - root - INFO - Hyphenation – Removed character - from pre-dicate => predicate
2022-03-04 10:59:38,122 - root - INFO - Converting data/preparation/corpus/en/retokenized/cu31924087948174_0118.xmi into data/preparation/corpus/en/tsv/cu31924087948174_0118.tsv
2022-03-04 10:59:38,273 - root - INFO - Hyphenation – Removed character - from adver-bial => adverbial
2022-03-04 10:59:38,274 - root - INFO - Hyphenation – Removed character - from disappoint-ment => disappointment
2022-03-04 10:59:38,277 - root - INFO - Hyphenation – Removed character - from in-articulate => inarticulate
2022-03-04 10:59:38,277 - root - INFO - Hyphenation – Removed character - from in-dignation => indignation
2022-03-04 10:59:38,280 - root - INFO - Hyphenation – Removed character - from be-reft’ => bereft’
2022-03-04 10:59:38,285 - root - INFO - Converting data/preparation/corpus/en/retokenized/cu31924087948174_0119.xmi into data/preparation/corpus/en/tsv/cu31924087948174_0119.tsv
2022-03-04 10:59:38,510 - root - INFO - Hyphenation – Removed character - from ᾿Ατρει-δᾶν] => ᾿Ατρειδᾶν]
2022-03-04 10:59:38,511 - root - INFO - Hyphenation – Removed character - from rea-son => reason
2022-03-04 10:59:38,512 - root - INFO - Hyphenation – Removed character - from sor-row.” => sorrow.”
2022-03-04 10:59:38,517 - root - INFO - Hyphenation – Removed character - from personifi-cation => personification
2022-03-04 10:59:38,518 - root - INFO - Hyphenation – Removed character - from ἐφυ-βρίζειν => ἐφυβρίζειν
2022-03-04 10:59:38,520 - root - INFO - Hyphenation – Removed character - from fol-lowing => following
2022-03-04 10:59:38,526 - root - INFO - Converting data/preparation/corpus/en/retokenized/cu31924087948174_0128.xmi into data/preparation/corpus/en/tsv/cu31924087948174_0128.tsv
2022-03-04 10:59:38,687 - root - ERROR - Transcript for entity 2. 6o is present in data/preparation/corpus/en/retokenized/cu31924087948174_0128.xmi, yet entity is not marked as noisy. Levenshtein distance is computed nevertheless.
2022-03-04 10:59:38,694 - root - INFO - Hyphenation – Removed character - from es-tablished => established
2022-03-04 10:59:38,697 - root - INFO - Hyphenation – Removed character - from uncon-scious => unconscious
2022-03-04 10:59:38,698 - root - INFO - Hyphenation – Removed character - from at-tributed => attributed
2022-03-04 10:59:38,703 - root - INFO - Converting data/preparation/corpus/en/retokenized/cu31924087948174_0138.xmi into data/preparation/corpus/en/tsv/cu31924087948174_0138.tsv
2022-03-04 10:59:38,850 - root - INFO - Hyphenation – Removed character - from fel-lowship => fellowship
2022-03-04 10:59:38,852 - root - INFO - Hyphenation – Removed character - from un-happy => unhappy
2022-03-04 10:59:38,853 - root - INFO - Hyphenation – Removed character - from ¢Un-cared => ¢Uncared
2022-03-04 10:59:38,854 - root - INFO - Hyphenation – Removed character - from pe-γάλας => peγάλας
2022-03-04 10:59:38,854 - root - INFO - Hyphenation – Removed character - from μέ-ριμναν: => μέριμναν:
2022-03-04 10:59:38,856 - root - INFO - Hyphenation – Removed character - from ap-position => apposition
2022-03-04 10:59:38,859 - root - INFO - Converting data/preparation/corpus/en/retokenized/cu31924087948174_0145.xmi into data/preparation/corpus/en/tsv/cu31924087948174_0145.tsv
2022-03-04 10:59:39,020 - root - INFO - Hyphenation – Removed character - from express-ing => expressing
2022-03-04 10:59:39,021 - root - INFO - Hyphenation – Removed character - from τοι-ἀνδ᾽, => τοιἀνδ᾽,
2022-03-04 10:59:39,024 - root - INFO - Hyphenation – Removed character - from dis-grace => disgrace
2022-03-04 10:59:39,032 - root - INFO - Converting data/preparation/corpus/en/retokenized/cu31924087948174_0150.xmi into data/preparation/corpus/en/tsv/cu31924087948174_0150.tsv
2022-03-04 10:59:39,242 - root - INFO - Hyphenation – Removed character - from in-expressive, => inexpressive,
2022-03-04 10:59:39,244 - root - INFO - Hyphenation – Removed character - from émayyer-Abpevor => émayyerAbpevor
2022-03-04 10:59:39,247 - root - INFO - Converting data/preparation/corpus/en/retokenized/sophoclesplaysa05campgoog_0014.xmi into data/preparation/corpus/en/tsv/sophoclesplaysa05campgoog_0014.tsv
2022-03-04 10:59:39,411 - root - ERROR - Transcript for entity Aristotle (Δ δίς 1. 15 § 13) is present in data/preparation/corpus/en/retokenized/sophoclesplaysa05campgoog_0014.xmi, yet entity is not marked as noisy. Levenshtein distance is computed nevertheless.
2022-03-04 10:59:39,414 - root - INFO - Hyphenation – Removed character - from con-nected => connected
2022-03-04 10:59:39,419 - root - INFO - Hyphenation – Removed character - from inter-polation => interpolation
2022-03-04 10:59:39,422 - root - INFO - Converting data/preparation/corpus/en/retokenized/sophoclesplaysa05campgoog_0050.xmi into data/preparation/corpus/en/tsv/sophoclesplaysa05campgoog_0050.tsv
2022-03-04 10:59:39,610 - root - ERROR - 
2022-03-04 10:59:39,610 - root - ERROR - Problem with entity annotation 5744 in data/preparation/corpus/en/retokenized/sophoclesplaysa05campgoog_0050.xmi
2022-03-04 10:59:39,614 - root - INFO - Hyphenation – Removed character - from im-placable => implacable
2022-03-04 10:59:39,617 - root - INFO - Hyphenation – Removed character - from way-like => waylike
2022-03-04 10:59:39,618 - root - INFO - Hyphenation – Removed character - from circum-stances => circumstances
2022-03-04 10:59:39,626 - root - INFO - Converting data/preparation/corpus/en/retokenized/sophoclesplaysa05campgoog_0097.xmi into data/preparation/corpus/en/tsv/sophoclesplaysa05campgoog_0097.tsv
2022-03-04 10:59:39,845 - root - INFO - Hyphenation – Removed character - from forsome-one => forsomeone
2022-03-04 10:59:39,847 - root - INFO - Hyphenation – Removed character - from πά-πταινε => πάπταινε
2022-03-04 10:59:39,848 - root - INFO - Hyphenation – Removed character - from fer-ward => ferward
2022-03-04 10:59:39,851 - root - INFO - Hyphenation – Removed character - from ele-gant => elegant
2022-03-04 10:59:39,854 - root - INFO - Hyphenation – Removed character - from συγ-γνωμοσύνην => συγγνωμοσύνην
2022-03-04 10:59:39,858 - root - INFO - Hyphenation – Removed character - from for-merly => formerly
2022-03-04 10:59:39,864 - root - INFO - Hyphenation – Removed character - from Odys-neus => Odysneus
2022-03-04 10:59:39,865 - root - INFO - Hyphenation – Removed character - from spec-tutors, => spectutors,
2022-03-04 10:59:39,869 - root - INFO - Hyphenation – Removed character - from beincon-sistent => beinconsistent
2022-03-04 10:59:39,871 - root - INFO - Hyphenation – Removed character - from ap-pearsto => appearsto
2022-03-04 10:59:39,874 - root - INFO - Hyphenation – Removed character - from ex-eluding => exeluding
2022-03-04 10:59:39,880 - root - INFO - Converting data/preparation/corpus/en/retokenized/sophoclesplaysa05campgoog_0098.xmi into data/preparation/corpus/en/tsv/sophoclesplaysa05campgoog_0098.tsv
2022-03-04 10:59:40,054 - root - INFO - Hyphenation – Removed character - from trum-E:2a => trumE:2a
2022-03-04 10:59:40,055 - root - INFO - Hyphenation – Removed character - from fre-quent => frequent
2022-03-04 10:59:40,061 - root - INFO - Hyphenation – Removed character - from Pausa-nias => Pausanias
2022-03-04 10:59:40,067 - root - INFO - Hyphenation – Removed character - from for-wards => forwards
2022-03-04 10:59:40,069 - root - INFO - Hyphenation – Removed character - from μερί-μνης => μερίμνης
2022-03-04 10:59:40,070 - root - INFO - Hyphenation – Removed character - from δ’ἐγ-γύθεν => δ’ἐγγύθεν
2022-03-04 10:59:40,070 - root - INFO - Hyphenation – Removed character - from ‖χάλ-κέον, => ‖χάλκέον,
2022-03-04 10:59:40,073 - root - INFO - Hyphenation – Removed character - from ἄσκο-πος => ἄσκοπος
2022-03-04 10:59:40,078 - root - INFO - Converting data/preparation/corpus/en/retokenized/sophoclesplaysa05campgoog_0099.xmi into data/preparation/corpus/en/tsv/sophoclesplaysa05campgoog_0099.tsv
2022-03-04 10:59:40,345 - root - INFO - Hyphenation – Removed character - from πλαν-ὦμοι => πλανὦμοι
2022-03-04 10:59:40,346 - root - INFO - Hyphenation – Removed character - from Xeno-phon, => Xenophon,
2022-03-04 10:59:40,347 - root - INFO - Hyphenation – Removed character - from θελον-τής => θελοντής
2022-03-04 10:59:40,354 - root - INFO - Hyphenation – Removed character - from avail-able, => available,
2022-03-04 10:59:40,361 - root - INFO - Hyphenation – Removed character - from ἐνέ-βαλὸν => ἐνέβαλὸν
2022-03-04 10:59:40,364 - root - INFO - Hyphenation – Removed character - from ἐπιστά-ταῖς, => ἐπιστάταῖς,
2022-03-04 10:59:40,367 - root - INFO - Hyphenation – Removed character - from ἐπιστα-τῶν. => ἐπιστατῶν.
2022-03-04 10:59:40,371 - root - INFO - Hyphenation – Removed character - from cor-rupi => corrupi
2022-03-04 10:59:40,380 - root - INFO - Converting data/preparation/corpus/en/retokenized/sophoclesplaysa05campgoog_0100.xmi into data/preparation/corpus/en/tsv/sophoclesplaysa05campgoog_0100.tsv
2022-03-04 10:59:40,555 - root - INFO - Hyphenation – Removed character - from παί-παλά => παίπαλά
2022-03-04 10:59:40,561 - root - INFO - Hyphenation – Removed character - from my-self => myself
2022-03-04 10:59:40,564 - root - INFO - Hyphenation – Removed character - from μυξω-τῆρσι => μυξωτῆρσι
2022-03-04 10:59:40,566 - root - INFO - Hyphenation – Removed character - from be-wildered. => bewildered.
2022-03-04 10:59:40,575 - root - INFO - Converting data/preparation/corpus/en/retokenized/sophoclesplaysa05campgoog_0101.xmi into data/preparation/corpus/en/tsv/sophoclesplaysa05campgoog_0101.tsv
2022-03-04 10:59:40,751 - root - INFO - Hyphenation – Removed character - from κυνη-γίαις, => κυνηγίαις,
2022-03-04 10:59:40,756 - root - INFO - Hyphenation – Removed character - from ‘ira-tional,’ => ‘irational,’
2022-03-04 10:59:40,757 - root - INFO - Hyphenation – Removed character - from calledλόγ-ιστοι, => calledλόγιστοι,
2022-03-04 10:59:40,758 - root - INFO - Hyphenation – Removed character - from Anaxi-menes => Anaximenes
2022-03-04 10:59:40,760 - root - INFO - Hyphenation – Removed character - from takeυσ-λόγιστον => takeυσλόγιστον
2022-03-04 10:59:40,761 - root - INFO - Hyphenation – Removed character - from unintel-ligible => unintelligible
2022-03-04 10:59:40,763 - root - INFO - Hyphenation – Removed character - from in-stead => instead
2022-03-04 10:59:40,763 - root - INFO - Hyphenation – Removed character - from Λαβ-δακείῳ => Λαβδακείῳ
2022-03-04 10:59:40,769 - root - INFO - Converting data/preparation/corpus/en/retokenized/sophoclesplaysa05campgoog_0102.xmi into data/preparation/corpus/en/tsv/sophoclesplaysa05campgoog_0102.tsv
2022-03-04 10:59:40,950 - root - INFO - Hyphenation – Removed character - from Ἀρ-γεέοις: => Ἀργεέοις:
2022-03-04 10:59:40,954 - root - INFO - Hyphenation – Removed character - from de-note => denote
2022-03-04 10:59:40,958 - root - INFO - Hyphenation – Removed character - from παρα-στᾶσ’. => παραστᾶσ’.
2022-03-04 10:59:40,959 - root - INFO - Hyphenation – Removed character - from tent-doors => tentdoors
2022-03-04 10:59:40,963 - root - INFO - Hyphenation – Removed character - from re-forring => reforring
2022-03-04 10:59:40,964 - root - INFO - Hyphenation – Removed character - from στρα-τηγίσιν, => στρατηγίσιν,
2022-03-04 10:59:40,965 - root - INFO - Hyphenation – Removed character - from inter-rosative => interrosative
2022-03-04 10:59:40,968 - root - INFO - Hyphenation – Removed character - from 85.υσ-φόρους, => 85.υσφόρους,
2022-03-04 10:59:40,969 - root - INFO - Hyphenation – Removed character - from δύσ-φορὸν => δύσφορὸν
2022-03-04 10:59:40,973 - root - INFO - Converting data/preparation/corpus/en/retokenized/sophoclesplaysa05campgoog_0103.xmi into data/preparation/corpus/en/tsv/sophoclesplaysa05campgoog_0103.tsv
2022-03-04 10:59:41,141 - root - INFO - Hyphenation – Removed character - from γνώ-μὰς; => γνώμὰς;
2022-03-04 10:59:41,143 - root - INFO - Hyphenation – Removed character - from punctua-lion => punctualion
2022-03-04 10:59:41,143 - root - INFO - Hyphenation – Removed character - from vengeance,’—where-as, => vengeance,’—whereas,
2022-03-04 10:59:41,148 - root - INFO - Hyphenation – Removed character - from καρ-δίας => καρδίας
2022-03-04 10:59:41,152 - root - INFO - Converting data/preparation/corpus/en/retokenized/sophoclesplaysa05campgoog_0104.xmi into data/preparation/corpus/en/tsv/sophoclesplaysa05campgoog_0104.tsv
2022-03-04 10:59:41,309 - root - INFO - Hyphenation – Removed character - from be-cause => because
2022-03-04 10:59:41,310 - root - INFO - Hyphenation – Removed character - from mainten-auce. => maintenauce.
2022-03-04 10:59:41,311 - root - INFO - Hyphenation – Removed character - from ἀεatb-wound” => ἀεatbwound”
2022-03-04 10:59:41,314 - root - INFO - Hyphenation – Removed character - from con-tests => contests
2022-03-04 10:59:41,321 - root - INFO - Hyphenation – Removed character - from Ἐρινύωντυ-νον => Ἐρινύωντυνον
2022-03-04 10:59:41,322 - root - INFO - Hyphenation – Removed character - from asyn-delon => asyndelon
2022-03-04 10:59:41,322 - root - INFO - Hyphenation – Removed character - from god-dees. => goddees.
2022-03-04 10:59:41,323 - root - INFO - Hyphenation – Removed character - from vehe-monce => vehemonce
2022-03-04 10:59:41,327 - root - INFO - Converting data/preparation/corpus/en/retokenized/sophoclesplaysa05campgoog_0105.xmi into data/preparation/corpus/en/tsv/sophoclesplaysa05campgoog_0105.tsv
2022-03-04 10:59:41,510 - root - INFO - Hyphenation – Removed character - from com-bination => combination
2022-03-04 10:59:41,513 - root - INFO - Hyphenation – Removed character - from alle-viation, => alleviation,
2022-03-04 10:59:41,516 - root - INFO - Hyphenation – Removed character - from δαί-μῶν => δαίμῶν
2022-03-04 10:59:41,518 - root - INFO - Hyphenation – Removed character - from my-nef => mynef
2022-03-04 10:59:41,520 - root - INFO - Hyphenation – Removed character - from allow-ing => allowing
2022-03-04 10:59:41,524 - root - INFO - Hyphenation – Removed character - from appre-head => apprehead
2022-03-04 10:59:41,527 - root - INFO - Hyphenation – Removed character - from Ἀχιλ-λεύς: => Ἀχιλλεύς:
2022-03-04 10:59:41,529 - root - INFO - Hyphenation – Removed character - from ex-pecting => expecting
2022-03-04 10:59:41,535 - root - INFO - Converting data/preparation/corpus/en/retokenized/sophoclesplaysa05campgoog_0106.xmi into data/preparation/corpus/en/tsv/sophoclesplaysa05campgoog_0106.tsv
2022-03-04 10:59:41,711 - root - INFO - Hyphenation – Removed character - from im-pressive => impressive
2022-03-04 10:59:41,715 - root - INFO - Hyphenation – Removed character - from ἐπενθύ-νουτα, => ἐπενθύνουτα,
2022-03-04 10:59:41,715 - root - INFO - Hyphenation – Removed character - from bind-ing => binding
2022-03-04 10:59:41,725 - root - INFO - Hyphenation – Removed character - from ἀπι-στήσεις => ἀπιστήσεις
2022-03-04 10:59:41,729 - root - INFO - Converting data/preparation/corpus/en/retokenized/sophoclesplaysa05campgoog_0107.xmi into data/preparation/corpus/en/tsv/sophoclesplaysa05campgoog_0107.tsv
2022-03-04 10:59:41,933 - root - INFO - Hyphenation – Removed character - from Ap-pendix. => Appendix.
2022-03-04 10:59:41,934 - root - INFO - Hyphenation – Removed character - from κἀνά-σχέσθε => κἀνάσχέσθε
2022-03-04 10:59:41,935 - root - INFO - Hyphenation – Removed character - from δει-λίαν => δειλίαν
2022-03-04 10:59:41,936 - root - INFO - Hyphenation – Removed character - from con-vinced) => convinced)
2022-03-04 10:59:41,946 - root - INFO - Converting data/preparation/corpus/en/retokenized/sophoclesplaysa05campgoog_0108.xmi into data/preparation/corpus/en/tsv/sophoclesplaysa05campgoog_0108.tsv
2022-03-04 10:59:42,118 - root - INFO - Hyphenation – Removed character - from for-Sxsg-Ges-Es => forSxsgGesEs
2022-03-04 10:59:42,121 - root - INFO - Hyphenation – Removed character - from γέ-νοιτο => γένοιτο
2022-03-04 10:59:42,124 - root - INFO - Hyphenation – Removed character - from gene-ralising => generalising
2022-03-04 10:59:42,125 - root - INFO - Hyphenation – Removed character - from (αὐ-τοῦ), => (αὐτοῦ),
2022-03-04 10:59:42,133 - root - INFO - Hyphenation – Removed character - from Hom-eric => Homeric
2022-03-04 10:59:42,136 - root - INFO - Converting data/preparation/corpus/en/retokenized/sophoclesplaysa05campgoog_0146.xmi into data/preparation/corpus/en/tsv/sophoclesplaysa05campgoog_0146.tsv
2022-03-04 10:59:42,310 - root - ERROR - Transcript for entity 257. 1075 is present in data/preparation/corpus/en/retokenized/sophoclesplaysa05campgoog_0146.xmi, yet entity is not marked as noisy. Levenshtein distance is computed nevertheless.
2022-03-04 10:59:42,310 - root - ERROR - Transcript for entity Philostratus ( Viz. Apoll. Δ. 22 § 5) is present in data/preparation/corpus/en/retokenized/sophoclesplaysa05campgoog_0146.xmi, yet entity is not marked as noisy. Levenshtein distance is computed nevertheless.
2022-03-04 10:59:42,313 - root - INFO - Hyphenation – Removed character - from xpé-vov) => xpévov)
2022-03-04 10:59:42,313 - root - INFO - Hyphenation – Removed character - from how-ever, => however,
2022-03-04 10:59:42,318 - root - INFO - Hyphenation – Removed character - from per-son, => person,
2022-03-04 10:59:42,325 - root - INFO - Hyphenation – Removed character - from διοί-yew => διοίyew
2022-03-04 10:59:42,329 - root - INFO - Converting data/preparation/corpus/en/retokenized/sophoclesplaysa05campgoog_0147.xmi into data/preparation/corpus/en/tsv/sophoclesplaysa05campgoog_0147.tsv
2022-03-04 10:59:42,503 - root - ERROR - Transcript for entity P. . is present in data/preparation/corpus/en/retokenized/sophoclesplaysa05campgoog_0147.xmi, yet entity is not marked as noisy. Levenshtein distance is computed nevertheless.
2022-03-04 10:59:42,504 - root - ERROR - Transcript for entity Aci. is present in data/preparation/corpus/en/retokenized/sophoclesplaysa05campgoog_0147.xmi, yet entity is not marked as noisy. Levenshtein distance is computed nevertheless.
2022-03-04 10:59:42,508 - root - INFO - Hyphenation – Removed character - from pre-decessor. => predecessor.
2022-03-04 10:59:42,518 - root - INFO - Hyphenation – Removed character - from κυκλ-οὗτοι => κυκλοὗτοι
2022-03-04 10:59:42,520 - root - INFO - Hyphenation – Removed character - from doubt-less => doubtless
2022-03-04 10:59:42,522 - root - INFO - Hyphenation – Removed character - from πέμ-πων => πέμπων
2022-03-04 10:59:42,528 - root - INFO - Converting data/preparation/corpus/en/retokenized/sophoclesplaysa05campgoog_0168.xmi into data/preparation/corpus/en/tsv/sophoclesplaysa05campgoog_0168.tsv
2022-03-04 10:59:42,694 - root - INFO - Hyphenation – Removed character - from tri-meters; => trimeters;
2022-03-04 10:59:42,702 - root - INFO - Hyphenation – Removed character - from fore-bodes => forebodes
2022-03-04 10:59:42,703 - root - INFO - Hyphenation – Removed character - from ἀμφε-μάχοντο.’πικρὸν => ἀμφεμάχοντο.’πικρὸν
2022-03-04 10:59:42,703 - root - INFO - Hyphenation – Removed character - from de-scribes => describes
2022-03-04 10:59:42,713 - root - INFO - Converting data/preparation/corpus/en/retokenized/sophoclesplaysa05campgoog_0288.xmi into data/preparation/corpus/en/tsv/sophoclesplaysa05campgoog_0288.tsv
2022-03-04 10:59:42,862 - root - INFO - Hyphenation – Removed character - from re-corded => recorded
2022-03-04 10:59:42,864 - root - INFO - Hyphenation – Removed character - from ξυν-ηρετεῖν => ξυνηρετεῖν
2022-03-04 10:59:42,866 - root - INFO - Hyphenation – Removed character - from ξυνηρε-Toes: => ξυνηρεToes:
2022-03-04 10:59:42,867 - root - INFO - Hyphenation – Removed character - from συῤνγ-ἥσεις => συῤνγἥσεις
2022-03-04 10:59:42,868 - root - INFO - Hyphenation – Removed character - from ξυναρτί-oes.) => ξυναρτίoes.)
2022-03-04 10:59:42,868 - root - INFO - Hyphenation – Removed character - from ξύμ-πλουν => ξύμπλουν
2022-03-04 10:59:42,869 - root - INFO - Hyphenation – Removed character - from ellipti-cal => elliptical
2022-03-04 10:59:42,874 - root - INFO - Hyphenation – Removed character - from *vio-lence’ => *violence’
2022-03-04 10:59:42,880 - root - INFO - Converting data/preparation/corpus/en/retokenized/sophoclesplaysa05campgoog_0291.xmi into data/preparation/corpus/en/tsv/sophoclesplaysa05campgoog_0291.tsv
2022-03-04 10:59:43,042 - root - INFO - Hyphenation – Removed character - from Aga-memnon’s => Agamemnon’s
2022-03-04 10:59:43,044 - root - INFO - Hyphenation – Removed character - from intelli-gible, => intelligible,
2022-03-04 10:59:43,046 - root - INFO - Hyphenation – Removed character - from pre-sumably => presumably
2022-03-04 10:59:43,048 - root - INFO - Hyphenation – Removed character - from indi-cates => indicates
2022-03-04 10:59:43,052 - root - INFO - Conversion completed.
