2022-03-09 12:05:56,539 - root - INFO - Start conversion of 106 files.
2022-03-09 12:05:56,589 - root - INFO - Converting data/preparation/corpus/de/retokenized/Wecklein1894_0006.xmi into data/preparation/corpus/de/tsv/Wecklein1894_0006.tsv
2022-03-09 12:05:57,101 - root - INFO - Hyphenation – Removed character - from Ehren-preiſes => Ehrenpreiſes
2022-03-09 12:05:57,105 - root - INFO - Hyphenation – Removed character - from Ver-derben => Verderben
2022-03-09 12:05:57,108 - root - INFO - Hyphenation – Removed character - from ver-meſſene => vermeſſene
2022-03-09 12:05:57,114 - root - INFO - Converting data/preparation/corpus/de/retokenized/Wecklein1894_0007.xmi into data/preparation/corpus/de/tsv/Wecklein1894_0007.tsv
2022-03-09 12:05:57,751 - root - INFO - Hyphenation – Removed character — from Be—deutung => Bedeutung
2022-03-09 12:05:57,753 - root - INFO - Hyphenation – Removed character — from menſch—lichen => menſchlichen
2022-03-09 12:05:57,755 - root - INFO - Hyphenation – Removed character — from liebens—würdige => liebenswürdige
2022-03-09 12:05:57,756 - root - INFO - Hyphenation – Removed character — from Freund—ſchaft => Freundſchaft
2022-03-09 12:05:57,767 - root - INFO - Hyphenation – Removed character - from ge-kränkte => gekränkte
2022-03-09 12:05:57,780 - root - INFO - Converting data/preparation/corpus/de/retokenized/Wecklein1894_0008.xmi into data/preparation/corpus/de/tsv/Wecklein1894_0008.tsv
2022-03-09 12:05:58,381 - root - INFO - Hyphenation – Removed character - from Auf-gabe => Aufgabe
2022-03-09 12:05:58,410 - root - INFO - Converting data/preparation/corpus/de/retokenized/Wecklein1894_0015.xmi into data/preparation/corpus/de/tsv/Wecklein1894_0015.tsv
2022-03-09 12:05:58,869 - root - INFO - Converting data/preparation/corpus/de/retokenized/Wecklein1894_0016.xmi into data/preparation/corpus/de/tsv/Wecklein1894_0016.tsv
2022-03-09 12:05:59,198 - root - INFO - Hyphenation – Removed character - from ge-rühmt. => gerühmt.
2022-03-09 12:05:59,204 - root - INFO - Hyphenation – Removed character - from be-tont => betont
2022-03-09 12:05:59,205 - root - INFO - Hyphenation – Removed character - from er-kenne => erkenne
2022-03-09 12:05:59,209 - root - INFO - Hyphenation – Removed character - from ξυναο-πάζω => ξυναοπάζω
2022-03-09 12:05:59,211 - root - INFO - Hyphenation – Removed character - from er-ſchütternde => erſchütternde
2022-03-09 12:05:59,212 - root - INFO - Hyphenation – Removed character - from ver-glichen => verglichen
2022-03-09 12:05:59,215 - root - INFO - Hyphenation – Removed character - from (κπώ-dr => (κπώdr
2022-03-09 12:05:59,219 - root - INFO - Hyphenation – Removed character - from δισ-μενεῖ => δισμενεῖ
2022-03-09 12:05:59,226 - root - INFO - Converting data/preparation/corpus/de/retokenized/Wecklein1894_0017.xmi into data/preparation/corpus/de/tsv/Wecklein1894_0017.tsv
2022-03-09 12:05:59,611 - root - INFO - Hyphenation – Removed character - from Umſchrei-bung => Umſchreibung
2022-03-09 12:05:59,620 - root - INFO - Hyphenation – Removed character — from lau—fen) => laufen)
2022-03-09 12:05:59,629 - root - INFO - Converting data/preparation/corpus/de/retokenized/Wecklein1894_0018.xmi into data/preparation/corpus/de/tsv/Wecklein1894_0018.tsv
2022-03-09 12:05:59,968 - root - INFO - Hyphenation – Removed character — from ge—richtet. => gerichtet.
2022-03-09 12:05:59,971 - root - INFO - Hyphenation – Removed character - from δισσοστοατη-γίσιν => δισσοστοατηγίσιν
2022-03-09 12:05:59,972 - root - INFO - Hyphenation – Removed character - from λειμωνιά-des => λειμωνιάdes
2022-03-09 12:05:59,972 - root - INFO - Hyphenation – Removed character - from δυσηό-vovs => δυσηόvovs
2022-03-09 12:05:59,978 - root - INFO - Converting data/preparation/corpus/de/retokenized/Wecklein1894_0019.xmi into data/preparation/corpus/de/tsv/Wecklein1894_0019.tsv
2022-03-09 12:06:00,317 - root - INFO - Hyphenation – Removed character - from πολύ-zeomr => πολύzeomr
2022-03-09 12:06:00,319 - root - INFO - Hyphenation – Removed character — from her—bewegend => herbewegend
2022-03-09 12:06:00,320 - root - INFO - Hyphenation – Removed character - from τετοα-σκελῆ => τετοασκελῆ
2022-03-09 12:06:00,328 - root - INFO - Hyphenation – Removed character - from Ἔοι-γύων => Ἔοιγύων
2022-03-09 12:06:00,330 - root - INFO - Hyphenation – Removed character — from Iro—niſche. => Ironiſche.
2022-03-09 12:06:00,338 - root - INFO - Converting data/preparation/corpus/de/retokenized/Wecklein1894_0020.xmi into data/preparation/corpus/de/tsv/Wecklein1894_0020.tsv
2022-03-09 12:06:00,700 - root - INFO - Converting data/preparation/corpus/de/retokenized/Wecklein1894_0021.xmi into data/preparation/corpus/de/tsv/Wecklein1894_0021.tsv
2022-03-09 12:06:01,007 - root - INFO - Converting data/preparation/corpus/de/retokenized/Wecklein1894_0022.xmi into data/preparation/corpus/de/tsv/Wecklein1894_0022.tsv
2022-03-09 12:06:01,417 - root - INFO - Hyphenation – Removed character - from Ne-benform => Nebenform
2022-03-09 12:06:01,421 - root - INFO - Hyphenation – Removed character - from ἕστη-κεν). => ἕστηκεν).
2022-03-09 12:06:01,422 - root - INFO - Hyphenation – Removed character - from (Aldy-τειος => (Aldyτειος
2022-03-09 12:06:01,425 - root - INFO - Hyphenation – Removed character - from pati-bulum, => patibulum,
2022-03-09 12:06:01,427 - root - INFO - Hyphenation – Removed character - from beſon-ders => beſonders
2022-03-09 12:06:01,433 - root - INFO - Converting data/preparation/corpus/de/retokenized/Wecklein1894_0023.xmi into data/preparation/corpus/de/tsv/Wecklein1894_0023.tsv
2022-03-09 12:06:01,711 - root - INFO - Hyphenation – Removed character - from ro5-μὸν => ro5μὸν
2022-03-09 12:06:01,715 - root - INFO - Hyphenation – Removed character — from des—ſelben. => desſelben.
2022-03-09 12:06:01,722 - root - INFO - Converting data/preparation/corpus/de/retokenized/Wecklein1894_0024.xmi into data/preparation/corpus/de/tsv/Wecklein1894_0024.tsv
2022-03-09 12:06:02,020 - root - INFO - Hyphenation – Removed character - from ud-καοὲς => udκαοὲς
2022-03-09 12:06:02,025 - root - INFO - Hyphenation – Removed character - from verſtum-men => verſtummen
2022-03-09 12:06:02,027 - root - INFO - Hyphenation – No hyphen detected in Ex=poſition
2022-03-09 12:06:02,028 - root - INFO - Hyphenation – Removed character - from Mo-ment => Moment
2022-03-09 12:06:02,034 - root - INFO - Hyphenation – Removed character - from (τοή-oor => (τοήoor
2022-03-09 12:06:02,040 - root - INFO - Converting data/preparation/corpus/de/retokenized/Wecklein1894_0025.xmi into data/preparation/corpus/de/tsv/Wecklein1894_0025.tsv
2022-03-09 12:06:02,586 - root - INFO - Hyphenation – Removed character - from [π-πομανῇ => [ππομανῇ
2022-03-09 12:06:02,588 - root - INFO - Hyphenation – Removed character - from Sub-jekt => Subjekt
2022-03-09 12:06:02,594 - root - INFO - Hyphenation – Removed character - from roß-ſchwärmende => roßſchwärmende
2022-03-09 12:06:02,598 - root - INFO - Hyphenation – Removed character - from δοοί-ληπτος => δοοίληπτος
2022-03-09 12:06:02,629 - root - INFO - Converting data/preparation/corpus/de/retokenized/Wecklein1894_0026.xmi into data/preparation/corpus/de/tsv/Wecklein1894_0026.tsv
2022-03-09 12:06:03,161 - root - INFO - Hyphenation – Removed character - from (Turm-ſchutz) => (Turmſchutz)
2022-03-09 12:06:03,164 - root - INFO - Hyphenation – Removed character - from Fort-ſchritt => Fortſchritt
2022-03-09 12:06:03,168 - root - INFO - Hyphenation – Removed character - from πτε-οωτοί => πτεοωτοί
2022-03-09 12:06:03,171 - root - INFO - Hyphenation – Removed character - from ἔπτα-Cov => ἔπταCov
2022-03-09 12:06:03,178 - root - INFO - Converting data/preparation/corpus/de/retokenized/Wecklein1894_0027.xmi into data/preparation/corpus/de/tsv/Wecklein1894_0027.tsv
2022-03-09 12:06:03,520 - root - INFO - Hyphenation – Removed character — from Atri—den => Atriden
2022-03-09 12:06:03,522 - root - INFO - Hyphenation – Removed character — from Fern—bleiben => Fernbleiben
2022-03-09 12:06:03,524 - root - INFO - Hyphenation – Removed character — from dar—geſtellt => dargeſtellt
2022-03-09 12:06:03,531 - root - INFO - Hyphenation – Removed character - from Ge-danken => Gedanken
2022-03-09 12:06:03,534 - root - INFO - Hyphenation – Removed character - from κλυ- => κλυ
2022-03-09 12:06:03,539 - root - INFO - Converting data/preparation/corpus/de/retokenized/Wecklein1894_0029.xmi into data/preparation/corpus/de/tsv/Wecklein1894_0029.tsv
2022-03-09 12:06:03,902 - root - INFO - Hyphenation – Removed character ⸗ from Krieger⸗chor => Kriegerchor
2022-03-09 12:06:03,916 - root - INFO - Converting data/preparation/corpus/de/retokenized/Wecklein1894_0030.xmi into data/preparation/corpus/de/tsv/Wecklein1894_0030.tsv
2022-03-09 12:06:04,285 - root - INFO - Hyphenation – Removed character - from Dar-legung => Darlegung
2022-03-09 12:06:04,288 - root - INFO - Hyphenation – Removed character — from Selbſt—mordgedanke => Selbſtmordgedanke
2022-03-09 12:06:04,293 - root - INFO - Hyphenation – Removed character - from ἐπιμε-ληταί, => ἐπιμεληταί,
2022-03-09 12:06:04,296 - root - INFO - Hyphenation – Removed character - from γη-γενέος) => γηγενέος)
2022-03-09 12:06:04,298 - root - INFO - Hyphenation – Removed character — from Athe—ner => Athener
2022-03-09 12:06:04,300 - root - INFO - Hyphenation – Removed character - from Abſtam-mung => Abſtammung
2022-03-09 12:06:04,305 - root - INFO - Hyphenation – Removed character — from durch—einanderwirft, => durcheinanderwirft,
2022-03-09 12:06:04,306 - root - INFO - Hyphenation – Removed character — from Meeres—fläche => Meeresfläche
2022-03-09 12:06:04,317 - root - INFO - Converting data/preparation/corpus/de/retokenized/Wecklein1894_0031.xmi into data/preparation/corpus/de/tsv/Wecklein1894_0031.tsv
2022-03-09 12:06:04,659 - root - INFO - Hyphenation – Removed character - from ὑπεί-ποις, => ὑπείποις,
2022-03-09 12:06:04,660 - root - INFO - Hyphenation – Removed character ⸗ from Beſtim⸗mung => Beſtimmung
2022-03-09 12:06:04,663 - root - INFO - Hyphenation – Removed character ⸗ from zuſammen⸗geſetzte => zuſammengeſetzte
2022-03-09 12:06:04,663 - root - INFO - Hyphenation – Removed character — from Auf—regung => Aufregung
2022-03-09 12:06:04,670 - root - INFO - Converting data/preparation/corpus/de/retokenized/Wecklein1894_0032.xmi into data/preparation/corpus/de/tsv/Wecklein1894_0032.tsv
2022-03-09 12:06:04,963 - root - INFO - Hyphenation – Removed character - from (ker-vidus, => (kervidus,
2022-03-09 12:06:04,974 - root - INFO - Hyphenation – Removed character - from kollek-tiven => kollektiven
2022-03-09 12:06:04,975 - root - INFO - Hyphenation – Removed character - from wahr-ſcheinlich => wahrſcheinlich
2022-03-09 12:06:04,981 - root - INFO - Converting data/preparation/corpus/de/retokenized/Wecklein1894_0033.xmi into data/preparation/corpus/de/tsv/Wecklein1894_0033.tsv
2022-03-09 12:06:05,561 - root - INFO - Hyphenation – Removed character - from tra-giſchen => tragiſchen
2022-03-09 12:06:05,565 - root - INFO - Hyphenation – Removed character — from gewal—tigen => gewaltigen
2022-03-09 12:06:05,575 - root - INFO - Converting data/preparation/corpus/de/retokenized/Wecklein1894_0034.xmi into data/preparation/corpus/de/tsv/Wecklein1894_0034.tsv
2022-03-09 12:06:06,059 - root - INFO - Hyphenation – Removed character - from verſchul-det => verſchuldet
2022-03-09 12:06:06,062 - root - INFO - Hyphenation – Removed character - from wür-digen => würdigen
2022-03-09 12:06:06,062 - root - INFO - Hyphenation – Removed character — from Dich—tern => Dichtern
2022-03-09 12:06:06,064 - root - INFO - Hyphenation – Removed character - from λυ-πεῖσϑαι => λυπεῖσϑαι
2022-03-09 12:06:06,065 - root - INFO - Hyphenation – Removed character - from vo-σοῦντος, => voσοῦντος,
2022-03-09 12:06:06,071 - root - INFO - Converting data/preparation/corpus/de/retokenized/Wecklein1894_0035.xmi into data/preparation/corpus/de/tsv/Wecklein1894_0035.tsv
2022-03-09 12:06:06,534 - root - INFO - Hyphenation – Removed character - from γι-γνώσκειν, => γιγνώσκειν,
2022-03-09 12:06:06,536 - root - INFO - Hyphenation – Removed character - from γι-γνῶσκε => γιγνῶσκε
2022-03-09 12:06:06,539 - root - INFO - Hyphenation – Removed character - from ab-hängig. => abhängig.
2022-03-09 12:06:06,543 - root - INFO - Hyphenation – Removed character — from ge—legenſte => gelegenſte
2022-03-09 12:06:06,543 - root - INFO - Hyphenation – Removed character - from cubi-cula => cubicula
2022-03-09 12:06:06,546 - root - INFO - Hyphenation – Removed character - from („zwed-loſe“) => („zwedloſe“)
2022-03-09 12:06:06,553 - root - INFO - Converting data/preparation/corpus/de/retokenized/Wecklein1894_0036.xmi into data/preparation/corpus/de/tsv/Wecklein1894_0036.tsv
2022-03-09 12:06:06,830 - root - ERROR - Transcript for entity Καὶ 385 is present in data/preparation/corpus/de/retokenized/Wecklein1894_0036.xmi, yet entity is not marked as noisy. Levenshtein distance is computed nevertheless.
2022-03-09 12:06:06,842 - root - INFO - Hyphenation – Removed character - from ro-Supinato => roSupinato
2022-03-09 12:06:06,845 - root - INFO - Hyphenation – Removed character - from ab-hängig. => abhängig.
2022-03-09 12:06:06,854 - root - INFO - Converting data/preparation/corpus/de/retokenized/Wecklein1894_0037.xmi into data/preparation/corpus/de/tsv/Wecklein1894_0037.tsv
2022-03-09 12:06:07,149 - root - INFO - Hyphenation – Removed character ⸗ from vor⸗zugsweiſe => vorzugsweiſe
2022-03-09 12:06:07,151 - root - INFO - Hyphenation – Removed character ⸗ from (Leichentrüm⸗mer) => (Leichentrümmer)
2022-03-09 12:06:07,154 - root - INFO - Hyphenation – Removed character — from vorzugs—weiſe => vorzugsweiſe
2022-03-09 12:06:07,156 - root - INFO - Hyphenation – Removed character ⸗ from obli⸗quer => obliquer
2022-03-09 12:06:07,157 - root - INFO - Hyphenation – Removed character - from de-Seribit => deSeribit
2022-03-09 12:06:07,159 - root - INFO - Hyphenation – Removed character - from affli-xerit, => afflixerit,
2022-03-09 12:06:07,159 - root - INFO - Hyphenation – Removed character - from kenn-zeichnet => kennzeichnet
2022-03-09 12:06:07,162 - root - INFO - Hyphenation – Removed character - from be-drückten => bedrückten
2022-03-09 12:06:07,164 - root - INFO - Hyphenation – Removed character — from die—ſem => dieſem
2022-03-09 12:06:07,169 - root - INFO - Converting data/preparation/corpus/de/retokenized/Wecklein1894_0038.xmi into data/preparation/corpus/de/tsv/Wecklein1894_0038.tsv
2022-03-09 12:06:07,488 - root - INFO - Hyphenation – Removed character — from Sub—ſtantiv => Subſtantiv
2022-03-09 12:06:07,489 - root - INFO - Hyphenation – Removed character - from ἀσπί-δων, => ἀσπίδων,
2022-03-09 12:06:07,490 - root - INFO - Hyphenation – Removed character — from Ob—jekts. => Objekts.
2022-03-09 12:06:07,497 - root - INFO - Hyphenation – Removed character — from Zu—ſchauern. => Zuſchauern.
2022-03-09 12:06:07,506 - root - INFO - Hyphenation – Removed character — from Gemüts—zuſtand => Gemütszuſtand
2022-03-09 12:06:07,511 - root - INFO - Converting data/preparation/corpus/de/retokenized/Wecklein1894_0039.xmi into data/preparation/corpus/de/tsv/Wecklein1894_0039.tsv
2022-03-09 12:06:07,980 - root - INFO - Hyphenation – Removed character - from Gegen-wart => Gegenwart
2022-03-09 12:06:07,983 - root - INFO - Hyphenation – Removed character - from bei-ſeite => beiſeite
2022-03-09 12:06:07,986 - root - INFO - Hyphenation – Removed character - from ἀπολλυ-μένου => ἀπολλυμένου
2022-03-09 12:06:07,990 - root - INFO - Hyphenation – Removed character - from καϑή-μενος. => καϑήμενος.
2022-03-09 12:06:07,996 - root - INFO - Converting data/preparation/corpus/de/retokenized/Wecklein1894_0040.xmi into data/preparation/corpus/de/tsv/Wecklein1894_0040.tsv
2022-03-09 12:06:08,273 - root - INFO - Hyphenation – Removed character - from ἀφοον-τίστως => ἀφοοντίστως
2022-03-09 12:06:08,275 - root - INFO - Hyphenation – Removed character - from ἀοω-γός, => ἀοωγός,
2022-03-09 12:06:08,279 - root - INFO - Converting data/preparation/corpus/de/retokenized/Wecklein1894_0041.xmi into data/preparation/corpus/de/tsv/Wecklein1894_0041.tsv
2022-03-09 12:06:08,548 - root - INFO - Hyphenation – Removed character - from πημιο-γὴν => πημιογὴν
2022-03-09 12:06:08,550 - root - INFO - Hyphenation – Removed character - from ποιμ-γίοις). => ποιμγίοις).
2022-03-09 12:06:08,563 - root - INFO - Converting data/preparation/corpus/de/retokenized/Wecklein1894_0042.xmi into data/preparation/corpus/de/tsv/Wecklein1894_0042.tsv
2022-03-09 12:06:08,806 - root - INFO - Hyphenation – Removed character — from er—klärt => erklärt
2022-03-09 12:06:08,815 - root - INFO - Converting data/preparation/corpus/de/retokenized/Wecklein1894_0043.xmi into data/preparation/corpus/de/tsv/Wecklein1894_0043.tsv
2022-03-09 12:06:09,167 - root - INFO - Hyphenation – Removed character - from δικρα-reis => δικραreis
2022-03-09 12:06:09,173 - root - INFO - Converting data/preparation/corpus/de/retokenized/Wecklein1894_0044.xmi into data/preparation/corpus/de/tsv/Wecklein1894_0044.tsv
2022-03-09 12:06:09,418 - root - INFO - Hyphenation – Removed character - from wieder-holt => wiederholt
2022-03-09 12:06:09,427 - root - INFO - Converting data/preparation/corpus/de/retokenized/Wecklein1894_0045.xmi into data/preparation/corpus/de/tsv/Wecklein1894_0045.tsv
2022-03-09 12:06:09,697 - root - INFO - Converting data/preparation/corpus/de/retokenized/Wecklein1894_0046.xmi into data/preparation/corpus/de/tsv/Wecklein1894_0046.tsv
2022-03-09 12:06:09,980 - root - INFO - Hyphenation – Removed character - from ge-läufigen => geläufigen
2022-03-09 12:06:09,989 - root - INFO - Converting data/preparation/corpus/de/retokenized/Wecklein1894_0047.xmi into data/preparation/corpus/de/tsv/Wecklein1894_0047.tsv
2022-03-09 12:06:10,210 - root - INFO - Hyphenation – Removed character - from Helden-thaten. => Heldenthaten.
2022-03-09 12:06:10,211 - root - INFO - Hyphenation – Removed character — from Urteils—ſprüchen => Urteilsſprüchen
2022-03-09 12:06:10,218 - root - INFO - Converting data/preparation/corpus/de/retokenized/Wecklein1894_0048.xmi into data/preparation/corpus/de/tsv/Wecklein1894_0048.tsv
2022-03-09 12:06:10,476 - root - INFO - Hyphenation – Removed character ⸗ from Voraus⸗gehenden => Vorausgehenden
2022-03-09 12:06:10,480 - root - INFO - Hyphenation – No hyphen detected in θεῖςgenommen
2022-03-09 12:06:10,485 - root - INFO - Converting data/preparation/corpus/de/retokenized/Wecklein1894_0049.xmi into data/preparation/corpus/de/tsv/Wecklein1894_0049.tsv
2022-03-09 12:06:10,737 - root - INFO - Hyphenation – Removed character - from Be-achtung => Beachtung
2022-03-09 12:06:10,749 - root - INFO - Converting data/preparation/corpus/de/retokenized/Wecklein1894_0050.xmi into data/preparation/corpus/de/tsv/Wecklein1894_0050.tsv
2022-03-09 12:06:11,020 - root - ERROR - Transcript for entity Od. is present in data/preparation/corpus/de/retokenized/Wecklein1894_0050.xmi, yet entity is not marked as noisy. Levenshtein distance is computed nevertheless.
2022-03-09 12:06:11,026 - root - INFO - Hyphenation – Removed character — from Aus—druck => Ausdruck
2022-03-09 12:06:11,027 - root - INFO - Hyphenation – Removed character - from empfind-licher => empfindlicher
2022-03-09 12:06:11,030 - root - INFO - Hyphenation – Removed character - from ge-mildert => gemildert
2022-03-09 12:06:11,033 - root - INFO - Hyphenation – Removed character - from Ver-hängnis. => Verhängnis.
2022-03-09 12:06:11,034 - root - INFO - Hyphenation – Removed character — from Schick—ſals => Schickſals
2022-03-09 12:06:11,040 - root - INFO - Converting data/preparation/corpus/de/retokenized/Wecklein1894_0051.xmi into data/preparation/corpus/de/tsv/Wecklein1894_0051.tsv
2022-03-09 12:06:11,267 - root - INFO - Hyphenation – Removed character - from unter-geordnet. => untergeordnet.
2022-03-09 12:06:11,281 - root - INFO - Converting data/preparation/corpus/de/retokenized/Wecklein1894_0052.xmi into data/preparation/corpus/de/tsv/Wecklein1894_0052.tsv
2022-03-09 12:06:11,616 - root - ERROR - Transcript for entity 1 8 48, 13, 10 is present in data/preparation/corpus/de/retokenized/Wecklein1894_0052.xmi, yet entity is not marked as noisy. Levenshtein distance is computed nevertheless.
2022-03-09 12:06:11,636 - root - INFO - Converting data/preparation/corpus/de/retokenized/Wecklein1894_0053.xmi into data/preparation/corpus/de/tsv/Wecklein1894_0053.tsv
2022-03-09 12:06:11,926 - root - INFO - Converting data/preparation/corpus/de/retokenized/Wecklein1894_0054.xmi into data/preparation/corpus/de/tsv/Wecklein1894_0054.tsv
2022-03-09 12:06:12,226 - root - INFO - Hyphenation – Removed character ⸗ from zuſammen⸗geſeßten => zuſammengeſeßten
2022-03-09 12:06:12,243 - root - INFO - Converting data/preparation/corpus/de/retokenized/Wecklein1894_0055.xmi into data/preparation/corpus/de/tsv/Wecklein1894_0055.tsv
2022-03-09 12:06:12,577 - root - INFO - Hyphenation – Removed character - from vor-ſchweben. => vorſchweben.
2022-03-09 12:06:12,580 - root - INFO - Hyphenation – Removed character - from ἕπτα-βόειον => ἕπταβόειον
2022-03-09 12:06:12,581 - root - INFO - Hyphenation – Removed character ⸗ from ge⸗bildet. => gebildet.
2022-03-09 12:06:12,585 - root - INFO - Hyphenation – Removed character - from (φιλοικτίο-μονὴ => (φιλοικτίομονὴ
2022-03-09 12:06:12,596 - root - INFO - Converting data/preparation/corpus/de/retokenized/Wecklein1894_0056.xmi into data/preparation/corpus/de/tsv/Wecklein1894_0056.tsv
2022-03-09 12:06:12,852 - root - INFO - Hyphenation – Removed character — from Augen—blicke => Augenblicke
2022-03-09 12:06:12,853 - root - INFO - Hyphenation – Removed character ⸗ from Sinnes⸗art => Sinnesart
2022-03-09 12:06:12,861 - root - INFO - Converting data/preparation/corpus/de/retokenized/Wecklein1894_0057.xmi into data/preparation/corpus/de/tsv/Wecklein1894_0057.tsv
2022-03-09 12:06:13,183 - root - INFO - Hyphenation – Removed character - from πο-λὺς => πολὺς
2022-03-09 12:06:13,189 - root - INFO - Hyphenation – Removed character - from ἀνά-οιϑμος => ἀνάοιϑμος
2022-03-09 12:06:13,190 - root - INFO - Hyphenation – Removed character - from βου-σίν, => βουσίν,
2022-03-09 12:06:13,192 - root - INFO - Hyphenation – Removed character - from τρυχόμε-γος => τρυχόμεγος
2022-03-09 12:06:13,194 - root - INFO - Hyphenation – Removed character - from τιϑεῖ-σαι => τιϑεῖσαι
2022-03-09 12:06:13,199 - root - INFO - Hyphenation – Removed character ⸗ from wieder⸗ſiehſt“). => wiederſiehſt“).
2022-03-09 12:06:13,206 - root - INFO - Converting data/preparation/corpus/de/retokenized/Wecklein1894_0058.xmi into data/preparation/corpus/de/tsv/Wecklein1894_0058.tsv
2022-03-09 12:06:13,454 - root - INFO - Hyphenation – Removed character - from σύνε-στιν. => σύνεστιν.
2022-03-09 12:06:13,456 - root - INFO - Hyphenation – Removed character - from Re-lation) => Relation)
2022-03-09 12:06:13,456 - root - INFO - Hyphenation – Removed character — from abſchweifen—den => abſchweifenden
2022-03-09 12:06:13,460 - root - INFO - Hyphenation – Removed character ⸗ from be⸗deutet => bedeutet
2022-03-09 12:06:13,465 - root - INFO - Converting data/preparation/corpus/de/retokenized/Wecklein1894_0059.xmi into data/preparation/corpus/de/tsv/Wecklein1894_0059.tsv
2022-03-09 12:06:13,743 - root - ERROR - Transcript for entity Od. T. is present in data/preparation/corpus/de/retokenized/Wecklein1894_0059.xmi, yet entity is not marked as noisy. Levenshtein distance is computed nevertheless.
2022-03-09 12:06:13,750 - root - INFO - Hyphenation – Removed character - from ἀπριγ-δόπληκτα => ἀπριγδόπληκτα
2022-03-09 12:06:13,759 - root - INFO - Converting data/preparation/corpus/de/retokenized/Wecklein1894_0060.xmi into data/preparation/corpus/de/tsv/Wecklein1894_0060.tsv
2022-03-09 12:06:14,032 - root - INFO - Hyphenation – Removed character - from (διο-γενής). => (διογενής).
2022-03-09 12:06:14,035 - root - INFO - Hyphenation – Removed character - from Hinter-liſt, => Hinterliſt,
2022-03-09 12:06:14,039 - root - INFO - Hyphenation – Removed character — from unbe—grenzte => unbegrenzte
2022-03-09 12:06:14,041 - root - INFO - Hyphenation – Removed character ⸗ from Dich⸗ter => Dichter
2022-03-09 12:06:14,042 - root - INFO - Hyphenation – Removed character - from ἄελπ-τον => ἄελπτον
2022-03-09 12:06:14,045 - root - INFO - Hyphenation – Removed character - from δει-vos: => δειvos:
2022-03-09 12:06:14,050 - root - INFO - Converting data/preparation/corpus/de/retokenized/Wecklein1894_0061.xmi into data/preparation/corpus/de/tsv/Wecklein1894_0061.tsv
2022-03-09 12:06:14,309 - root - INFO - Hyphenation – Removed character - from καῦ-ἅπεο => καῦἅπεο
2022-03-09 12:06:14,320 - root - INFO - Hyphenation – Removed character - from τὰν-ϑοώπτων => τὰνϑοώπτων
2022-03-09 12:06:14,322 - root - INFO - Hyphenation – Removed character - from er-gibt => ergibt
2022-03-09 12:06:14,332 - root - INFO - Converting data/preparation/corpus/de/retokenized/Wecklein1894_0062.xmi into data/preparation/corpus/de/tsv/Wecklein1894_0062.tsv
2022-03-09 12:06:14,694 - root - INFO - Hyphenation – Removed character - from ἐκοί-uws => ἐκοίuws
2022-03-09 12:06:14,705 - root - INFO - Converting data/preparation/corpus/de/retokenized/Wecklein1894_0063.xmi into data/preparation/corpus/de/tsv/Wecklein1894_0063.tsv
2022-03-09 12:06:14,940 - root - INFO - Hyphenation – Removed character — from wor—nach => wornach
2022-03-09 12:06:14,942 - root - INFO - Hyphenation – Removed character — from Aus—führung => Ausführung
2022-03-09 12:06:14,943 - root - INFO - Hyphenation – Removed character ⸗ from Ge⸗währen => Gewähren
2022-03-09 12:06:14,944 - root - INFO - Hyphenation – Removed character — from Göt—tern => Göttern
2022-03-09 12:06:14,953 - root - INFO - Converting data/preparation/corpus/de/retokenized/Wecklein1894_0064.xmi into data/preparation/corpus/de/tsv/Wecklein1894_0064.tsv
2022-03-09 12:06:15,188 - root - INFO - Hyphenation – Removed character — from Trüb—ſinn. => Trübſinn.
2022-03-09 12:06:15,190 - root - INFO - Hyphenation – Removed character - from ἁλί-πλαγκτε => ἁλίπλαγκτε
2022-03-09 12:06:15,197 - root - INFO - Converting data/preparation/corpus/de/retokenized/Wecklein1894_0065.xmi into data/preparation/corpus/de/tsv/Wecklein1894_0065.tsv
2022-03-09 12:06:15,471 - root - INFO - Hyphenation – Removed character - from aö-roda, => aöroda,
2022-03-09 12:06:15,477 - root - INFO - Hyphenation – Removed character - from sup-petit) => suppetit)
2022-03-09 12:06:15,480 - root - INFO - Hyphenation – Removed character - from λα-ϑίπονος, => λαϑίπονος,
2022-03-09 12:06:15,481 - root - INFO - Hyphenation – Removed character - from hoch-heilig“ => hochheilig“
2022-03-09 12:06:15,486 - root - INFO - Converting data/preparation/corpus/de/retokenized/Wecklein1894_0080.xmi into data/preparation/corpus/de/tsv/Wecklein1894_0080.tsv
2022-03-09 12:06:15,734 - root - INFO - Hyphenation – Removed character ⸗ from Be⸗dürfnis => Bedürfnis
2022-03-09 12:06:15,739 - root - INFO - Hyphenation – Removed character - from ein-geſchloſſenen => eingeſchloſſenen
2022-03-09 12:06:15,740 - root - INFO - Hyphenation – Removed character — from Zuſammen—hang => Zuſammenhang
2022-03-09 12:06:15,749 - root - INFO - Converting data/preparation/corpus/de/retokenized/Wecklein1894_0082.xmi into data/preparation/corpus/de/tsv/Wecklein1894_0082.tsv
2022-03-09 12:06:15,976 - root - INFO - Converting data/preparation/corpus/de/retokenized/Wecklein1894_0087.xmi into data/preparation/corpus/de/tsv/Wecklein1894_0087.tsv
2022-03-09 12:06:16,221 - root - INFO - Hyphenation – Removed character — from Sopho—kles => Sophokles
2022-03-09 12:06:16,228 - root - INFO - Hyphenation – No hyphen detected in εἰπεſtellend,
2022-03-09 12:06:16,231 - root - INFO - Hyphenation – Removed character — from Gleich—mäßige => Gleichmäßige
2022-03-09 12:06:16,236 - root - INFO - Converting data/preparation/corpus/de/retokenized/Wecklein1894_0096.xmi into data/preparation/corpus/de/tsv/Wecklein1894_0096.tsv
2022-03-09 12:06:16,472 - root - INFO - Hyphenation – Removed character - from Gaid-haronisi) => Gaidharonisi)
2022-03-09 12:06:16,487 - root - INFO - Converting data/preparation/corpus/de/retokenized/sophokle1v3soph_0009.xmi into data/preparation/corpus/de/tsv/sophokle1v3soph_0009.tsv
2022-03-09 12:06:16,717 - root - INFO - Hyphenation – Removed character - from gebühren-den => gebührenden
2022-03-09 12:06:16,718 - root - INFO - Hyphenation – Removed character - from mög-lichst => möglichst
2022-03-09 12:06:16,718 - root - INFO - Hyphenation – Removed character - from Beden-ken => Bedenken
2022-03-09 12:06:16,719 - root - INFO - Hyphenation – Removed character - from im-mer => immer
2022-03-09 12:06:16,719 - root - INFO - Hyphenation – Removed character - from Errklärungs-künste, => Errklärungskünste,
2022-03-09 12:06:16,720 - root - INFO - Hyphenation – Removed character - from ver-schwendet => verschwendet
2022-03-09 12:06:16,721 - root - INFO - Hyphenation – Removed character - from ge-fälscht. => gefälscht.
2022-03-09 12:06:16,721 - root - INFO - Hyphenation – Removed character - from drin-gende, => dringende,
2022-03-09 12:06:16,723 - root - INFO - Hyphenation – Removed character - from hervor-treten, => hervortreten,
2022-03-09 12:06:16,724 - root - INFO - Hyphenation – Removed character - from Col-lationen => Collationen
2022-03-09 12:06:16,725 - root - INFO - Hyphenation – Removed character - from Stim-men => Stimmen
2022-03-09 12:06:16,729 - root - INFO - Converting data/preparation/corpus/de/retokenized/sophokle1v3soph_0010.xmi into data/preparation/corpus/de/tsv/sophokle1v3soph_0010.tsv
2022-03-09 12:06:17,063 - root - INFO - Hyphenation – Removed character - from vor-legen => vorlegen
2022-03-09 12:06:17,064 - root - INFO - Hyphenation – Removed character - from Herzens-sache, => Herzenssache,
2022-03-09 12:06:17,065 - root - INFO - Hyphenation – Removed character - from fleis-sigen => fleissigen
2022-03-09 12:06:17,066 - root - INFO - Hyphenation – Removed character - from Handwörter-bücher => Handwörterbücher
2022-03-09 12:06:17,066 - root - INFO - Hyphenation – Removed character - from An-merkung => Anmerkung
2022-03-09 12:06:17,068 - root - INFO - Hyphenation – Removed character - from andeu-tende, => andeutende,
2022-03-09 12:06:17,070 - root - INFO - Hyphenation – Removed character - from umge-kehrt. => umgekehrt.
2022-03-09 12:06:17,074 - root - INFO - Converting data/preparation/corpus/de/retokenized/sophokle1v3soph_0017.xmi into data/preparation/corpus/de/tsv/sophokle1v3soph_0017.tsv
2022-03-09 12:06:17,322 - root - INFO - Hyphenation – Removed character - from ungemes-senen => ungemessenen
2022-03-09 12:06:17,322 - root - INFO - Hyphenation – Removed character - from Sopho-kles => Sophokles
2022-03-09 12:06:17,324 - root - INFO - Hyphenation – Removed character - from nachhome-rischen => nachhomerischen
2022-03-09 12:06:17,325 - root - INFO - Hyphenation – Removed character - from ethi-sche => ethische
2022-03-09 12:06:17,325 - root - INFO - Hyphenation – Removed character - from an-gewiesenen => angewiesenen
2022-03-09 12:06:17,326 - root - INFO - Hyphenation – Removed character - from Sie-ger => Sieger
2022-03-09 12:06:17,327 - root - INFO - Hyphenation – Removed character - from ἂν-ϑρωπον => ἂνϑρωπον
2022-03-09 12:06:17,329 - root - INFO - Hyphenation – Removed character - from Mahnun-gen => Mahnungen
2022-03-09 12:06:17,329 - root - INFO - Hyphenation – Removed character - from über-schwänglichen => überschwänglichen
2022-03-09 12:06:17,332 - root - INFO - Hyphenation – Removed character - from Au-gen => Augen
2022-03-09 12:06:17,334 - root - INFO - Hyphenation – Removed character - from In-tentionen => Intentionen
2022-03-09 12:06:17,338 - root - INFO - Converting data/preparation/corpus/de/retokenized/sophokle1v3soph_0049.xmi into data/preparation/corpus/de/tsv/sophokle1v3soph_0049.tsv
2022-03-09 12:06:17,584 - root - INFO - Hyphenation – Removed character - from γέ-ver => γέver
2022-03-09 12:06:17,586 - root - INFO - Hyphenation – Removed character - from schnell-füssigen => schnellfüssigen
2022-03-09 12:06:17,586 - root - INFO - Hyphenation – Removed character - from die-ser => dieser
2022-03-09 12:06:17,587 - root - INFO - Hyphenation – Removed character - from her-austreienden => heraustreienden
2022-03-09 12:06:17,590 - root - INFO - Hyphenation – Removed character - from in-dem => indem
2022-03-09 12:06:17,591 - root - INFO - Hyphenation – Removed character - from vonMenschen-hand => vonMenschenhand
2022-03-09 12:06:17,592 - root - INFO - Hyphenation – Removed character - from Hir-ten => Hirten
2022-03-09 12:06:17,593 - root - INFO - Hyphenation – Removed character - from &rzı-στάταις => &rzıστάταις
2022-03-09 12:06:17,595 - root - INFO - Hyphenation – Removed character - from διφρη-λατεῖν => διφρηλατεῖν
2022-03-09 12:06:17,597 - root - INFO - Hyphenation – Removed character - from τεχμαί-gouct,lege => τεχμαίgouct,lege
2022-03-09 12:06:17,599 - root - INFO - Hyphenation – Removed character - from wahn-sinnigen => wahnsinnigen
2022-03-09 12:06:17,600 - root - INFO - Hyphenation – Removed character - from Forttrei-bens => Forttreibens
2022-03-09 12:06:17,601 - root - INFO - Hyphenation – Removed character - from ge-rade => gerade
2022-03-09 12:06:17,602 - root - INFO - Hyphenation – Removed character - from Dich-tern => Dichtern
2022-03-09 12:06:17,607 - root - INFO - Converting data/preparation/corpus/de/retokenized/sophokle1v3soph_0051.xmi into data/preparation/corpus/de/tsv/sophokle1v3soph_0051.tsv
2022-03-09 12:06:17,831 - root - INFO - Hyphenation – Removed character - from ἐξέ-roasev => ἐξέroasev
2022-03-09 12:06:17,832 - root - INFO - Hyphenation – Removed character - from βού-λευμα᾽ => βούλευμα᾽
2022-03-09 12:06:17,833 - root - INFO - Hyphenation – Removed character - from erforder-lichen => erforderlichen
2022-03-09 12:06:17,834 - root - INFO - Hyphenation – Removed character - from tollküh-nes => tollkühnes
2022-03-09 12:06:17,836 - root - INFO - Hyphenation – Removed character - from ἡπα-gines), => ἡπαgines),
2022-03-09 12:06:17,837 - root - INFO - Hyphenation – Removed character - from Ver-Stand => VerStand
2022-03-09 12:06:17,837 - root - INFO - Hyphenation – Removed character - from Irrefüh-rend.) => Irreführend.)
2022-03-09 12:06:17,838 - root - INFO - Hyphenation – Removed character - from wo-durch => wodurch
2022-03-09 12:06:17,839 - root - INFO - Hyphenation – Removed character - from gewon-nenen => gewonnenen
2022-03-09 12:06:17,840 - root - INFO - Hyphenation – Removed character - from ge-mischten => gemischten
2022-03-09 12:06:17,844 - root - INFO - Converting data/preparation/corpus/de/retokenized/sophokle1v3soph_0052.xmi into data/preparation/corpus/de/tsv/sophokle1v3soph_0052.tsv
2022-03-09 12:06:18,074 - root - INFO - Hyphenation – Removed character - from ge-dacht => gedacht
2022-03-09 12:06:18,075 - root - INFO - Hyphenation – Removed character - from hinge-streckten => hingestreckten
2022-03-09 12:06:18,075 - root - INFO - Hyphenation – Removed character - from hör-nerreiche => hörnerreiche
2022-03-09 12:06:18,077 - root - INFO - Hyphenation – Removed character - from unler-geordnet: => unlergeordnet:
2022-03-09 12:06:18,080 - root - INFO - Hyphenation – Removed character - from leidenschaft-lich => leidenschaftlich
2022-03-09 12:06:18,082 - root - INFO - Hyphenation – Removed character - from Gegen-salz. => Gegensalz.
2022-03-09 12:06:18,083 - root - INFO - Hyphenation – Removed character - from ca-lamitalem => calamitalem
2022-03-09 12:06:18,084 - root - INFO - Hyphenation – Removed character - from prä-dicativisch => prädicativisch
2022-03-09 12:06:18,085 - root - INFO - Hyphenation – Removed character - from zusam-men, => zusammen,
2022-03-09 12:06:18,086 - root - INFO - Hyphenation – Removed character - from Rich-tung => Richtung
2022-03-09 12:06:18,091 - root - INFO - Converting data/preparation/corpus/de/retokenized/sophokle1v3soph_0054.xmi into data/preparation/corpus/de/tsv/sophokle1v3soph_0054.tsv
2022-03-09 12:06:18,274 - root - INFO - Hyphenation – Removed character - from Wahn-sinn => Wahnsinn
2022-03-09 12:06:18,275 - root - INFO - Hyphenation – Removed character - from oculo-rum => oculorum
2022-03-09 12:06:18,276 - root - INFO - Hyphenation – Removed character - from zu-rückziehen => zurückziehen
2022-03-09 12:06:18,278 - root - INFO - Hyphenation – Removed character - from χαταρ-νοῦμαι => χαταρνοῦμαι
2022-03-09 12:06:18,279 - root - INFO - Hyphenation – Removed character - from Lanzen-deiner => Lanzendeiner
2022-03-09 12:06:18,279 - root - INFO - Hyphenation – Removed character - from aus-gelassen? => ausgelassen?
2022-03-09 12:06:18,283 - root - INFO - Converting data/preparation/corpus/de/retokenized/sophokle1v3soph_0055.xmi into data/preparation/corpus/de/tsv/sophokle1v3soph_0055.tsv
2022-03-09 12:06:18,501 - root - INFO - Hyphenation – Removed character - from αἶχ-μάζειν => αἶχμάζειν
2022-03-09 12:06:18,501 - root - INFO - Hyphenation – Removed character - from Achn-lich => Achnlich
2022-03-09 12:06:18,502 - root - INFO - Hyphenation – Removed character - from ἡμα-ξας, => ἡμαξας,
2022-03-09 12:06:18,506 - root - INFO - Hyphenation – Removed character - from Rechtswe-gen => Rechtswegen
2022-03-09 12:06:18,508 - root - INFO - Hyphenation – Removed character - from Eorn-zev; => Eornzev;
2022-03-09 12:06:18,509 - root - INFO - Hyphenation – Removed character - from ge-stellt, => gestellt,
2022-03-09 12:06:18,512 - root - INFO - Hyphenation – Removed character - from Allit-teration => Allitteration
2022-03-09 12:06:18,513 - root - INFO - Hyphenation – Removed character - from ab-zustrafen => abzustrafen
2022-03-09 12:06:18,515 - root - INFO - Hyphenation – Removed character - from nen-nen => nennen
2022-03-09 12:06:18,519 - root - INFO - Converting data/preparation/corpus/de/retokenized/sophokle1v3soph_0057.xmi into data/preparation/corpus/de/tsv/sophokle1v3soph_0057.tsv
2022-03-09 12:06:18,758 - root - ERROR - Transcript for entity ΕἸ. is present in data/preparation/corpus/de/retokenized/sophokle1v3soph_0057.xmi, yet entity is not marked as noisy. Levenshtein distance is computed nevertheless.
2022-03-09 12:06:18,760 - root - INFO - Hyphenation – Removed character - from ϑυ-μὸν => ϑυμὸν
2022-03-09 12:06:18,761 - root - INFO - Hyphenation – Removed character - from ai-ρέεσϑαι. => aiρέεσϑαι.
2022-03-09 12:06:18,762 - root - INFO - Hyphenation – Removed character - from Her-mann: => Hermann:
2022-03-09 12:06:18,763 - root - INFO - Hyphenation – Removed character - from Irans-lationibus => Iranslationibus
2022-03-09 12:06:18,764 - root - INFO - Hyphenation – Removed character - from Kör-perstärke => Körperstärke
2022-03-09 12:06:18,766 - root - INFO - Hyphenation – Removed character - from Σαλαμῖ-vos => Σαλαμῖvos
2022-03-09 12:06:18,767 - root - INFO - Hyphenation – Removed character - from ἀγ-χίαλος => ἀγχίαλος
2022-03-09 12:06:18,770 - root - INFO - Hyphenation – Removed character - from ajffe-ctuumn => ajffectuumn
2022-03-09 12:06:18,770 - root - INFO - Hyphenation – Removed character - from Par-tieipiums, => Partieipiums,
2022-03-09 12:06:18,771 - root - INFO - Hyphenation – Removed character - from στρατη-γοῦντ' => στρατηγοῦντ'
2022-03-09 12:06:18,772 - root - INFO - Hyphenation – Removed character - from Ge-'danke: => Ge'danke:
2022-03-09 12:06:18,773 - root - INFO - Hyphenation – Removed character - from πράσσον-τος => πράσσοντος
2022-03-09 12:06:18,773 - root - INFO - Hyphenation – Removed character - from nach-folgende, => nachfolgende,
2022-03-09 12:06:18,774 - root - INFO - Hyphenation – Removed character - from Ge-dankens => Gedankens
2022-03-09 12:06:18,774 - root - INFO - Hyphenation – Removed character - from be-wirkt, => bewirkt,
2022-03-09 12:06:18,775 - root - INFO - Hyphenation – Removed character - from Ge-danke => Gedanke
2022-03-09 12:06:18,777 - root - INFO - Hyphenation – Removed character - from ver-schiedenen => verschiedenen
2022-03-09 12:06:18,783 - root - INFO - Converting data/preparation/corpus/de/retokenized/sophokle1v3soph_0062.xmi into data/preparation/corpus/de/tsv/sophokle1v3soph_0062.tsv
2022-03-09 12:06:19,053 - root - INFO - Hyphenation – Removed character - from Apol-lon => Apollon
2022-03-09 12:06:19,054 - root - INFO - Hyphenation – Removed character - from στε-γάζειν, => στεγάζειν,
2022-03-09 12:06:19,055 - root - INFO - Hyphenation – Removed character - from ὑπο-βλήτως => ὑποβλήτως
2022-03-09 12:06:19,058 - root - INFO - Hyphenation – Removed character - from nach-homerische => nachhomerische
2022-03-09 12:06:19,058 - root - INFO - Hyphenation – Removed character - from Vor-zeit => Vorzeit
2022-03-09 12:06:19,059 - root - INFO - Hyphenation – Removed character - from verknü-pfen. => verknüpfen.
2022-03-09 12:06:19,059 - root - INFO - Hyphenation – Removed character - from Au-tolykos => Autolykos
2022-03-09 12:06:19,063 - root - INFO - Hyphenation – Removed character - from λέ-γω => λέγω
2022-03-09 12:06:19,065 - root - INFO - Hyphenation – Removed character - from Eli-sion, => Elision,
2022-03-09 12:06:19,065 - root - INFO - Hyphenation – Removed character - from die-ser => dieser
2022-03-09 12:06:19,066 - root - INFO - Hyphenation – Removed character - from φιλό-τητι => φιλότητι
2022-03-09 12:06:19,067 - root - INFO - Hyphenation – Removed character - from ver-muthet => vermuthet
2022-03-09 12:06:19,068 - root - INFO - Hyphenation – Removed character - from Dring-liche => Dringliche
2022-03-09 12:06:19,071 - root - INFO - Hyphenation – Removed character - from da-durch, => dadurch,
2022-03-09 12:06:19,071 - root - INFO - Hyphenation – Removed character - from arrhyth-mische => arrhythmische
2022-03-09 12:06:19,075 - root - INFO - Hyphenation – Removed character - from in-sofern => insofern
2022-03-09 12:06:19,076 - root - INFO - Hyphenation – Removed character - from Kam-pfesrast, => Kampfesrast,
2022-03-09 12:06:19,076 - root - INFO - Hyphenation – Removed character - from πω-λέσκετο => πωλέσκετο
2022-03-09 12:06:19,082 - root - INFO - Converting data/preparation/corpus/de/retokenized/sophokle1v3soph_0063.xmi into data/preparation/corpus/de/tsv/sophokle1v3soph_0063.tsv
2022-03-09 12:06:19,409 - root - INFO - Hyphenation – Removed character - from Tragö-dien => Tragödien
2022-03-09 12:06:19,410 - root - INFO - Hyphenation – Removed character - from φλέ-γων, => φλέγων,
2022-03-09 12:06:19,411 - root - INFO - Hyphenation – Removed character - from Ge-rücht => Gerücht
2022-03-09 12:06:19,411 - root - INFO - Hyphenation – Removed character - from entflam-mend. => entflammend.
2022-03-09 12:06:19,416 - root - INFO - Hyphenation – Removed character - from tran-quillis => tranquillis
2022-03-09 12:06:19,418 - root - INFO - Hyphenation – Removed character - from πορεύε-ται. => πορεύεται.
2022-03-09 12:06:19,419 - root - INFO - Hyphenation – Removed character - from Din-dorf => Dindorf
2022-03-09 12:06:19,420 - root - INFO - Hyphenation – Removed character - from ge-schwätzigen => geschwätzigen
2022-03-09 12:06:19,421 - root - INFO - Hyphenation – Removed character - from πέπη-γεν), => πέπηγεν),
2022-03-09 12:06:19,423 - root - INFO - Hyphenation – Removed character - from ureinge-borne => ureingeborne
2022-03-09 12:06:19,425 - root - INFO - Hyphenation – Removed character - from x7do-μενοι. => x7doμενοι.
2022-03-09 12:06:19,426 - root - INFO - Hyphenation – Removed character - from Te-lamon => Telamon
2022-03-09 12:06:19,428 - root - INFO - Hyphenation – Removed character - from ο-χρατής => οχρατής
2022-03-09 12:06:19,429 - root - INFO - Hyphenation – Removed character - from εὐ-θέας => εὐθέας
2022-03-09 12:06:19,430 - root - INFO - Hyphenation – Removed character - from W-μόϑυμος, => Wμόϑυμος,
2022-03-09 12:06:19,434 - root - INFO - Converting data/preparation/corpus/de/retokenized/sophokle1v3soph_0064.xmi into data/preparation/corpus/de/tsv/sophokle1v3soph_0064.tsv
2022-03-09 12:06:19,637 - root - INFO - Hyphenation – Removed character - from indemerinKrank-heit, => indemerinKrankheit,
2022-03-09 12:06:19,638 - root - INFO - Hyphenation – Removed character - from #o4e-005 => #o4e005
2022-03-09 12:06:19,639 - root - INFO - Hyphenation – Removed character - from Ge-gensatz => Gegensatz
2022-03-09 12:06:19,640 - root - INFO - Hyphenation – Removed character - from ein-getauscht? => eingetauscht?
2022-03-09 12:06:19,640 - root - INFO - Hyphenation – Removed character - from ver-schlossen. => verschlossen.
2022-03-09 12:06:19,641 - root - INFO - Hyphenation – Removed character - from Τελεύταν-ros => Τελεύτανros
2022-03-09 12:06:19,641 - root - INFO - Hyphenation – Removed character - from Aeschy-lus => Aeschylus
2022-03-09 12:06:19,642 - root - INFO - Hyphenation – Removed character - from schrei-ben => schreiben
2022-03-09 12:06:19,642 - root - INFO - Hyphenation – Removed character - from (Her-mann => (Hermann
2022-03-09 12:06:19,643 - root - INFO - Hyphenation – Removed character - from Lagerge-nossin. => Lagergenossin.
2022-03-09 12:06:19,643 - root - INFO - Hyphenation – Removed character - from hochhal-ten, => hochhalten,
2022-03-09 12:06:19,644 - root - INFO - Hyphenation – Removed character - from Κασσών-dons => Κασσώνdons
2022-03-09 12:06:19,645 - root - INFO - Hyphenation – Removed character - from sug-2c΄geras, => sug2c΄geras,
2022-03-09 12:06:19,645 - root - INFO - Hyphenation – Removed character - from de-honestatus => dehonestatus
2022-03-09 12:06:19,646 - root - INFO - Hyphenation – Removed character - from χρη-στήρια. => χρηστήρια.
2022-03-09 12:06:19,646 - root - INFO - Hyphenation – Removed character - from schmerz-licher => schmerzlicher
2022-03-09 12:06:19,647 - root - INFO - Hyphenation – Removed character - from hin-geopferten => hingeopferten
2022-03-09 12:06:19,651 - root - INFO - Converting data/preparation/corpus/de/retokenized/sophokle1v3soph_0065.xmi into data/preparation/corpus/de/tsv/sophokle1v3soph_0065.tsv
2022-03-09 12:06:19,876 - root - INFO - Hyphenation – Removed character - from «t-Jonos => «tJonos
2022-03-09 12:06:19,877 - root - INFO - Hyphenation – Removed character - from schei-nen => scheinen
2022-03-09 12:06:19,878 - root - INFO - Hyphenation – Removed character - from γνή-φων, => γνήφων,
2022-03-09 12:06:19,879 - root - INFO - Hyphenation – Removed character - from Unge-wöhnliche => Ungewöhnliche
2022-03-09 12:06:19,880 - root - INFO - Hyphenation – Removed character - from be-wogen => bewogen
2022-03-09 12:06:19,880 - root - INFO - Hyphenation – Removed character - from verän-dert => verändert
2022-03-09 12:06:19,881 - root - INFO - Hyphenation – Removed character - from überall-hin => überallhin
2022-03-09 12:06:19,882 - root - INFO - Hyphenation – Removed character - from ver-grösserte => vergrösserte
2022-03-09 12:06:19,884 - root - INFO - Hyphenation – Removed character - from wäh-rend => während
2022-03-09 12:06:19,888 - root - INFO - Hyphenation – Removed character - from πέ-πληγμαι => πέπληγμαι
2022-03-09 12:06:19,889 - root - INFO - Hyphenation – Removed character - from λα-βών. => λαβών.
2022-03-09 12:06:19,893 - root - INFO - Converting data/preparation/corpus/de/retokenized/sophokle1v3soph_0066.xmi into data/preparation/corpus/de/tsv/sophokle1v3soph_0066.tsv
2022-03-09 12:06:20,139 - root - INFO - Hyphenation – Removed character - from Atri-den => Atriden
2022-03-09 12:06:20,141 - root - INFO - Hyphenation – Removed character - from zuge-dachte => zugedachte
2022-03-09 12:06:20,141 - root - INFO - Hyphenation – Removed character - from aus-geführt, => ausgeführt,
2022-03-09 12:06:20,142 - root - INFO - Hyphenation – Removed character - from Unter-redung => Unterredung
2022-03-09 12:06:20,143 - root - INFO - Hyphenation – Removed character - from Ho-mers => Homers
2022-03-09 12:06:20,145 - root - INFO - Hyphenation – Removed character - from χαλι-vor => χαλιvor
2022-03-09 12:06:20,146 - root - INFO - Hyphenation – Removed character - from Be-ginnen => Beginnen
2022-03-09 12:06:20,151 - root - INFO - Hyphenation – Removed character - from ’Odv-σεὺς => ’Odvσεὺς
2022-03-09 12:06:20,151 - root - INFO - Hyphenation – Removed character - from καλυψάμε-νος => καλυψάμενος
2022-03-09 12:06:20,153 - root - INFO - Hyphenation – Removed character - from So-krates => Sokrates
2022-03-09 12:06:20,156 - root - INFO - Hyphenation – Removed character - from ὁ-doiv, => ὁdoiv,
2022-03-09 12:06:20,158 - root - INFO - Hyphenation – Removed character - from inso-fern => insofern
2022-03-09 12:06:20,158 - root - INFO - Hyphenation – Removed character - from ra-stenden => rastenden
2022-03-09 12:06:20,161 - root - INFO - Hyphenation – Removed character - from Ab-segeln => Absegeln
2022-03-09 12:06:20,162 - root - INFO - Hyphenation – Removed character - from Ruder-bänke => Ruderbänke
2022-03-09 12:06:20,163 - root - INFO - Hyphenation – Removed character - from wel-chem => welchem
2022-03-09 12:06:20,163 - root - INFO - Hyphenation – Removed character - from verbin-det, => verbindet,
2022-03-09 12:06:20,164 - root - INFO - Hyphenation – Removed character - from εἰρε-σίαν => εἰρεσίαν
2022-03-09 12:06:20,168 - root - INFO - Converting data/preparation/corpus/de/retokenized/sophokle1v3soph_0067.xmi into data/preparation/corpus/de/tsv/sophokle1v3soph_0067.tsv
2022-03-09 12:06:20,393 - root - INFO - Hyphenation – Removed character - from Schilfs-leuten => Schilfsleuten
2022-03-09 12:06:20,396 - root - INFO - Hyphenation – Removed character - from ge-wöhnliche => gewöhnliche
2022-03-09 12:06:20,396 - root - INFO - Hyphenation – Removed character - from Ermor-dung => Ermordung
2022-03-09 12:06:20,398 - root - INFO - Hyphenation – Removed character - from δημορ-ριφεῖς => δημορριφεῖς
2022-03-09 12:06:20,400 - root - INFO - Hyphenation – Removed character - from Gewit-ter => Gewitter
2022-03-09 12:06:20,400 - root - INFO - Hyphenation – Removed character - from Lei-denschaft => Leidenschaft
2022-03-09 12:06:20,401 - root - INFO - Hyphenation – Removed character - from Iby-kos => Ibykos
2022-03-09 12:06:20,401 - root - INFO - Hyphenation – Removed character - from στερο-πᾶς => στεροπᾶς
2022-03-09 12:06:20,403 - root - INFO - Hyphenation – Removed character - from ἁμαρ-τημάτων => ἁμαρτημάτων
2022-03-09 12:06:20,404 - root - INFO - Hyphenation – Removed character - from kön-nen => können
2022-03-09 12:06:20,405 - root - INFO - Hyphenation – Removed character - from εὐτυ-χεῖν => εὐτυχεῖν
2022-03-09 12:06:20,406 - root - INFO - Hyphenation – Removed character - from freu-diger => freudiger
2022-03-09 12:06:20,407 - root - INFO - Hyphenation – Removed character - from gemein-same => gemeinsame
2022-03-09 12:06:20,408 - root - INFO - Hyphenation – Removed character - from Sei-nigen => Seinigen
2022-03-09 12:06:20,410 - root - INFO - Hyphenation – Removed character - from Mo-χϑου => Moχϑου
2022-03-09 12:06:20,414 - root - INFO - Converting data/preparation/corpus/de/retokenized/sophokle1v3soph_0068.xmi into data/preparation/corpus/de/tsv/sophokle1v3soph_0068.tsv
2022-03-09 12:06:20,619 - root - INFO - Hyphenation – Removed character - from unglück-lich => unglücklich
2022-03-09 12:06:20,620 - root - INFO - Hyphenation – Removed character - from vo-σοῦντες => voσοῦντες
2022-03-09 12:06:20,620 - root - INFO - Hyphenation – Removed character - from trotz-dem => trotzdem
2022-03-09 12:06:20,621 - root - INFO - Hyphenation – Removed character - from νοσοῦν-τος => νοσοῦντος
2022-03-09 12:06:20,622 - root - INFO - Hyphenation – Removed character - from ge-schrieben => geschrieben
2022-03-09 12:06:20,622 - root - INFO - Hyphenation – Removed character - from dä-monisches => dämonisches
2022-03-09 12:06:20,623 - root - INFO - Hyphenation – Removed character - from wieder-holt => wiederholt
2022-03-09 12:06:20,623 - root - INFO - Hyphenation – Removed character - from des-sen, => dessen,
2022-03-09 12:06:20,624 - root - INFO - Hyphenation – Removed character - from son-dern => sondern
2022-03-09 12:06:20,624 - root - INFO - Hyphenation – Removed character - from zu-rück. => zurück.
2022-03-09 12:06:20,625 - root - INFO - Hyphenation – Removed character - from Hei-terkeit => Heiterkeit
2022-03-09 12:06:20,629 - root - INFO - Converting data/preparation/corpus/de/retokenized/sophokle1v3soph_0069.xmi into data/preparation/corpus/de/tsv/sophokle1v3soph_0069.tsv
2022-03-09 12:06:20,843 - root - INFO - Hyphenation – Removed character - from äus-serst, => äusserst,
2022-03-09 12:06:20,843 - root - INFO - Hyphenation – Removed character - from ge-radezu => geradezu
2022-03-09 12:06:20,847 - root - INFO - Hyphenation – Removed character - from abendli-chen => abendlichen
2022-03-09 12:06:20,848 - root - INFO - Hyphenation – Removed character - from erlo-schen, => erloschen,
2022-03-09 12:06:20,849 - root - INFO - Hyphenation – Removed character - from in-tempesta, => intempesta,
2022-03-09 12:06:20,850 - root - INFO - Hyphenation – Removed character - from λαμπτῆ-ρὲς => λαμπτῆρὲς
2022-03-09 12:06:20,851 - root - INFO - Hyphenation – Removed character - from anachroni-stisch => anachronistisch
2022-03-09 12:06:20,853 - root - INFO - Hyphenation – Removed character - from πολυϑρύλ-Anta => πολυϑρύλAnta
2022-03-09 12:06:20,854 - root - INFO - Hyphenation – Removed character - from we-senllichen => wesenllichen
2022-03-09 12:06:20,858 - root - INFO - Converting data/preparation/corpus/de/retokenized/sophokle1v3soph_0072.xmi into data/preparation/corpus/de/tsv/sophokle1v3soph_0072.tsv
2022-03-09 12:06:21,054 - root - INFO - Hyphenation – Removed character - from Tek-messa => Tekmessa
2022-03-09 12:06:21,054 - root - INFO - Hyphenation – Removed character - from gebor-gen => geborgen
2022-03-09 12:06:21,055 - root - INFO - Hyphenation – Removed character - from ha-stig => hastig
2022-03-09 12:06:21,056 - root - INFO - Hyphenation – Removed character - from Beute-zuge => Beutezuge
2022-03-09 12:06:21,058 - root - INFO - Hyphenation – Removed character - from μνηστῆ-085, => μνηστῆ085,
2022-03-09 12:06:21,058 - root - INFO - Hyphenation – Removed character - from ir-‘gend => ir‘gend
2022-03-09 12:06:21,059 - root - INFO - Hyphenation – Removed character - from Aufforderun-gen, => Aufforderungen,
2022-03-09 12:06:21,059 - root - INFO - Hyphenation – Removed character - from ape-rite => aperite
2022-03-09 12:06:21,062 - root - INFO - Converting data/preparation/corpus/de/retokenized/sophokle1v3soph_0073.xmi into data/preparation/corpus/de/tsv/sophokle1v3soph_0073.tsv
2022-03-09 12:06:21,286 - root - INFO - Hyphenation – Removed character - from ge-fühlvollen => gefühlvollen
2022-03-09 12:06:21,287 - root - INFO - Hyphenation – Removed character - from getre-ten => getreten
2022-03-09 12:06:21,287 - root - INFO - Hyphenation – Removed character - from hergenom-menen => hergenommenen
2022-03-09 12:06:21,288 - root - INFO - Hyphenation – Removed character - from Wogenge-dränge => Wogengedränge
2022-03-09 12:06:21,290 - root - INFO - Hyphenation – Removed character - from ἀμφιχυχ-λεῖται, => ἀμφιχυχλεῖται,
2022-03-09 12:06:21,291 - root - INFO - Hyphenation – Removed character - from τέχ-νας, => τέχνας,
2022-03-09 12:06:21,291 - root - INFO - Hyphenation – Removed character - from nau-ticarum => nauticarum
2022-03-09 12:06:21,292 - root - INFO - Hyphenation – Removed character - from an-schliesst, => anschliesst,
2022-03-09 12:06:21,296 - root - INFO - Converting data/preparation/corpus/de/retokenized/sophokle1v3soph_0074.xmi into data/preparation/corpus/de/tsv/sophokle1v3soph_0074.tsv
2022-03-09 12:06:21,493 - root - INFO - Hyphenation – Removed character - from Be-griff => Begriff
2022-03-09 12:06:21,494 - root - INFO - Hyphenation – Removed character - from ver-einigen => vereinigen
2022-03-09 12:06:21,495 - root - INFO - Hyphenation – Removed character - from Ver-besserung => Verbesserung
2022-03-09 12:06:21,495 - root - INFO - Hyphenation – Removed character - from Ret-ter => Retter
2022-03-09 12:06:21,498 - root - INFO - Hyphenation – Removed character - from χα-χὸν => χαχὸν
2022-03-09 12:06:21,499 - root - INFO - Hyphenation – Removed character - from ci-cures => cicures
2022-03-09 12:06:21,500 - root - INFO - Hyphenation – Removed character - from ane-λωβήϑη. => aneλωβήϑη.
2022-03-09 12:06:21,504 - root - INFO - Converting data/preparation/corpus/de/retokenized/sophokle1v3soph_0075.xmi into data/preparation/corpus/de/tsv/sophokle1v3soph_0075.tsv
2022-03-09 12:06:21,834 - root - INFO - Hyphenation – Removed character - from be-waffneter => bewaffneter
2022-03-09 12:06:21,835 - root - INFO - Hyphenation – Removed character - from Heer-den => Heerden
2022-03-09 12:06:21,837 - root - INFO - Hyphenation – Removed character - from stär-ker => stärker
2022-03-09 12:06:21,839 - root - INFO - Hyphenation – Removed character - from ῥαΐ-γειν => ῥαΐγειν
2022-03-09 12:06:21,840 - root - INFO - Hyphenation – Removed character - from τετε-λεσμένοις => τετελεσμένοις
2022-03-09 12:06:21,842 - root - INFO - Hyphenation – Removed character - from οὐ-ϑαμῶς => οὐϑαμῶς
2022-03-09 12:06:21,844 - root - INFO - Hyphenation – Removed character - from Hauptspä-her => Hauptspäher
2022-03-09 12:06:21,845 - root - INFO - Hyphenation – Removed character - from (τρίμ-μα, => (τρίμμα,
2022-03-09 12:06:21,845 - root - INFO - Hyphenation – Removed character - from bedach-ten => bedachten
2022-03-09 12:06:21,846 - root - INFO - Hyphenation – Removed character - from squa-lidus => squalidus
2022-03-09 12:06:21,846 - root - INFO - Hyphenation – Removed character - from Ver-kleidung => Verkleidung
2022-03-09 12:06:21,848 - root - INFO - Hyphenation – Removed character - from wice-derkehrt, => wicederkehrt,
2022-03-09 12:06:21,849 - root - INFO - Hyphenation – Removed character - from 7-μα => 7μα
2022-03-09 12:06:21,851 - root - INFO - Hyphenation – Removed character - from ge-fällt. => gefällt.
2022-03-09 12:06:21,853 - root - INFO - Hyphenation – Removed character - from Ge-schick => Geschick
2022-03-09 12:06:21,855 - root - INFO - Hyphenation – Removed character - from Ge-wöhnlich => Gewöhnlich
2022-03-09 12:06:21,855 - root - INFO - Hyphenation – Removed character - from zu-getheilt. => zugetheilt.
2022-03-09 12:06:21,856 - root - INFO - Hyphenation – Removed character - from sym-metrisch => symmetrisch
2022-03-09 12:06:21,857 - root - INFO - Hyphenation – Removed character - from Tek-messa => Tekmessa
2022-03-09 12:06:21,861 - root - INFO - Converting data/preparation/corpus/de/retokenized/sophokle1v3soph_0077.xmi into data/preparation/corpus/de/tsv/sophokle1v3soph_0077.tsv
2022-03-09 12:06:22,104 - root - INFO - Hyphenation – Removed character - from zurück-weist, => zurückweist,
2022-03-09 12:06:22,106 - root - INFO - Hyphenation – Removed character - from fol-gen => folgen
2022-03-09 12:06:22,107 - root - INFO - Hyphenation – Removed character - from nach-drücklichen => nachdrücklichen
2022-03-09 12:06:22,108 - root - INFO - Hyphenation – Removed character - from wahn-witzige => wahnwitzige
2022-03-09 12:06:22,109 - root - INFO - Hyphenation – Removed character - from wer-den. => werden.
2022-03-09 12:06:22,109 - root - INFO - Hyphenation – Removed character - from Lo-beck) => Lobeck)
2022-03-09 12:06:22,110 - root - INFO - Hyphenation – Removed character - from er-klärt: => erklärt:
2022-03-09 12:06:22,111 - root - INFO - Hyphenation – Removed character - from Rache-plan) => Racheplan)
2022-03-09 12:06:22,112 - root - INFO - Hyphenation – Removed character - from wahn-witzigen => wahnwitzigen
2022-03-09 12:06:22,113 - root - INFO - Hyphenation – Removed character - from deut-licher => deutlicher
2022-03-09 12:06:22,114 - root - INFO - Hyphenation – Removed character - from ent-rissene => entrissene
2022-03-09 12:06:22,117 - root - INFO - Hyphenation – Removed character - from an-dere => andere
2022-03-09 12:06:22,118 - root - INFO - Hyphenation – Removed character - from do-μου => doμου
2022-03-09 12:06:22,120 - root - INFO - Hyphenation – Removed character - from τρέπαλ-τα => τρέπαλτα
2022-03-09 12:06:22,120 - root - INFO - Hyphenation – Removed character - from einstür-mend. => einstürmend.
2022-03-09 12:06:22,121 - root - INFO - Hyphenation – Removed character - from YEv-ναῖον. => YEvναῖον.
2022-03-09 12:06:22,125 - root - INFO - Converting data/preparation/corpus/de/retokenized/sophokle1v3soph_0078.xmi into data/preparation/corpus/de/tsv/sophokle1v3soph_0078.tsv
2022-03-09 12:06:22,317 - root - INFO - Hyphenation – Removed character - from uti-bilest. => utibilest.
2022-03-09 12:06:22,318 - root - INFO - Hyphenation – Removed character - from Zeitbegrif-fen => Zeitbegriffen
2022-03-09 12:06:22,320 - root - INFO - Hyphenation – Removed character - from E-bene => Ebene
2022-03-09 12:06:22,321 - root - INFO - Hyphenation – Removed character - from freund-liche, => freundliche,
2022-03-09 12:06:22,322 - root - INFO - Hyphenation – Removed character - from sel-ten, => selten,
2022-03-09 12:06:22,323 - root - INFO - Hyphenation – Removed character - from weh-müthige => wehmüthige
2022-03-09 12:06:22,324 - root - INFO - Hyphenation – Removed character - from sei-nes => seines
2022-03-09 12:06:22,326 - root - INFO - Hyphenation – Removed character - from mitempfin-den => mitempfinden
2022-03-09 12:06:22,327 - root - INFO - Hyphenation – Removed character - from χαλ-χοχιτώνων => χαλχοχιτώνων
2022-03-09 12:06:22,331 - root - INFO - Converting data/preparation/corpus/de/retokenized/sophokle1v3soph_0079.xmi into data/preparation/corpus/de/tsv/sophokle1v3soph_0079.tsv
2022-03-09 12:06:22,538 - root - ERROR - Transcript for entity Pind. Isthm. 5, AYAF is present in data/preparation/corpus/de/retokenized/sophokle1v3soph_0079.xmi, yet entity is not marked as noisy. Levenshtein distance is computed nevertheless.
2022-03-09 12:06:22,540 - root - INFO - Hyphenation – Removed character - from ent-halte, => enthalte,
2022-03-09 12:06:22,540 - root - INFO - Hyphenation – Removed character - from Ri-chard => Richard
2022-03-09 12:06:22,542 - root - INFO - Hyphenation – Removed character - from be-nennen => benennen
2022-03-09 12:06:22,543 - root - INFO - Hyphenation – Removed character - from Aeschy-lus => Aeschylus
2022-03-09 12:06:22,543 - root - INFO - Hyphenation – Removed character - from Eigen-namen, => Eigennamen,
2022-03-09 12:06:22,544 - root - INFO - Hyphenation – Removed character - from Euripi-des => Euripides
2022-03-09 12:06:22,545 - root - INFO - Hyphenation – Removed character - from Be-deutung. => Bedeutung.
2022-03-09 12:06:22,546 - root - INFO - Hyphenation – Removed character - from Erklä-rung => Erklärung
2022-03-09 12:06:22,549 - root - INFO - Hyphenation – Removed character - from row-ta, => rowta,
2022-03-09 12:06:22,550 - root - INFO - Hyphenation – Removed character - from Ad-jectiv, => Adjectiv,
2022-03-09 12:06:22,550 - root - INFO - Hyphenation – Removed character - from unge-wöhnlich => ungewöhnlich
2022-03-09 12:06:22,551 - root - INFO - Hyphenation – Removed character - from ἀρι-στεῦσαι; => ἀριστεῦσαι;
2022-03-09 12:06:22,552 - root - INFO - Hyphenation – Removed character - from Hera-kles => Herakles
2022-03-09 12:06:22,554 - root - INFO - Hyphenation – Removed character - from O-dysseus => Odysseus
2022-03-09 12:06:22,558 - root - INFO - Converting data/preparation/corpus/de/retokenized/sophokle1v3soph_0080.xmi into data/preparation/corpus/de/tsv/sophokle1v3soph_0080.tsv
2022-03-09 12:06:22,768 - root - ERROR - Transcript for entity Phil. is present in data/preparation/corpus/de/retokenized/sophokle1v3soph_0080.xmi, yet entity is not marked as noisy. Levenshtein distance is computed nevertheless.
2022-03-09 12:06:22,769 - root - INFO - Hyphenation – Removed character - from ausge-wirkt. => ausgewirkt.
2022-03-09 12:06:22,771 - root - INFO - Hyphenation – Removed character - from hät-ten => hätten
2022-03-09 12:06:22,772 - root - INFO - Hyphenation – Removed character - from las-sen => lassen
2022-03-09 12:06:22,775 - root - INFO - Hyphenation – Removed character - from unver-wehrt => unverwehrt
2022-03-09 12:06:22,777 - root - INFO - Hyphenation – Removed character - from ἐπεντύ-γνοντ᾽ => ἐπεντύγνοντ᾽
2022-03-09 12:06:22,778 - root - INFO - Hyphenation – Removed character - from Altri-den => Altriden
2022-03-09 12:06:22,779 - root - INFO - Hyphenation – Removed character - from ver-ächtlich. => verächtlich.
2022-03-09 12:06:22,780 - root - INFO - Hyphenation – Removed character - from ἰσχύ-ων => ἰσχύων
2022-03-09 12:06:22,790 - root - INFO - Converting data/preparation/corpus/de/retokenized/sophokle1v3soph_0082.xmi into data/preparation/corpus/de/tsv/sophokle1v3soph_0082.tsv
2022-03-09 12:06:22,982 - root - INFO - Hyphenation – Removed character - from hinausge-schoben. => hinausgeschoben.
2022-03-09 12:06:22,982 - root - INFO - Hyphenation – Removed character - from ἐξαλλάσ-σεται => ἐξαλλάσσεται
2022-03-09 12:06:22,983 - root - INFO - Hyphenation – Removed character - from οἱ-was => οἱwas
2022-03-09 12:06:22,987 - root - INFO - Hyphenation – Removed character - from τι-vos => τιvos
2022-03-09 12:06:22,989 - root - INFO - Hyphenation – Removed character - from πό-λιν => πόλιν
2022-03-09 12:06:22,989 - root - INFO - Hyphenation – Removed character - from Tek-messa => Tekmessa
2022-03-09 12:06:22,990 - root - INFO - Hyphenation – Removed character - from Achä-ern => Achäern
2022-03-09 12:06:22,992 - root - INFO - Hyphenation – Removed character - from E-σχον, => Eσχον,
2022-03-09 12:06:22,996 - root - INFO - Converting data/preparation/corpus/de/retokenized/sophokle1v3soph_0083.xmi into data/preparation/corpus/de/tsv/sophokle1v3soph_0083.tsv
2022-03-09 12:06:23,214 - root - INFO - Hyphenation – Removed character - from συνηρ-μόσϑης, => συνηρμόσϑης,
2022-03-09 12:06:23,215 - root - INFO - Hyphenation – Removed character - from Min-der => Minder
2022-03-09 12:06:23,218 - root - INFO - Hyphenation – Removed character - from Rück-sicht => Rücksicht
2022-03-09 12:06:23,221 - root - INFO - Hyphenation – Removed character - from σφα-λήσεται, => σφαλήσεται,
2022-03-09 12:06:23,224 - root - INFO - Hyphenation – Removed character - from dov-λεία => dovλεία
2022-03-09 12:06:23,225 - root - INFO - Hyphenation – Removed character - from Quel-len: => Quellen:
2022-03-09 12:06:23,225 - root - INFO - Hyphenation – Removed character - from Sklave-rei => Sklaverei
2022-03-09 12:06:23,227 - root - INFO - Hyphenation – Removed character - from ἀριστεύ-εσχε => ἀριστεύεσχε
2022-03-09 12:06:23,229 - root - INFO - Hyphenation – Removed character - from ἐλαύ-γεσϑαι. => ἐλαύγεσϑαι.
2022-03-09 12:06:23,230 - root - INFO - Hyphenation – Removed character - from Verwei-sung => Verweisung
2022-03-09 12:06:23,235 - root - INFO - Converting data/preparation/corpus/de/retokenized/sophokle1v3soph_0085.xmi into data/preparation/corpus/de/tsv/sophokle1v3soph_0085.tsv
2022-03-09 12:06:23,409 - root - INFO - Hyphenation – Removed character - from son-dern, => sondern,
2022-03-09 12:06:23,410 - root - INFO - Hyphenation – Removed character - from vorent-halten; => vorenthalten;
2022-03-09 12:06:23,410 - root - INFO - Hyphenation – Removed character - from ver-steckt => versteckt
2022-03-09 12:06:23,411 - root - INFO - Hyphenation – Removed character - from ἐξήγα-γον => ἐξήγαγον
2022-03-09 12:06:23,412 - root - INFO - Hyphenation – Removed character - from ar-gen => argen
2022-03-09 12:06:23,412 - root - INFO - Hyphenation – Removed character - from aus-spricht, => ausspricht,
2022-03-09 12:06:23,416 - root - INFO - Converting data/preparation/corpus/de/retokenized/sophokle1v3soph_0086.xmi into data/preparation/corpus/de/tsv/sophokle1v3soph_0086.tsv
2022-03-09 12:06:23,603 - root - INFO - Hyphenation – Removed character - from Eury-sakes’ => Eurysakes’
2022-03-09 12:06:23,604 - root - INFO - Hyphenation – Removed character - from er-halten => erhalten
2022-03-09 12:06:23,606 - root - INFO - Hyphenation – Removed character - from Erı-ἅτ᾽ => Erıἅτ᾽
2022-03-09 12:06:23,606 - root - INFO - Hyphenation – Removed character - from λέ-λείμμαι => λέλείμμαι
2022-03-09 12:06:23,607 - root - INFO - Hyphenation – Removed character - from λό-yov => λόyov
2022-03-09 12:06:23,607 - root - INFO - Hyphenation – Removed character - from könn-te.) => könnte.)
2022-03-09 12:06:23,610 - root - INFO - Hyphenation – Removed character - from φύ-σιν => φύσιν
2022-03-09 12:06:23,613 - root - INFO - Converting data/preparation/corpus/de/retokenized/sophokle1v3soph_0089.xmi into data/preparation/corpus/de/tsv/sophokle1v3soph_0089.tsv
2022-03-09 12:06:23,901 - root - INFO - Hyphenation – Removed character - from aufge-regte => aufgeregte
2022-03-09 12:06:23,902 - root - INFO - Hyphenation – Removed character - from properan-tia. => properantia.
2022-03-09 12:06:23,904 - root - INFO - Hyphenation – Removed character - from Verrä-ther => Verräther
2022-03-09 12:06:23,905 - root - INFO - Hyphenation – Removed character - from Beschwö-rung => Beschwörung
2022-03-09 12:06:23,906 - root - INFO - Hyphenation – Removed character - from un-nütz, => unnütz,
2022-03-09 12:06:23,906 - root - INFO - Hyphenation – Removed character - from verpflich-tet => verpflichtet
2022-03-09 12:06:23,907 - root - INFO - Hyphenation – Removed character - from Tek-messa: => Tekmessa:
2022-03-09 12:06:23,908 - root - INFO - Hyphenation – Removed character - from ἐπαγ-γέλλει. => ἐπαγγέλλει.
2022-03-09 12:06:23,911 - root - INFO - Converting data/preparation/corpus/de/retokenized/sophokle1v3soph_0091.xmi into data/preparation/corpus/de/tsv/sophokle1v3soph_0091.tsv
2022-03-09 12:06:24,164 - root - INFO - Hyphenation – Removed character - from λει-μωνία => λειμωνία
2022-03-09 12:06:24,165 - root - INFO - Hyphenation – Removed character - from εὖ-γνώμᾳ => εὖγνώμᾳ
2022-03-09 12:06:24,167 - root - INFO - Hyphenation – Removed character - from Nie-derung => Niederung
2022-03-09 12:06:24,168 - root - INFO - Hyphenation – Removed character - from &-ϑλων => &ϑλων
2022-03-09 12:06:24,169 - root - INFO - Hyphenation – Removed character - from ϑρή-γων, => ϑρήγων,
2022-03-09 12:06:24,171 - root - INFO - Hyphenation – Removed character - from glück-liche => glückliche
2022-03-09 12:06:24,172 - root - INFO - Hyphenation – Removed character - from εὐνώ-μᾳ => εὐνώμᾳ
2022-03-09 12:06:24,174 - root - INFO - Hyphenation – Removed character - from wess-halb => wesshalb
2022-03-09 12:06:24,176 - root - INFO - Hyphenation – Removed character - from ’E-σϑημάτων, => ’Eσϑημάτων,
2022-03-09 12:06:24,177 - root - INFO - Hyphenation – Removed character - from ἀμύυ-γων, => ἀμύυγων,
2022-03-09 12:06:24,178 - root - INFO - Hyphenation – Removed character - from ver-gleicht => vergleicht
2022-03-09 12:06:24,180 - root - INFO - Hyphenation – Removed character - from προς-δοκῶν, => προςδοκῶν,
2022-03-09 12:06:24,181 - root - INFO - Hyphenation – Removed character - from ἀνύ-σειν => ἀνύσειν
2022-03-09 12:06:24,182 - root - INFO - Hyphenation – Removed character - from Sub-jecte, => Subjecte,
2022-03-09 12:06:24,183 - root - INFO - Hyphenation – Removed character - from her-austritt => heraustritt
2022-03-09 12:06:24,183 - root - INFO - Hyphenation – Removed character - from Sub-ject => Subject
2022-03-09 12:06:24,184 - root - INFO - Hyphenation – Removed character - from betrach-tet, => betrachtet,
2022-03-09 12:06:24,185 - root - INFO - Hyphenation – Removed character - from ἐξειργα-σμένην. => ἐξειργασμένην.
2022-03-09 12:06:24,186 - root - INFO - Hyphenation – Removed character - from BeideWör-ter => BeideWörter
2022-03-09 12:06:24,187 - root - INFO - Hyphenation – Removed character - from ver-bunden, => verbunden,
2022-03-09 12:06:24,190 - root - INFO - Hyphenation – Removed character - from bandha-benden => bandhabenden
2022-03-09 12:06:24,191 - root - INFO - Hyphenation – Removed character - from Wahn-sinn => Wahnsinn
2022-03-09 12:06:24,192 - root - INFO - Hyphenation – Removed character - from συν-ὦν, => συνὦν,
2022-03-09 12:06:24,193 - root - INFO - Hyphenation – Removed character - from neh-men. => nehmen.
2022-03-09 12:06:24,199 - root - INFO - Converting data/preparation/corpus/de/retokenized/sophokle1v3soph_0092.xmi into data/preparation/corpus/de/tsv/sophokle1v3soph_0092.tsv
2022-03-09 12:06:24,433 - root - INFO - Converting data/preparation/corpus/de/retokenized/sophokle1v3soph_0093.xmi into data/preparation/corpus/de/tsv/sophokle1v3soph_0093.tsv
2022-03-09 12:06:24,662 - root - INFO - Hyphenation – Removed character - from Wahnsin-nige. => Wahnsinnige.
2022-03-09 12:06:24,665 - root - INFO - Hyphenation – Removed character - from αὖ-τὸς => αὖτὸς
2022-03-09 12:06:24,666 - root - INFO - Hyphenation – Removed character - from τέ-ϑνηχεν. => τέϑνηχεν.
2022-03-09 12:06:24,669 - root - INFO - Hyphenation – Removed character - from oV-δεὶς => oVδεὶς
2022-03-09 12:06:24,671 - root - INFO - Hyphenation – Removed character - from gewöhn-lichen => gewöhnlichen
2022-03-09 12:06:24,673 - root - INFO - Hyphenation – Removed character - from Schluss-wort => Schlusswort
2022-03-09 12:06:24,674 - root - INFO - Hyphenation – Removed character - from hinzuge-setzt, => hinzugesetzt,
2022-03-09 12:06:24,674 - root - INFO - Hyphenation – Removed character - from an-kommt, => ankommt,
2022-03-09 12:06:24,675 - root - INFO - Hyphenation – Removed character - from compara-tiven => comparativen
2022-03-09 12:06:24,676 - root - INFO - Hyphenation – Removed character - from κρύπτε-ται, => κρύπτεται,
2022-03-09 12:06:24,682 - root - INFO - Converting data/preparation/corpus/de/retokenized/sophokle1v3soph_0108.xmi into data/preparation/corpus/de/tsv/sophokle1v3soph_0108.tsv
2022-03-09 12:06:24,878 - root - ERROR - Transcript for entity 0. C. is present in data/preparation/corpus/de/retokenized/sophokle1v3soph_0108.xmi, yet entity is not marked as noisy. Levenshtein distance is computed nevertheless.
2022-03-09 12:06:24,879 - root - INFO - Hyphenation – Removed character - from vor-zugsweise => vorzugsweise
2022-03-09 12:06:24,879 - root - INFO - Hyphenation – Removed character - from ϑῶ-ναι, => ϑῶναι,
2022-03-09 12:06:24,881 - root - INFO - Hyphenation – Removed character - from Su-chen => Suchen
2022-03-09 12:06:24,881 - root - INFO - Hyphenation – Removed character - from sin-guli. => singuli.
2022-03-09 12:06:24,882 - root - INFO - Hyphenation – Removed character - from at-que => atque
2022-03-09 12:06:24,882 - root - INFO - Hyphenation – Removed character - from anlisiro-pha => anlisiropha
2022-03-09 12:06:24,883 - root - INFO - Hyphenation – Removed character - from anli-siropha => anlisiropha
2022-03-09 12:06:24,884 - root - INFO - Hyphenation – Removed character - from aufzu-suchen, => aufzusuchen,
2022-03-09 12:06:24,884 - root - INFO - Hyphenation – Removed character - from hinzuge-fügt, => hinzugefügt,
2022-03-09 12:06:24,884 - root - INFO - Hyphenation – Removed character - from ge-funden => gefunden
2022-03-09 12:06:24,885 - root - INFO - Hyphenation – Removed character - from nutz-loser => nutzloser
2022-03-09 12:06:24,887 - root - INFO - Hyphenation – Removed character - from quis-quam => quisquam
2022-03-09 12:06:24,888 - root - INFO - Hyphenation – Removed character - from ἐπιστώ-μένος => ἐπιστώμένος
2022-03-09 12:06:24,891 - root - INFO - Converting data/preparation/corpus/de/retokenized/sophokle1v3soph_0109.xmi into data/preparation/corpus/de/tsv/sophokle1v3soph_0109.tsv
2022-03-09 12:06:25,080 - root - INFO - Hyphenation – Removed character - from ver-nehme => vernehme
2022-03-09 12:06:25,081 - root - INFO - Hyphenation – Removed character - from Halb-chors => Halbchors
2022-03-09 12:06:25,082 - root - INFO - Hyphenation – Removed character - from zn-μάτων => znμάτων
2022-03-09 12:06:25,083 - root - INFO - Hyphenation – Removed character - from πράσ-σειν. => πράσσειν.
2022-03-09 12:06:25,084 - root - INFO - Hyphenation – Removed character - from Morgen-seite => Morgenseite
2022-03-09 12:06:25,085 - root - INFO - Hyphenation – Removed character - from Aus-druck => Ausdruck
2022-03-09 12:06:25,090 - root - INFO - Converting data/preparation/corpus/de/retokenized/sophokle1v3soph_0110.xmi into data/preparation/corpus/de/tsv/sophokle1v3soph_0110.tsv
2022-03-09 12:06:25,298 - root - INFO - Hyphenation – Removed character - from wen-det => wendet
2022-03-09 12:06:25,299 - root - INFO - Hyphenation – Removed character - from Rath-losigkeit => Rathlosigkeit
2022-03-09 12:06:25,299 - root - INFO - Hyphenation – Removed character - from Drya-den => Dryaden
2022-03-09 12:06:25,300 - root - INFO - Hyphenation – Removed character - from Mene-laos => Menelaos
2022-03-09 12:06:25,301 - root - INFO - Hyphenation – Removed character - from Hel-lespont => Hellespont
2022-03-09 12:06:25,302 - root - INFO - Hyphenation – Removed character - from Boo-πορὸν => Booπορὸν
2022-03-09 12:06:25,306 - root - INFO - Hyphenation – Removed character - from Um-herirrer => Umherirrer
2022-03-09 12:06:25,307 - root - INFO - Hyphenation – Removed character - from (no-νεῖν => (noνεῖν
2022-03-09 12:06:25,307 - root - INFO - Hyphenation – Removed character - from ἀ-ϑλητὴς => ἀϑλητὴς
2022-03-09 12:06:25,307 - root - INFO - Hyphenation – Removed character - from πολέ-μου. => πολέμου.
2022-03-09 12:06:25,308 - root - INFO - Hyphenation – Removed character - from Wen-dungen, => Wendungen,
2022-03-09 12:06:25,308 - root - INFO - Hyphenation – Removed character - from Pfa-de => Pfade
2022-03-09 12:06:25,309 - root - INFO - Hyphenation – Removed character - from εὐθυδρο-μῆσαι. => εὐθυδρομῆσαι.
2022-03-09 12:06:25,310 - root - INFO - Hyphenation – Removed character - from κά-onva => κάonva
2022-03-09 12:06:25,314 - root - INFO - Converting data/preparation/corpus/de/retokenized/sophokle1v3soph_0114.xmi into data/preparation/corpus/de/tsv/sophokle1v3soph_0114.tsv
2022-03-09 12:06:25,528 - root - INFO - Hyphenation – Removed character - from ab-wehren, => abwehren,
2022-03-09 12:06:25,529 - root - INFO - Hyphenation – Removed character - from trost-lose => trostlose
2022-03-09 12:06:25,530 - root - INFO - Hyphenation – Removed character - from φυ-τεῦσαι => φυτεῦσαι
2022-03-09 12:06:25,531 - root - INFO - Hyphenation – Removed character - from Odys-seus => Odysseus
2022-03-09 12:06:25,532 - root - INFO - Hyphenation – Removed character - from Ein-greifen => Eingreifen
2022-03-09 12:06:25,532 - root - INFO - Hyphenation – Removed character - from wir-ken => wirken
2022-03-09 12:06:25,533 - root - INFO - Hyphenation – Removed character - from φρέ-ves)Epvßoi => φρέves)Epvßoi
2022-03-09 12:06:25,535 - root - INFO - Hyphenation – Removed character - from im-merhin. => immerhin.
2022-03-09 12:06:25,536 - root - INFO - Hyphenation – Removed character - from de-siderio => desiderio
2022-03-09 12:06:25,537 - root - INFO - Hyphenation – Removed character - from an-kommt. => ankommt.
2022-03-09 12:06:25,539 - root - INFO - Hyphenation – Removed character - from bewahr-heitet. => bewahrheitet.
2022-03-09 12:06:25,540 - root - INFO - Hyphenation – Removed character - from intellegi-mus => intellegimus
2022-03-09 12:06:25,540 - root - INFO - Hyphenation – Removed character - from Ho-rat. => Horat.
2022-03-09 12:06:25,541 - root - INFO - Hyphenation – Removed character - from un-statthafte => unstatthafte
2022-03-09 12:06:25,541 - root - INFO - Hyphenation – Removed character - from er-klärte => erklärte
2022-03-09 12:06:25,546 - root - INFO - Converting data/preparation/corpus/de/retokenized/sophokle1v3soph_0116.xmi into data/preparation/corpus/de/tsv/sophokle1v3soph_0116.tsv
2022-03-09 12:06:25,721 - root - INFO - Hyphenation – Removed character - from zu-gegen => zugegen
2022-03-09 12:06:25,722 - root - INFO - Hyphenation – Removed character - from Les-art => Lesart
2022-03-09 12:06:25,722 - root - INFO - Hyphenation – Removed character - from ver-tauscht, => vertauscht,
2022-03-09 12:06:25,724 - root - INFO - Hyphenation – Removed character - from x&-vis => x&vis
2022-03-09 12:06:25,724 - root - INFO - Hyphenation – Removed character - from βλέ-zreı => βλέzreı
2022-03-09 12:06:25,725 - root - INFO - Hyphenation – Removed character - from zu-rückkehrende => zurückkehrende
2022-03-09 12:06:25,728 - root - INFO - Converting data/preparation/corpus/de/retokenized/sophokle1v3soph_0117.xmi into data/preparation/corpus/de/tsv/sophokle1v3soph_0117.tsv
2022-03-09 12:06:25,918 - root - INFO - Hyphenation – Removed character - from Ge-rücht => Gerücht
2022-03-09 12:06:25,918 - root - INFO - Hyphenation – Removed character - from rı-vos => rıvos
2022-03-09 12:06:25,919 - root - INFO - Hyphenation – Removed character - from er-fleht => erfleht
2022-03-09 12:06:25,920 - root - INFO - Hyphenation – Removed character - from Ge-folge => Gefolge
2022-03-09 12:06:25,922 - root - INFO - Hyphenation – Removed character - from ab-gegangen, => abgegangen,
2022-03-09 12:06:25,923 - root - INFO - Hyphenation – Removed character - from Dich-ter => Dichter
2022-03-09 12:06:25,924 - root - INFO - Hyphenation – Removed character - from Ge-nitiv => Genitiv
2022-03-09 12:06:25,924 - root - INFO - Hyphenation – Removed character - from zı-χρότολμον, => zıχρότολμον,
2022-03-09 12:06:25,926 - root - INFO - Hyphenation – Removed character - from κχέρ-διον => κχέρδιον
2022-03-09 12:06:25,927 - root - INFO - Hyphenation – Removed character - from Eo-χεσιν. => Eoχεσιν.
2022-03-09 12:06:25,931 - root - INFO - Converting data/preparation/corpus/de/retokenized/sophokle1v3soph_0118.xmi into data/preparation/corpus/de/tsv/sophokle1v3soph_0118.tsv
2022-03-09 12:06:26,225 - root - INFO - Hyphenation – Removed character - from εὐπρός-πος => εὐπρόςπος
2022-03-09 12:06:26,225 - root - INFO - Hyphenation – Removed character - from Bit-terkeit => Bitterkeit
2022-03-09 12:06:26,226 - root - INFO - Hyphenation – Removed character - from höh-nische => höhnische
2022-03-09 12:06:26,227 - root - INFO - Hyphenation – Removed character - from ent-lehnt, => entlehnt,
2022-03-09 12:06:26,228 - root - INFO - Hyphenation – Removed character - from be-handelt => behandelt
2022-03-09 12:06:26,230 - root - INFO - Hyphenation – Removed character - from ϑύς-roonos, => ϑύςroonos,
2022-03-09 12:06:26,232 - root - INFO - Hyphenation – Removed character - from be-fürchtet, => befürchtet,
2022-03-09 12:06:26,234 - root - INFO - Hyphenation – Removed character - from in-iuriae, => iniuriae,
2022-03-09 12:06:26,234 - root - INFO - Hyphenation – Removed character - from cogno-minem => cognominem
2022-03-09 12:06:26,235 - root - INFO - Hyphenation – Removed character - from con-stitwit. => constitwit.
2022-03-09 12:06:26,235 - root - INFO - Hyphenation – Removed character - from πα-τρὸς => πατρὸς
2022-03-09 12:06:26,236 - root - INFO - Hyphenation – Removed character - from ζω-στήρ. => ζωστήρ.
2022-03-09 12:06:26,241 - root - INFO - Converting data/preparation/corpus/de/retokenized/sophokle1v3soph_0120.xmi into data/preparation/corpus/de/tsv/sophokle1v3soph_0120.tsv
2022-03-09 12:06:26,420 - root - INFO - Hyphenation – Removed character - from ᾿Εφημέ-oo => ᾿Εφημέoo
2022-03-09 12:06:26,420 - root - INFO - Hyphenation – Removed character - from Zei-ten => Zeiten
2022-03-09 12:06:26,421 - root - INFO - Hyphenation – Removed character - from spar-tanischen => spartanischen
2022-03-09 12:06:26,421 - root - INFO - Hyphenation – Removed character - from προ-φωνῶ, => προφωνῶ,
2022-03-09 12:06:26,421 - root - INFO - Hyphenation – Removed character - from ver-messenes, => vermessenes,
2022-03-09 12:06:26,422 - root - INFO - Hyphenation – Removed character - from zo-σόνδ᾽ => zoσόνδ᾽
2022-03-09 12:06:26,424 - root - INFO - Hyphenation – Removed character - from ᾿ἐξετάζον-τες, => ᾿ἐξετάζοντες,
2022-03-09 12:06:26,425 - root - INFO - Hyphenation – Removed character - from gege-ben, => gegeben,
2022-03-09 12:06:26,427 - root - INFO - Converting data/preparation/corpus/de/retokenized/sophokle1v3soph_0121.xmi into data/preparation/corpus/de/tsv/sophokle1v3soph_0121.tsv
2022-03-09 12:06:26,629 - root - INFO - Hyphenation – Removed character - from ϑάνα-τον => ϑάνατον
2022-03-09 12:06:26,630 - root - INFO - Hyphenation – Removed character - from freie-ren => freieren
2022-03-09 12:06:26,630 - root - INFO - Hyphenation – Removed character - from φϑί-veiv => φϑίveiv
2022-03-09 12:06:26,631 - root - INFO - Hyphenation – Removed character - from pro-saischen => prosaischen
2022-03-09 12:06:26,631 - root - INFO - Hyphenation – Removed character - from an-kommt, => ankommt,
2022-03-09 12:06:26,632 - root - INFO - Hyphenation – No hyphen detected in --τυμβεῦ-σαιτάφῳ,
2022-03-09 12:06:26,633 - root - INFO - Hyphenation – Removed character - from 0-γων => 0γων
2022-03-09 12:06:26,634 - root - INFO - Hyphenation – Removed character - from 508]166}-ten => 508]166}ten
2022-03-09 12:06:26,634 - root - INFO - Hyphenation – Removed character - from dy-μότην. => dyμότην.
2022-03-09 12:06:26,639 - root - INFO - Converting data/preparation/corpus/de/retokenized/sophokle1v3soph_0122.xmi into data/preparation/corpus/de/tsv/sophokle1v3soph_0122.tsv
2022-03-09 12:06:26,891 - root - INFO - Hyphenation – Removed character - from ai-dws: => aidws:
2022-03-09 12:06:26,897 - root - INFO - Hyphenation – Removed character - from φό-βος => φόβος
2022-03-09 12:06:26,906 - root - INFO - Hyphenation – Removed character - from (πνευ-μάτων) => (πνευμάτων)
2022-03-09 12:06:26,907 - root - INFO - Hyphenation – Removed character - from ge-wordene => gewordene
2022-03-09 12:06:26,910 - root - INFO - Hyphenation – Removed character - from So-phokles => Sophokles
2022-03-09 12:06:26,910 - root - INFO - Hyphenation – Removed character - from πολ-λὴν => πολλὴν
2022-03-09 12:06:26,912 - root - INFO - Hyphenation – Removed character - from Liba-nius => Libanius
2022-03-09 12:06:26,913 - root - INFO - Hyphenation – Removed character - from ἰϑέλου-σιν => ἰϑέλουσιν
2022-03-09 12:06:26,915 - root - INFO - Hyphenation – Removed character - from Allitte-ralion => Allitteralion
2022-03-09 12:06:26,920 - root - INFO - Converting data/preparation/corpus/de/retokenized/sophokle1v3soph_0123.xmi into data/preparation/corpus/de/tsv/sophokle1v3soph_0123.tsv
2022-03-09 12:06:27,150 - root - INFO - Hyphenation – Removed character - from dvs-γενής, => dvsγενής,
2022-03-09 12:06:27,151 - root - INFO - Hyphenation – Removed character - from λό-yoı => λόyoı
2022-03-09 12:06:27,156 - root - INFO - Hyphenation – Removed character - from da-her => daher
2022-03-09 12:06:27,159 - root - INFO - Hyphenation – Removed character - from ein-zuklammern. => einzuklammern.
2022-03-09 12:06:27,161 - root - INFO - Hyphenation – Removed character - from Arti-kel => Artikel
2022-03-09 12:06:27,161 - root - INFO - Hyphenation – Removed character - from zu-rück, => zurück,
2022-03-09 12:06:27,163 - root - INFO - Hyphenation – Removed character - from prägnan-tere => prägnantere
2022-03-09 12:06:27,168 - root - INFO - Converting data/preparation/corpus/de/retokenized/sophokle1v3soph_0125.xmi into data/preparation/corpus/de/tsv/sophokle1v3soph_0125.tsv
2022-03-09 12:06:27,371 - root - INFO - Hyphenation – Removed character - from Na-men => Namen
2022-03-09 12:06:27,374 - root - INFO - Hyphenation – Removed character - from unvor-sichtiger => unvorsichtiger
2022-03-09 12:06:27,374 - root - INFO - Hyphenation – Removed character - from Teu-kros, => Teukros,
2022-03-09 12:06:27,374 - root - INFO - Hyphenation – Removed character - from Wort-wechsel, => Wortwechsel,
2022-03-09 12:06:27,375 - root - INFO - Hyphenation – Removed character - from Verhöh-nung. => Verhöhnung.
2022-03-09 12:06:27,378 - root - INFO - Hyphenation – Removed character - from inwie-fern => inwiefern
2022-03-09 12:06:27,383 - root - INFO - Converting data/preparation/corpus/de/retokenized/sophokle1v3soph_0138.xmi into data/preparation/corpus/de/tsv/sophokle1v3soph_0138.tsv
2022-03-09 12:06:27,566 - root - INFO - Hyphenation – Removed character - from auszu-fechten. => auszufechten.
2022-03-09 12:06:27,566 - root - INFO - Hyphenation – Removed character - from com-mitlendo. => commitlendo.
2022-03-09 12:06:27,567 - root - INFO - Hyphenation – Removed character - from συμφω-veiv, => συμφωveiv,
2022-03-09 12:06:27,568 - root - INFO - Hyphenation – Removed character - from ἐμαυ-τὴν => ἐμαυτὴν
2022-03-09 12:06:27,569 - root - INFO - Hyphenation – Removed character - from ꝙ00-νῶν, => ꝙ00νῶν,
2022-03-09 12:06:27,570 - root - INFO - Hyphenation – Removed character - from gewal-tigen => gewaltigen
2022-03-09 12:06:27,574 - root - INFO - Converting data/preparation/corpus/de/retokenized/sophokle1v3soph_0140.xmi into data/preparation/corpus/de/tsv/sophokle1v3soph_0140.tsv
2022-03-09 12:06:27,767 - root - INFO - Hyphenation – Removed character - from Herr-scherwürde.‘“ => Herrscherwürde.‘“
2022-03-09 12:06:27,768 - root - INFO - Hyphenation – Removed character - from κρείσ-σων => κρείσσων
2022-03-09 12:06:27,769 - root - INFO - Hyphenation – Removed character - from un-ter => unter
2022-03-09 12:06:27,770 - root - INFO - Hyphenation – Removed character - from Freun-den => Freunden
2022-03-09 12:06:27,770 - root - INFO - Hyphenation – Removed character - from gel-ten => gelten
2022-03-09 12:06:27,771 - root - INFO - Hyphenation – Removed character - from βρο-τῶν, => βροτῶν,
2022-03-09 12:06:27,772 - root - INFO - Hyphenation – Removed character - from βοο-τῶν, => βοοτῶν,
2022-03-09 12:06:27,773 - root - INFO - Hyphenation – Removed character - from ver-letzt, => verletzt,
2022-03-09 12:06:27,773 - root - INFO - Hyphenation – Removed character - from aller-dings => allerdings
2022-03-09 12:06:27,774 - root - INFO - Hyphenation – Removed character - from freund-lich => freundlich
2022-03-09 12:06:27,774 - root - INFO - Hyphenation – Removed character - from unange-nehm => unangenehm
2022-03-09 12:06:27,775 - root - INFO - Hyphenation – Removed character - from Agamem-non => Agamemnon
2022-03-09 12:06:27,778 - root - INFO - Converting data/preparation/corpus/de/retokenized/sophokle1v3soph_0143.xmi into data/preparation/corpus/de/tsv/sophokle1v3soph_0143.tsv
2022-03-09 12:06:27,980 - root - INFO - Hyphenation – Removed character - from Le-ben => Leben
2022-03-09 12:06:27,981 - root - INFO - Hyphenation – Removed character - from ge-meint. => gemeint.
2022-03-09 12:06:27,982 - root - INFO - Hyphenation – Removed character - from Teu-kros => Teukros
2022-03-09 12:06:27,984 - root - INFO - Hyphenation – Removed character - from er-hält => erhält
2022-03-09 12:06:27,984 - root - INFO - Hyphenation – Removed character - from hypotakti-schen => hypotaktischen
2022-03-09 12:06:27,985 - root - INFO - Hyphenation – Removed character - from ἐπί-στασο. => ἐπίστασο.
2022-03-09 12:06:27,986 - root - INFO - Hyphenation – Removed character - from Be-stattung => Bestattung
2022-03-09 12:06:27,989 - root - INFO - Hyphenation – Removed character - from dugpinv-g0» => dugpinvg0»
2022-03-09 12:06:27,989 - root - INFO - Hyphenation – Removed character - from λου-τρῶν => λουτρῶν
2022-03-09 12:06:27,990 - root - INFO - Hyphenation – Removed character - from κό-ouov, => κόouov,
2022-03-09 12:06:27,994 - root - INFO - Converting data/preparation/corpus/de/retokenized/sophokle1v3soph_0200.xmi into data/preparation/corpus/de/tsv/sophokle1v3soph_0200.tsv
2022-03-09 12:06:28,290 - root - INFO - Hyphenation – Removed character - from gött-lichen => göttlichen
2022-03-09 12:06:28,291 - root - INFO - Hyphenation – Removed character - from ἔρευ-νῶν, => ἔρευνῶν,
2022-03-09 12:06:28,292 - root - INFO - Hyphenation – Removed character - from εὑ-θήσεις => εὑθήσεις
2022-03-09 12:06:28,293 - root - INFO - Hyphenation – Removed character - from εὖ-ρήσεις => εὖρήσεις
2022-03-09 12:06:28,294 - root - INFO - Hyphenation – Removed character - from schar-fer => scharfer
2022-03-09 12:06:28,295 - root - INFO - Hyphenation – Removed character - from Aen-derung => Aenderung
2022-03-09 12:06:28,296 - root - INFO - Hyphenation – Removed character - from „iro-nisch, => „ironisch,
2022-03-09 12:06:28,299 - root - INFO - Hyphenation – Removed character - from οὐδε-vos => οὐδεvos
2022-03-09 12:06:28,300 - root - INFO - Hyphenation – Removed character - from ἐχόν-των, => ἐχόντων,
2022-03-09 12:06:28,300 - root - INFO - Hyphenation – Removed character - from λυ-πρά => λυπρά
2022-03-09 12:06:28,304 - root - INFO - Hyphenation – Removed character - from μα-ὅπου => μαὅπου
2022-03-09 12:06:28,308 - root - INFO - Conversion completed.
