2022-01-13 15:59:14,413 - root - INFO - Start conversion of 8 files.
2022-01-13 15:59:14,431 - root - INFO - Converting data/preparation/minireference/de/retokenized/Wecklein1894_0007.xmi into data/preparation/minireference/de/tsv/Wecklein1894_0007.tsv
2022-01-13 15:59:14,602 - root - INFO - Hyphenation – Removed character — from Be—deutung => Bedeutung
2022-01-13 15:59:14,604 - root - INFO - Hyphenation – Removed character — from menſch—lichen => menſchlichen
2022-01-13 15:59:14,605 - root - INFO - Hyphenation – Removed character — from liebens—würdige => liebenswürdige
2022-01-13 15:59:14,605 - root - INFO - Hyphenation – Removed character — from Freund—ſchaft => Freundſchaft
2022-01-13 15:59:14,609 - root - INFO - Hyphenation – Removed character - from ge-kränkte => gekränkte
2022-01-13 15:59:14,613 - root - INFO - Converting data/preparation/minireference/de/retokenized/Wecklein1894_0016.xmi into data/preparation/minireference/de/tsv/Wecklein1894_0016.tsv
2022-01-13 15:59:14,784 - root - INFO - Hyphenation – Removed character - from ge-rühmt. => gerühmt.
2022-01-13 15:59:14,785 - root - INFO - Hyphenation – Removed character - from be-tont => betont
2022-01-13 15:59:14,785 - root - INFO - Hyphenation – Removed character - from er-kenne => erkenne
2022-01-13 15:59:14,787 - root - INFO - Hyphenation – Removed character - from ξυναο-πάζω => ξυναοπάζω
2022-01-13 15:59:14,787 - root - INFO - Hyphenation – Removed character - from er-ſchütternde => erſchütternde
2022-01-13 15:59:14,788 - root - INFO - Hyphenation – Removed character - from ver-glichen => verglichen
2022-01-13 15:59:14,788 - root - INFO - Hyphenation – Removed character - from (κπώ-dr => (κπώdr
2022-01-13 15:59:14,790 - root - INFO - Hyphenation – Removed character - from δισ-μενεῖ => δισμενεῖ
2022-01-13 15:59:14,792 - root - INFO - Converting data/preparation/minireference/de/retokenized/Wecklein1894_0080.xmi into data/preparation/minireference/de/tsv/Wecklein1894_0080.tsv
2022-01-13 15:59:14,922 - root - ERROR - Transcript for noisy entity 1288 is missing in data/preparation/minireference/de/retokenized/Wecklein1894_0080.xmi. Levenshtein distance cannot be computed and is set to 0.
2022-01-13 15:59:14,925 - root - INFO - Hyphenation – Removed character ⸗ from Be⸗dürfnis => Bedürfnis
2022-01-13 15:59:14,928 - root - INFO - Hyphenation – Removed character - from ein-geſchloſſenen => eingeſchloſſenen
2022-01-13 15:59:14,928 - root - INFO - Hyphenation – Removed character — from Zuſammen—hang => Zuſammenhang
2022-01-13 15:59:14,933 - root - INFO - Converting data/preparation/minireference/de/retokenized/Wecklein1894_0087.xmi into data/preparation/minireference/de/tsv/Wecklein1894_0087.tsv
2022-01-13 15:59:15,064 - root - INFO - Hyphenation – Removed character — from Sopho—kles => Sophokles
2022-01-13 15:59:15,068 - root - INFO - Hyphenation – No hyphen detected in εἰπεſtellend,
2022-01-13 15:59:15,070 - root - INFO - Hyphenation – Removed character — from Gleich—mäßige => Gleichmäßige
2022-01-13 15:59:15,073 - root - INFO - Converting data/preparation/minireference/de/retokenized/sophokle1v3soph_0017.xmi into data/preparation/minireference/de/tsv/sophokle1v3soph_0017.tsv
2022-01-13 15:59:15,213 - root - INFO - Hyphenation – Removed character - from ungemes-senen => ungemessenen
2022-01-13 15:59:15,214 - root - INFO - Hyphenation – Removed character - from Sopho-kles => Sophokles
2022-01-13 15:59:15,215 - root - INFO - Hyphenation – Removed character - from nachhome-rischen => nachhomerischen
2022-01-13 15:59:15,215 - root - INFO - Hyphenation – Removed character - from ethi-sche => ethische
2022-01-13 15:59:15,215 - root - INFO - Hyphenation – Removed character - from an-gewiesenen => angewiesenen
2022-01-13 15:59:15,216 - root - INFO - Hyphenation – Removed character - from Sie-ger => Sieger
2022-01-13 15:59:15,216 - root - INFO - Hyphenation – Removed character - from ἂν-ϑρωπον => ἂνϑρωπον
2022-01-13 15:59:15,217 - root - INFO - Hyphenation – Removed character - from Mahnun-gen => Mahnungen
2022-01-13 15:59:15,218 - root - INFO - Hyphenation – Removed character - from über-schwänglichen => überschwänglichen
2022-01-13 15:59:15,219 - root - INFO - Hyphenation – Removed character - from Au-gen => Augen
2022-01-13 15:59:15,220 - root - INFO - Hyphenation – Removed character - from In-tentionen => Intentionen
2022-01-13 15:59:15,223 - root - INFO - Converting data/preparation/minireference/de/retokenized/sophokle1v3soph_0049.xmi into data/preparation/minireference/de/tsv/sophokle1v3soph_0049.tsv
2022-01-13 15:59:15,361 - root - INFO - Hyphenation – Removed character - from γέ-ver => γέver
2022-01-13 15:59:15,362 - root - INFO - Hyphenation – Removed character - from schnell-füssigen => schnellfüssigen
2022-01-13 15:59:15,362 - root - INFO - Hyphenation – Removed character - from die-ser => dieser
2022-01-13 15:59:15,363 - root - INFO - Hyphenation – Removed character - from her-austreienden => heraustreienden
2022-01-13 15:59:15,364 - root - INFO - Hyphenation – Removed character - from in-dem => indem
2022-01-13 15:59:15,365 - root - INFO - Hyphenation – Removed character - from vonMenschen-hand => vonMenschenhand
2022-01-13 15:59:15,366 - root - INFO - Hyphenation – Removed character - from Hir-ten => Hirten
2022-01-13 15:59:15,366 - root - INFO - Hyphenation – Removed character - from &rzı-στάταις => &rzıστάταις
2022-01-13 15:59:15,367 - root - INFO - Hyphenation – Removed character - from διφρη-λατεῖν => διφρηλατεῖν
2022-01-13 15:59:15,369 - root - INFO - Hyphenation – Removed character - from τεχμαί-gouct,lege => τεχμαίgouct,lege
2022-01-13 15:59:15,370 - root - INFO - Hyphenation – Removed character - from wahn-sinnigen => wahnsinnigen
2022-01-13 15:59:15,370 - root - INFO - Hyphenation – Removed character - from Forttrei-bens => Forttreibens
2022-01-13 15:59:15,371 - root - INFO - Hyphenation – Removed character - from ge-rade => gerade
2022-01-13 15:59:15,371 - root - INFO - Hyphenation – Removed character - from Dich-tern => Dichtern
2022-01-13 15:59:15,374 - root - INFO - Converting data/preparation/minireference/de/retokenized/sophokle1v3soph_0085.xmi into data/preparation/minireference/de/tsv/sophokle1v3soph_0085.tsv
2022-01-13 15:59:15,486 - root - INFO - Hyphenation – Removed character - from son-dern, => sondern,
2022-01-13 15:59:15,486 - root - INFO - Hyphenation – Removed character - from vorent-halten; => vorenthalten;
2022-01-13 15:59:15,486 - root - INFO - Hyphenation – Removed character - from ver-steckt => versteckt
2022-01-13 15:59:15,487 - root - INFO - Hyphenation – Removed character - from ἐξήγα-γον => ἐξήγαγον
2022-01-13 15:59:15,487 - root - INFO - Hyphenation – Removed character - from ar-gen => argen
2022-01-13 15:59:15,488 - root - INFO - Hyphenation – Removed character - from aus-spricht, => ausspricht,
2022-01-13 15:59:15,490 - root - INFO - Converting data/preparation/minireference/de/retokenized/sophokle1v3soph_0125.xmi into data/preparation/minireference/de/tsv/sophokle1v3soph_0125.tsv
2022-01-13 15:59:15,613 - root - INFO - Hyphenation – Removed character - from Na-men => Namen
2022-01-13 15:59:15,614 - root - INFO - Hyphenation – Removed character - from unvor-sichtiger => unvorsichtiger
2022-01-13 15:59:15,615 - root - INFO - Hyphenation – Removed character - from Teu-kros, => Teukros,
2022-01-13 15:59:15,615 - root - INFO - Hyphenation – Removed character - from Wort-wechsel, => Wortwechsel,
2022-01-13 15:59:15,615 - root - INFO - Hyphenation – Removed character - from Verhöh-nung. => Verhöhnung.
2022-01-13 15:59:15,617 - root - INFO - Hyphenation – Removed character - from inwie-fern => inwiefern
2022-01-13 15:59:15,621 - root - INFO - Conversion completed.
