2022-03-18 09:19:29,126 - __main__ - INFO - Read input from file data/preparation/corpus/en/tsv/cu31924087948174_0014.tsv
2022-03-18 09:19:29,127 - __main__ - INFO - Read input from file data/preparation/corpus/en/tsv/cu31924087948174_0016.tsv
2022-03-18 09:19:29,127 - __main__ - INFO - Read input from file data/preparation/corpus/en/tsv/cu31924087948174_0035.tsv
2022-03-18 09:19:29,128 - __main__ - INFO - Read input from file data/preparation/corpus/en/tsv/cu31924087948174_0045.tsv
2022-03-18 09:19:29,128 - __main__ - INFO - Read input from file data/preparation/corpus/en/tsv/cu31924087948174_0046.tsv
2022-03-18 09:19:29,128 - __main__ - INFO - Read input from file data/preparation/corpus/en/tsv/cu31924087948174_0063.tsv
2022-03-18 09:19:29,129 - __main__ - INFO - Read input from file data/preparation/corpus/en/tsv/cu31924087948174_0117.tsv
2022-03-18 09:19:29,129 - __main__ - INFO - Read input from file data/preparation/corpus/en/tsv/cu31924087948174_0118.tsv
2022-03-18 09:19:29,129 - __main__ - INFO - Read input from file data/preparation/corpus/en/tsv/cu31924087948174_0119.tsv
2022-03-18 09:19:29,130 - __main__ - INFO - Read input from file data/preparation/corpus/en/tsv/cu31924087948174_0010.tsv
2022-03-18 09:19:29,130 - __main__ - INFO - Read input from file data/preparation/corpus/en/tsv/cu31924087948174_0011.tsv
2022-03-18 09:19:29,130 - __main__ - INFO - Read input from file data/preparation/corpus/en/tsv/cu31924087948174_0012.tsv
2022-03-18 09:19:29,131 - __main__ - INFO - Read input from file data/preparation/corpus/en/tsv/cu31924087948174_0036.tsv
2022-03-18 09:19:29,131 - __main__ - INFO - Read input from file data/preparation/corpus/en/tsv/cu31924087948174_0037.tsv
2022-03-18 09:19:29,131 - __main__ - INFO - Read input from file data/preparation/corpus/en/tsv/cu31924087948174_0038.tsv
2022-03-18 09:19:29,132 - __main__ - INFO - Read input from file data/preparation/corpus/en/tsv/cu31924087948174_0039.tsv
2022-03-18 09:19:29,132 - __main__ - INFO - Read input from file data/preparation/corpus/en/tsv/cu31924087948174_0040.tsv
2022-03-18 09:19:29,133 - __main__ - INFO - Read input from file data/preparation/corpus/en/tsv/cu31924087948174_0041.tsv
2022-03-18 09:19:29,133 - __main__ - INFO - Read input from file data/preparation/corpus/en/tsv/cu31924087948174_0044.tsv
2022-03-18 09:19:29,133 - __main__ - INFO - Read input from file data/preparation/corpus/en/tsv/cu31924087948174_0047.tsv
2022-03-18 09:19:29,134 - __main__ - INFO - Read input from file data/preparation/corpus/en/tsv/cu31924087948174_0048.tsv
2022-03-18 09:19:29,134 - __main__ - INFO - Read input from file data/preparation/corpus/en/tsv/cu31924087948174_0049.tsv
2022-03-18 09:19:29,134 - __main__ - INFO - Read input from file data/preparation/corpus/en/tsv/cu31924087948174_0051.tsv
2022-03-18 09:19:29,135 - __main__ - INFO - Read input from file data/preparation/corpus/en/tsv/cu31924087948174_0052.tsv
2022-03-18 09:19:29,135 - __main__ - INFO - Read input from file data/preparation/corpus/en/tsv/cu31924087948174_0053.tsv
2022-03-18 09:19:29,135 - __main__ - INFO - Read input from file data/preparation/corpus/en/tsv/cu31924087948174_0055.tsv
2022-03-18 09:19:29,136 - __main__ - INFO - Read input from file data/preparation/corpus/en/tsv/cu31924087948174_0056.tsv
2022-03-18 09:19:29,136 - __main__ - INFO - Read input from file data/preparation/corpus/en/tsv/cu31924087948174_0057.tsv
2022-03-18 09:19:29,136 - __main__ - INFO - Read input from file data/preparation/corpus/en/tsv/cu31924087948174_0058.tsv
2022-03-18 09:19:29,137 - __main__ - INFO - Read input from file data/preparation/corpus/en/tsv/cu31924087948174_0064.tsv
2022-03-18 09:19:29,137 - __main__ - INFO - Read input from file data/preparation/corpus/en/tsv/cu31924087948174_0065.tsv
2022-03-18 09:19:29,137 - __main__ - INFO - Read input from file data/preparation/corpus/en/tsv/cu31924087948174_0066.tsv
2022-03-18 09:19:29,138 - __main__ - INFO - Read input from file data/preparation/corpus/en/tsv/cu31924087948174_0067.tsv
2022-03-18 09:19:29,138 - __main__ - INFO - Read input from file data/preparation/corpus/en/tsv/cu31924087948174_0070.tsv
2022-03-18 09:19:29,138 - __main__ - INFO - Read input from file data/preparation/corpus/en/tsv/cu31924087948174_0071.tsv
2022-03-18 09:19:29,139 - __main__ - INFO - Read input from file data/preparation/corpus/en/tsv/cu31924087948174_0073.tsv
2022-03-18 09:19:29,139 - __main__ - INFO - Read input from file data/preparation/corpus/en/tsv/cu31924087948174_0074.tsv
2022-03-18 09:19:29,139 - __main__ - INFO - Read input from file data/preparation/corpus/en/tsv/cu31924087948174_0077.tsv
2022-03-18 09:19:29,140 - __main__ - INFO - Read input from file data/preparation/corpus/en/tsv/cu31924087948174_0078.tsv
2022-03-18 09:19:29,140 - __main__ - INFO - Read input from file data/preparation/corpus/en/tsv/cu31924087948174_0079.tsv
2022-03-18 09:19:29,140 - __main__ - INFO - Read input from file data/preparation/corpus/en/tsv/cu31924087948174_0096.tsv
2022-03-18 09:19:29,141 - __main__ - INFO - Read input from file data/preparation/corpus/en/tsv/cu31924087948174_0100.tsv
2022-03-18 09:19:29,141 - __main__ - INFO - Read input from file data/preparation/corpus/en/tsv/cu31924087948174_0108.tsv
2022-03-18 09:19:29,142 - __main__ - INFO - Read input from file data/preparation/corpus/en/tsv/cu31924087948174_0116.tsv
2022-03-18 09:19:29,142 - __main__ - INFO - Read input from file data/preparation/corpus/en/tsv/cu31924087948174_0128.tsv
2022-03-18 09:19:29,142 - __main__ - INFO - Read input from file data/preparation/corpus/en/tsv/cu31924087948174_0150.tsv
2022-03-18 09:19:29,143 - __main__ - INFO - Read input from file data/preparation/corpus/en/tsv/sophoclesplaysa05campgoog_0014.tsv
2022-03-18 09:19:29,143 - __main__ - INFO - Read input from file data/preparation/corpus/en/tsv/sophoclesplaysa05campgoog_0050.tsv
2022-03-18 09:19:29,143 - __main__ - INFO - Read input from file data/preparation/corpus/en/tsv/sophoclesplaysa05campgoog_0097.tsv
2022-03-18 09:19:29,144 - __main__ - INFO - Read input from file data/preparation/corpus/en/tsv/sophoclesplaysa05campgoog_0100.tsv
2022-03-18 09:19:29,144 - __main__ - INFO - Read input from file data/preparation/corpus/en/tsv/sophoclesplaysa05campgoog_0101.tsv
2022-03-18 09:19:29,145 - __main__ - INFO - Read input from file data/preparation/corpus/en/tsv/sophoclesplaysa05campgoog_0103.tsv
2022-03-18 09:19:29,145 - __main__ - INFO - Read input from file data/preparation/corpus/en/tsv/sophoclesplaysa05campgoog_0104.tsv
2022-03-18 09:19:29,145 - __main__ - INFO - Read input from file data/preparation/corpus/en/tsv/sophoclesplaysa05campgoog_0105.tsv
2022-03-18 09:19:29,146 - __main__ - INFO - Read input from file data/preparation/corpus/en/tsv/sophoclesplaysa05campgoog_0108.tsv
2022-03-18 09:19:29,146 - __main__ - INFO - Read input from file data/preparation/corpus/en/tsv/sophoclesplaysa05campgoog_0146.tsv
2022-03-18 09:19:29,147 - __main__ - INFO - Read input from file data/preparation/corpus/en/tsv/sophoclesplaysa05campgoog_0146.tsv
2022-03-18 09:19:29,147 - __main__ - INFO - Read input from file data/preparation/corpus/en/tsv/sophoclesplaysa05campgoog_0147.tsv
2022-03-18 09:19:29,147 - __main__ - INFO - Read input from file data/preparation/corpus/en/tsv/sophoclesplaysa05campgoog_0168.tsv
2022-03-18 09:19:29,148 - __main__ - INFO - Read input from file data/preparation/corpus/en/tsv/sophoclesplaysa05campgoog_0291.tsv
2022-03-18 09:19:29,151 - __main__ - INFO - Written train to data/release/v2.0/HIPE-2022-v2.0-ajmc-train-en.tsv
2022-03-18 09:19:29,168 - __main__ - INFO - data/release/v2.0/HIPE-2022-v2.0-ajmc-train-en.tsv contains all 60 expected documents
2022-03-18 09:19:29,170 - __main__ - INFO - Read input from file data/preparation/corpus/en/tsv/cu31924087948174_0054.tsv
2022-03-18 09:19:29,171 - __main__ - INFO - Read input from file data/preparation/corpus/en/tsv/cu31924087948174_0028.tsv
2022-03-18 09:19:29,171 - __main__ - INFO - Read input from file data/preparation/corpus/en/tsv/cu31924087948174_0034.tsv
2022-03-18 09:19:29,171 - __main__ - INFO - Read input from file data/preparation/corpus/en/tsv/cu31924087948174_0072.tsv
2022-03-18 09:19:29,171 - __main__ - INFO - Read input from file data/preparation/corpus/en/tsv/cu31924087948174_0076.tsv
2022-03-18 09:19:29,172 - __main__ - INFO - Read input from file data/preparation/corpus/en/tsv/cu31924087948174_0080.tsv
2022-03-18 09:19:29,172 - __main__ - INFO - Read input from file data/preparation/corpus/en/tsv/cu31924087948174_0081.tsv
2022-03-18 09:19:29,172 - __main__ - INFO - Read input from file data/preparation/corpus/en/tsv/cu31924087948174_0082.tsv
2022-03-18 09:19:29,173 - __main__ - INFO - Read input from file data/preparation/corpus/en/tsv/cu31924087948174_0083.tsv
2022-03-18 09:19:29,173 - __main__ - INFO - Read input from file data/preparation/corpus/en/tsv/cu31924087948174_0084.tsv
2022-03-18 09:19:29,174 - __main__ - INFO - Read input from file data/preparation/corpus/en/tsv/cu31924087948174_0145.tsv
2022-03-18 09:19:29,174 - __main__ - INFO - Read input from file data/preparation/corpus/en/tsv/sophoclesplaysa05campgoog_0098.tsv
2022-03-18 09:19:29,174 - __main__ - INFO - Read input from file data/preparation/corpus/en/tsv/sophoclesplaysa05campgoog_0106.tsv
2022-03-18 09:19:29,175 - __main__ - INFO - Read input from file data/preparation/corpus/en/tsv/sophoclesplaysa05campgoog_0288.tsv
2022-03-18 09:19:29,176 - __main__ - INFO - Written dev to data/release/v2.0/HIPE-2022-v2.0-ajmc-dev-en.tsv
2022-03-18 09:19:29,179 - __main__ - INFO - data/release/v2.0/HIPE-2022-v2.0-ajmc-dev-en.tsv contains all 14 expected documents
2022-03-18 09:19:29,180 - __main__ - INFO - Read input from file data/preparation/corpus/en/tsv/cu31924087948174_0022.tsv
2022-03-18 09:19:29,181 - __main__ - INFO - Read input from file data/preparation/corpus/en/tsv/cu31924087948174_0059.tsv
2022-03-18 09:19:29,181 - __main__ - INFO - Read input from file data/preparation/corpus/en/tsv/cu31924087948174_0060.tsv
2022-03-18 09:19:29,182 - __main__ - INFO - Read input from file data/preparation/corpus/en/tsv/cu31924087948174_0061.tsv
2022-03-18 09:19:29,182 - __main__ - INFO - Read input from file data/preparation/corpus/en/tsv/cu31924087948174_0062.tsv
2022-03-18 09:19:29,182 - __main__ - INFO - Read input from file data/preparation/corpus/en/tsv/cu31924087948174_0075.tsv
2022-03-18 09:19:29,183 - __main__ - INFO - Read input from file data/preparation/corpus/en/tsv/cu31924087948174_0085.tsv
2022-03-18 09:19:29,183 - __main__ - INFO - Read input from file data/preparation/corpus/en/tsv/cu31924087948174_0086.tsv
2022-03-18 09:19:29,183 - __main__ - INFO - Read input from file data/preparation/corpus/en/tsv/cu31924087948174_0088.tsv
2022-03-18 09:19:29,183 - __main__ - INFO - Read input from file data/preparation/corpus/en/tsv/cu31924087948174_0138.tsv
2022-03-18 09:19:29,184 - __main__ - INFO - Read input from file data/preparation/corpus/en/tsv/sophoclesplaysa05campgoog_0099.tsv
2022-03-18 09:19:29,184 - __main__ - INFO - Read input from file data/preparation/corpus/en/tsv/sophoclesplaysa05campgoog_0102.tsv
2022-03-18 09:19:29,185 - __main__ - INFO - Read input from file data/preparation/corpus/en/tsv/sophoclesplaysa05campgoog_0107.tsv
2022-03-18 09:19:29,186 - __main__ - INFO - Written test to data/release/v2.0/HIPE-2022-v2.0-ajmc-test-en.tsv
2022-03-18 09:19:29,189 - __main__ - INFO - data/release/v2.0/HIPE-2022-v2.0-ajmc-test-en.tsv contains all 13 expected documents
2022-03-18 09:19:29,315 - asyncio - DEBUG - Using selector: KqueueSelector
2022-03-18 09:19:29,550 - asyncio - DEBUG - Using selector: KqueueSelector
2022-03-18 09:19:29,569 - asyncio - DEBUG - Using selector: KqueueSelector
2022-03-18 09:19:31,973 - asyncio - DEBUG - Using selector: KqueueSelector
2022-03-18 09:19:32,916 - __main__ - INFO - Read input from file data/preparation/corpus/de/tsv/sophokle1v3soph_0009.tsv
2022-03-18 09:19:32,916 - __main__ - INFO - Read input from file data/preparation/corpus/de/tsv/sophokle1v3soph_0010.tsv
2022-03-18 09:19:32,917 - __main__ - INFO - Read input from file data/preparation/corpus/de/tsv/sophokle1v3soph_0052.tsv
2022-03-18 09:19:32,917 - __main__ - INFO - Read input from file data/preparation/corpus/de/tsv/sophokle1v3soph_0054.tsv
2022-03-18 09:19:32,917 - __main__ - INFO - Read input from file data/preparation/corpus/de/tsv/sophokle1v3soph_0055.tsv
2022-03-18 09:19:32,918 - __main__ - INFO - Read input from file data/preparation/corpus/de/tsv/sophokle1v3soph_0057.tsv
2022-03-18 09:19:32,918 - __main__ - INFO - Read input from file data/preparation/corpus/de/tsv/sophokle1v3soph_0062.tsv
2022-03-18 09:19:32,918 - __main__ - INFO - Read input from file data/preparation/corpus/de/tsv/sophokle1v3soph_0063.tsv
2022-03-18 09:19:32,919 - __main__ - INFO - Read input from file data/preparation/corpus/de/tsv/sophokle1v3soph_0064.tsv
2022-03-18 09:19:32,919 - __main__ - INFO - Read input from file data/preparation/corpus/de/tsv/sophokle1v3soph_0065.tsv
2022-03-18 09:19:32,919 - __main__ - INFO - Read input from file data/preparation/corpus/de/tsv/sophokle1v3soph_0068.tsv
2022-03-18 09:19:32,920 - __main__ - INFO - Read input from file data/preparation/corpus/de/tsv/sophokle1v3soph_0069.tsv
2022-03-18 09:19:32,920 - __main__ - INFO - Read input from file data/preparation/corpus/de/tsv/sophokle1v3soph_0072.tsv
2022-03-18 09:19:32,920 - __main__ - INFO - Read input from file data/preparation/corpus/de/tsv/sophokle1v3soph_0073.tsv
2022-03-18 09:19:32,921 - __main__ - INFO - Read input from file data/preparation/corpus/de/tsv/sophokle1v3soph_0077.tsv
2022-03-18 09:19:32,921 - __main__ - INFO - Read input from file data/preparation/corpus/de/tsv/sophokle1v3soph_0078.tsv
2022-03-18 09:19:32,921 - __main__ - INFO - Read input from file data/preparation/corpus/de/tsv/sophokle1v3soph_0079.tsv
2022-03-18 09:19:32,922 - __main__ - INFO - Read input from file data/preparation/corpus/de/tsv/sophokle1v3soph_0080.tsv
2022-03-18 09:19:32,922 - __main__ - INFO - Read input from file data/preparation/corpus/de/tsv/sophokle1v3soph_0086.tsv
2022-03-18 09:19:32,922 - __main__ - INFO - Read input from file data/preparation/corpus/de/tsv/sophokle1v3soph_0089.tsv
2022-03-18 09:19:32,923 - __main__ - INFO - Read input from file data/preparation/corpus/de/tsv/sophokle1v3soph_0093.tsv
2022-03-18 09:19:32,923 - __main__ - INFO - Read input from file data/preparation/corpus/de/tsv/sophokle1v3soph_0109.tsv
2022-03-18 09:19:32,923 - __main__ - INFO - Read input from file data/preparation/corpus/de/tsv/sophokle1v3soph_0110.tsv
2022-03-18 09:19:32,923 - __main__ - INFO - Read input from file data/preparation/corpus/de/tsv/sophokle1v3soph_0114.tsv
2022-03-18 09:19:32,924 - __main__ - INFO - Read input from file data/preparation/corpus/de/tsv/sophokle1v3soph_0117.tsv
2022-03-18 09:19:32,924 - __main__ - INFO - Read input from file data/preparation/corpus/de/tsv/sophokle1v3soph_0118.tsv
2022-03-18 09:19:32,924 - __main__ - INFO - Read input from file data/preparation/corpus/de/tsv/sophokle1v3soph_0120.tsv
2022-03-18 09:19:32,925 - __main__ - INFO - Read input from file data/preparation/corpus/de/tsv/sophokle1v3soph_0121.tsv
2022-03-18 09:19:32,925 - __main__ - INFO - Read input from file data/preparation/corpus/de/tsv/sophokle1v3soph_0122.tsv
2022-03-18 09:19:32,925 - __main__ - INFO - Read input from file data/preparation/corpus/de/tsv/sophokle1v3soph_0138.tsv
2022-03-18 09:19:32,926 - __main__ - INFO - Read input from file data/preparation/corpus/de/tsv/sophokle1v3soph_0143.tsv
2022-03-18 09:19:32,926 - __main__ - INFO - Read input from file data/preparation/corpus/de/tsv/sophokle1v3soph_0200.tsv
2022-03-18 09:19:32,926 - __main__ - INFO - Read input from file data/preparation/corpus/de/tsv/sophokle1v3soph_0085.tsv
2022-03-18 09:19:32,927 - __main__ - INFO - Read input from file data/preparation/corpus/de/tsv/sophokle1v3soph_0125.tsv
2022-03-18 09:19:32,927 - __main__ - INFO - Read input from file data/preparation/corpus/de/tsv/Wecklein1894_0050.tsv
2022-03-18 09:19:32,927 - __main__ - INFO - Read input from file data/preparation/corpus/de/tsv/Wecklein1894_0051.tsv
2022-03-18 09:19:32,927 - __main__ - INFO - Read input from file data/preparation/corpus/de/tsv/Wecklein1894_0052.tsv
2022-03-18 09:19:32,928 - __main__ - INFO - Read input from file data/preparation/corpus/de/tsv/Wecklein1894_0053.tsv
2022-03-18 09:19:32,928 - __main__ - INFO - Read input from file data/preparation/corpus/de/tsv/Wecklein1894_0056.tsv
2022-03-18 09:19:32,928 - __main__ - INFO - Read input from file data/preparation/corpus/de/tsv/Wecklein1894_0057.tsv
2022-03-18 09:19:32,929 - __main__ - INFO - Read input from file data/preparation/corpus/de/tsv/Wecklein1894_0058.tsv
2022-03-18 09:19:32,929 - __main__ - INFO - Read input from file data/preparation/corpus/de/tsv/Wecklein1894_0059.tsv
2022-03-18 09:19:32,929 - __main__ - INFO - Read input from file data/preparation/corpus/de/tsv/Wecklein1894_0060.tsv
2022-03-18 09:19:32,929 - __main__ - INFO - Read input from file data/preparation/corpus/de/tsv/Wecklein1894_0061.tsv
2022-03-18 09:19:32,930 - __main__ - INFO - Read input from file data/preparation/corpus/de/tsv/Wecklein1894_0064.tsv
2022-03-18 09:19:32,930 - __main__ - INFO - Read input from file data/preparation/corpus/de/tsv/Wecklein1894_0065.tsv
2022-03-18 09:19:32,930 - __main__ - INFO - Read input from file data/preparation/corpus/de/tsv/Wecklein1894_0082.tsv
2022-03-18 09:19:32,931 - __main__ - INFO - Read input from file data/preparation/corpus/de/tsv/Wecklein1894_0007.tsv
2022-03-18 09:19:32,931 - __main__ - INFO - Read input from file data/preparation/corpus/de/tsv/Wecklein1894_0015.tsv
2022-03-18 09:19:32,931 - __main__ - INFO - Read input from file data/preparation/corpus/de/tsv/Wecklein1894_0016.tsv
2022-03-18 09:19:32,932 - __main__ - INFO - Read input from file data/preparation/corpus/de/tsv/Wecklein1894_0017.tsv
2022-03-18 09:19:32,932 - __main__ - INFO - Read input from file data/preparation/corpus/de/tsv/Wecklein1894_0018.tsv
2022-03-18 09:19:32,932 - __main__ - INFO - Read input from file data/preparation/corpus/de/tsv/Wecklein1894_0019.tsv
2022-03-18 09:19:32,932 - __main__ - INFO - Read input from file data/preparation/corpus/de/tsv/Wecklein1894_0020.tsv
2022-03-18 09:19:32,933 - __main__ - INFO - Read input from file data/preparation/corpus/de/tsv/Wecklein1894_0021.tsv
2022-03-18 09:19:32,933 - __main__ - INFO - Read input from file data/preparation/corpus/de/tsv/Wecklein1894_0024.tsv
2022-03-18 09:19:32,933 - __main__ - INFO - Read input from file data/preparation/corpus/de/tsv/Wecklein1894_0025.tsv
2022-03-18 09:19:32,934 - __main__ - INFO - Read input from file data/preparation/corpus/de/tsv/Wecklein1894_0026.tsv
2022-03-18 09:19:32,934 - __main__ - INFO - Read input from file data/preparation/corpus/de/tsv/Wecklein1894_0027.tsv
2022-03-18 09:19:32,934 - __main__ - INFO - Read input from file data/preparation/corpus/de/tsv/Wecklein1894_0029.tsv
2022-03-18 09:19:32,935 - __main__ - INFO - Read input from file data/preparation/corpus/de/tsv/Wecklein1894_0032.tsv
2022-03-18 09:19:32,935 - __main__ - INFO - Read input from file data/preparation/corpus/de/tsv/Wecklein1894_0033.tsv
2022-03-18 09:19:32,935 - __main__ - INFO - Read input from file data/preparation/corpus/de/tsv/Wecklein1894_0034.tsv
2022-03-18 09:19:32,936 - __main__ - INFO - Read input from file data/preparation/corpus/de/tsv/Wecklein1894_0035.tsv
2022-03-18 09:19:32,936 - __main__ - INFO - Read input from file data/preparation/corpus/de/tsv/Wecklein1894_0036.tsv
2022-03-18 09:19:32,936 - __main__ - INFO - Read input from file data/preparation/corpus/de/tsv/Wecklein1894_0037.tsv
2022-03-18 09:19:32,937 - __main__ - INFO - Read input from file data/preparation/corpus/de/tsv/Wecklein1894_0040.tsv
2022-03-18 09:19:32,937 - __main__ - INFO - Read input from file data/preparation/corpus/de/tsv/Wecklein1894_0041.tsv
2022-03-18 09:19:32,937 - __main__ - INFO - Read input from file data/preparation/corpus/de/tsv/Wecklein1894_0042.tsv
2022-03-18 09:19:32,938 - __main__ - INFO - Read input from file data/preparation/corpus/de/tsv/Wecklein1894_0043.tsv
2022-03-18 09:19:32,938 - __main__ - INFO - Read input from file data/preparation/corpus/de/tsv/Wecklein1894_0044.tsv
2022-03-18 09:19:32,938 - __main__ - INFO - Read input from file data/preparation/corpus/de/tsv/Wecklein1894_0045.tsv
2022-03-18 09:19:32,938 - __main__ - INFO - Read input from file data/preparation/corpus/de/tsv/Wecklein1894_0048.tsv
2022-03-18 09:19:32,939 - __main__ - INFO - Read input from file data/preparation/corpus/de/tsv/Wecklein1894_0049.tsv
2022-03-18 09:19:32,939 - __main__ - INFO - Read input from file data/preparation/corpus/de/tsv/Wecklein1894_0080.tsv
2022-03-18 09:19:32,939 - __main__ - INFO - Read input from file data/preparation/corpus/de/tsv/Wecklein1894_0087.tsv
2022-03-18 09:19:32,941 - __main__ - INFO - Written train to data/release/v2.0/HIPE-2022-v2.0-ajmc-train-de.tsv
2022-03-18 09:19:32,953 - __main__ - INFO - data/release/v2.0/HIPE-2022-v2.0-ajmc-train-de.tsv contains all 76 expected documents
2022-03-18 09:19:32,955 - __main__ - INFO - Read input from file data/preparation/corpus/de/tsv/sophokle1v3soph_0066.tsv
2022-03-18 09:19:32,955 - __main__ - INFO - Read input from file data/preparation/corpus/de/tsv/sophokle1v3soph_0074.tsv
2022-03-18 09:19:32,955 - __main__ - INFO - Read input from file data/preparation/corpus/de/tsv/sophokle1v3soph_0082.tsv
2022-03-18 09:19:32,955 - __main__ - INFO - Read input from file data/preparation/corpus/de/tsv/sophokle1v3soph_0091.tsv
2022-03-18 09:19:32,956 - __main__ - INFO - Read input from file data/preparation/corpus/de/tsv/sophokle1v3soph_0123.tsv
2022-03-18 09:19:32,956 - __main__ - INFO - Read input from file data/preparation/corpus/de/tsv/sophokle1v3soph_0140.tsv
2022-03-18 09:19:32,956 - __main__ - INFO - Read input from file data/preparation/corpus/de/tsv/sophokle1v3soph_0017.tsv
2022-03-18 09:19:32,957 - __main__ - INFO - Read input from file data/preparation/corpus/de/tsv/Wecklein1894_0054.tsv
2022-03-18 09:19:32,957 - __main__ - INFO - Read input from file data/preparation/corpus/de/tsv/Wecklein1894_0062.tsv
2022-03-18 09:19:32,957 - __main__ - INFO - Read input from file data/preparation/corpus/de/tsv/Wecklein1894_0096.tsv
2022-03-18 09:19:32,957 - __main__ - INFO - Read input from file data/preparation/corpus/de/tsv/Wecklein1894_0006.tsv
2022-03-18 09:19:32,958 - __main__ - INFO - Read input from file data/preparation/corpus/de/tsv/Wecklein1894_0030.tsv
2022-03-18 09:19:32,958 - __main__ - INFO - Read input from file data/preparation/corpus/de/tsv/Wecklein1894_0038.tsv
2022-03-18 09:19:32,958 - __main__ - INFO - Read input from file data/preparation/corpus/de/tsv/Wecklein1894_0046.tsv
2022-03-18 09:19:32,959 - __main__ - INFO - Written dev to data/release/v2.0/HIPE-2022-v2.0-ajmc-dev-de.tsv
2022-03-18 09:19:32,962 - __main__ - INFO - data/release/v2.0/HIPE-2022-v2.0-ajmc-dev-de.tsv contains all 14 expected documents
2022-03-18 09:19:32,963 - __main__ - INFO - Read input from file data/preparation/corpus/de/tsv/sophokle1v3soph_0051.tsv
2022-03-18 09:19:32,964 - __main__ - INFO - Read input from file data/preparation/corpus/de/tsv/sophokle1v3soph_0067.tsv
2022-03-18 09:19:32,964 - __main__ - INFO - Read input from file data/preparation/corpus/de/tsv/sophokle1v3soph_0075.tsv
2022-03-18 09:19:32,964 - __main__ - INFO - Read input from file data/preparation/corpus/de/tsv/sophokle1v3soph_0083.tsv
2022-03-18 09:19:32,965 - __main__ - INFO - Read input from file data/preparation/corpus/de/tsv/sophokle1v3soph_0092.tsv
2022-03-18 09:19:32,965 - __main__ - INFO - Read input from file data/preparation/corpus/de/tsv/sophokle1v3soph_0108.tsv
2022-03-18 09:19:32,965 - __main__ - INFO - Read input from file data/preparation/corpus/de/tsv/sophokle1v3soph_0116.tsv
2022-03-18 09:19:32,965 - __main__ - INFO - Read input from file data/preparation/corpus/de/tsv/sophokle1v3soph_0049.tsv
2022-03-18 09:19:32,966 - __main__ - INFO - Read input from file data/preparation/corpus/de/tsv/Wecklein1894_0055.tsv
2022-03-18 09:19:32,966 - __main__ - INFO - Read input from file data/preparation/corpus/de/tsv/Wecklein1894_0063.tsv
2022-03-18 09:19:32,966 - __main__ - INFO - Read input from file data/preparation/corpus/de/tsv/Wecklein1894_0008.tsv
2022-03-18 09:19:32,966 - __main__ - INFO - Read input from file data/preparation/corpus/de/tsv/Wecklein1894_0022.tsv
2022-03-18 09:19:32,967 - __main__ - INFO - Read input from file data/preparation/corpus/de/tsv/Wecklein1894_0023.tsv
2022-03-18 09:19:32,967 - __main__ - INFO - Read input from file data/preparation/corpus/de/tsv/Wecklein1894_0031.tsv
2022-03-18 09:19:32,967 - __main__ - INFO - Read input from file data/preparation/corpus/de/tsv/Wecklein1894_0039.tsv
2022-03-18 09:19:32,967 - __main__ - INFO - Read input from file data/preparation/corpus/de/tsv/Wecklein1894_0047.tsv
2022-03-18 09:19:32,968 - __main__ - INFO - Written test to data/release/v2.0/HIPE-2022-v2.0-ajmc-test-de.tsv
2022-03-18 09:19:32,971 - __main__ - INFO - data/release/v2.0/HIPE-2022-v2.0-ajmc-test-de.tsv contains all 16 expected documents
2022-03-18 09:19:33,020 - asyncio - DEBUG - Using selector: KqueueSelector
2022-03-18 09:19:33,034 - asyncio - DEBUG - Using selector: KqueueSelector
2022-03-18 09:19:35,230 - asyncio - DEBUG - Using selector: KqueueSelector
2022-03-18 09:19:36,504 - __main__ - INFO - Read input from file data/preparation/corpus/fr/tsv/lestragdiesdeso00tourgoog_0060.tsv
2022-03-18 09:19:36,505 - __main__ - INFO - Read input from file data/preparation/corpus/fr/tsv/lestragdiesdeso00tourgoog_0066.tsv
2022-03-18 09:19:36,505 - __main__ - INFO - Read input from file data/preparation/corpus/fr/tsv/lestragdiesdeso00tourgoog_0068.tsv
2022-03-18 09:19:36,506 - __main__ - INFO - Read input from file data/preparation/corpus/fr/tsv/lestragdiesdeso00tourgoog_0069.tsv
2022-03-18 09:19:36,506 - __main__ - INFO - Read input from file data/preparation/corpus/fr/tsv/lestragdiesdeso00tourgoog_0070.tsv
2022-03-18 09:19:36,506 - __main__ - INFO - Read input from file data/preparation/corpus/fr/tsv/lestragdiesdeso00tourgoog_0073.tsv
2022-03-18 09:19:36,507 - __main__ - INFO - Read input from file data/preparation/corpus/fr/tsv/lestragdiesdeso00tourgoog_0074.tsv
2022-03-18 09:19:36,507 - __main__ - INFO - Read input from file data/preparation/corpus/fr/tsv/lestragdiesdeso00tourgoog_0075.tsv
2022-03-18 09:19:36,507 - __main__ - INFO - Read input from file data/preparation/corpus/fr/tsv/lestragdiesdeso00tourgoog_0077.tsv
2022-03-18 09:19:36,508 - __main__ - INFO - Read input from file data/preparation/corpus/fr/tsv/lestragdiesdeso00tourgoog_0078.tsv
2022-03-18 09:19:36,508 - __main__ - INFO - Read input from file data/preparation/corpus/fr/tsv/lestragdiesdeso00tourgoog_0083.tsv
2022-03-18 09:19:36,508 - __main__ - INFO - Read input from file data/preparation/corpus/fr/tsv/lestragdiesdeso00tourgoog_0085.tsv
2022-03-18 09:19:36,509 - __main__ - INFO - Read input from file data/preparation/corpus/fr/tsv/lestragdiesdeso00tourgoog_0086.tsv
2022-03-18 09:19:36,509 - __main__ - INFO - Read input from file data/preparation/corpus/fr/tsv/lestragdiesdeso00tourgoog_0087.tsv
2022-03-18 09:19:36,509 - __main__ - INFO - Read input from file data/preparation/corpus/fr/tsv/lestragdiesdeso00tourgoog_0090.tsv
2022-03-18 09:19:36,510 - __main__ - INFO - Read input from file data/preparation/corpus/fr/tsv/lestragdiesdeso00tourgoog_0091.tsv
2022-03-18 09:19:36,510 - __main__ - INFO - Read input from file data/preparation/corpus/fr/tsv/lestragdiesdeso00tourgoog_0092.tsv
2022-03-18 09:19:36,510 - __main__ - INFO - Read input from file data/preparation/corpus/fr/tsv/lestragdiesdeso00tourgoog_0093.tsv
2022-03-18 09:19:36,511 - __main__ - INFO - Read input from file data/preparation/corpus/fr/tsv/lestragdiesdeso00tourgoog_0094.tsv
2022-03-18 09:19:36,511 - __main__ - INFO - Read input from file data/preparation/corpus/fr/tsv/lestragdiesdeso00tourgoog_0095.tsv
2022-03-18 09:19:36,512 - __main__ - INFO - Read input from file data/preparation/corpus/fr/tsv/lestragdiesdeso00tourgoog_0098.tsv
2022-03-18 09:19:36,512 - __main__ - INFO - Read input from file data/preparation/corpus/fr/tsv/lestragdiesdeso00tourgoog_0099.tsv
2022-03-18 09:19:36,512 - __main__ - INFO - Read input from file data/preparation/corpus/fr/tsv/lestragdiesdeso00tourgoog_0100.tsv
2022-03-18 09:19:36,513 - __main__ - INFO - Read input from file data/preparation/corpus/fr/tsv/lestragdiesdeso00tourgoog_0101.tsv
2022-03-18 09:19:36,513 - __main__ - INFO - Read input from file data/preparation/corpus/fr/tsv/lestragdiesdeso00tourgoog_0102.tsv
2022-03-18 09:19:36,513 - __main__ - INFO - Read input from file data/preparation/corpus/fr/tsv/lestragdiesdeso00tourgoog_0103.tsv
2022-03-18 09:19:36,513 - __main__ - INFO - Read input from file data/preparation/corpus/fr/tsv/lestragdiesdeso00tourgoog_0106.tsv
2022-03-18 09:19:36,514 - __main__ - INFO - Read input from file data/preparation/corpus/fr/tsv/lestragdiesdeso00tourgoog_0107.tsv
2022-03-18 09:19:36,514 - __main__ - INFO - Read input from file data/preparation/corpus/fr/tsv/lestragdiesdeso00tourgoog_0108.tsv
2022-03-18 09:19:36,514 - __main__ - INFO - Read input from file data/preparation/corpus/fr/tsv/lestragdiesdeso00tourgoog_0109.tsv
2022-03-18 09:19:36,515 - __main__ - INFO - Read input from file data/preparation/corpus/fr/tsv/lestragdiesdeso00tourgoog_0110.tsv
2022-03-18 09:19:36,515 - __main__ - INFO - Read input from file data/preparation/corpus/fr/tsv/lestragdiesdeso00tourgoog_0111.tsv
2022-03-18 09:19:36,516 - __main__ - INFO - Read input from file data/preparation/corpus/fr/tsv/lestragdiesdeso00tourgoog_0114.tsv
2022-03-18 09:19:36,516 - __main__ - INFO - Read input from file data/preparation/corpus/fr/tsv/lestragdiesdeso00tourgoog_0115.tsv
2022-03-18 09:19:36,516 - __main__ - INFO - Read input from file data/preparation/corpus/fr/tsv/lestragdiesdeso00tourgoog_0116.tsv
2022-03-18 09:19:36,517 - __main__ - INFO - Read input from file data/preparation/corpus/fr/tsv/lestragdiesdeso00tourgoog_0117.tsv
2022-03-18 09:19:36,517 - __main__ - INFO - Read input from file data/preparation/corpus/fr/tsv/lestragdiesdeso00tourgoog_0118.tsv
2022-03-18 09:19:36,517 - __main__ - INFO - Read input from file data/preparation/corpus/fr/tsv/lestragdiesdeso00tourgoog_0119.tsv
2022-03-18 09:19:36,517 - __main__ - INFO - Read input from file data/preparation/corpus/fr/tsv/lestragdiesdeso00tourgoog_0122.tsv
2022-03-18 09:19:36,518 - __main__ - INFO - Read input from file data/preparation/corpus/fr/tsv/lestragdiesdeso00tourgoog_0123.tsv
2022-03-18 09:19:36,518 - __main__ - INFO - Read input from file data/preparation/corpus/fr/tsv/lestragdiesdeso00tourgoog_0124.tsv
2022-03-18 09:19:36,518 - __main__ - INFO - Read input from file data/preparation/corpus/fr/tsv/lestragdiesdeso00tourgoog_0125.tsv
2022-03-18 09:19:36,518 - __main__ - INFO - Read input from file data/preparation/corpus/fr/tsv/lestragdiesdeso00tourgoog_0126.tsv
2022-03-18 09:19:36,519 - __main__ - INFO - Read input from file data/preparation/corpus/fr/tsv/lestragdiesdeso00tourgoog_0129.tsv
2022-03-18 09:19:36,519 - __main__ - INFO - Read input from file data/preparation/corpus/fr/tsv/lestragdiesdeso00tourgoog_0130.tsv
2022-03-18 09:19:36,519 - __main__ - INFO - Read input from file data/preparation/corpus/fr/tsv/lestragdiesdeso00tourgoog_0131.tsv
2022-03-18 09:19:36,520 - __main__ - INFO - Read input from file data/preparation/corpus/fr/tsv/lestragdiesdeso00tourgoog_0132.tsv
2022-03-18 09:19:36,520 - __main__ - INFO - Read input from file data/preparation/corpus/fr/tsv/lestragdiesdeso00tourgoog_0133.tsv
2022-03-18 09:19:36,520 - __main__ - INFO - Read input from file data/preparation/corpus/fr/tsv/lestragdiesdeso00tourgoog_0136.tsv
2022-03-18 09:19:36,520 - __main__ - INFO - Read input from file data/preparation/corpus/fr/tsv/lestragdiesdeso00tourgoog_0139.tsv
2022-03-18 09:19:36,521 - __main__ - INFO - Read input from file data/preparation/corpus/fr/tsv/lestragdiesdeso00tourgoog_0140.tsv
2022-03-18 09:19:36,521 - __main__ - INFO - Read input from file data/preparation/corpus/fr/tsv/lestragdiesdeso00tourgoog_0141.tsv
2022-03-18 09:19:36,521 - __main__ - INFO - Read input from file data/preparation/corpus/fr/tsv/lestragdiesdeso00tourgoog_0143.tsv
2022-03-18 09:19:36,522 - __main__ - INFO - Read input from file data/preparation/corpus/fr/tsv/lestragdiesdeso00tourgoog_0144.tsv
2022-03-18 09:19:36,522 - __main__ - INFO - Read input from file data/preparation/corpus/fr/tsv/lestragdiesdeso00tourgoog_0146.tsv
2022-03-18 09:19:36,522 - __main__ - INFO - Read input from file data/preparation/corpus/fr/tsv/lestragdiesdeso00tourgoog_0147.tsv
2022-03-18 09:19:36,523 - __main__ - INFO - Read input from file data/preparation/corpus/fr/tsv/lestragdiesdeso00tourgoog_0148.tsv
2022-03-18 09:19:36,523 - __main__ - INFO - Read input from file data/preparation/corpus/fr/tsv/lestragdiesdeso00tourgoog_0149.tsv
2022-03-18 09:19:36,523 - __main__ - INFO - Read input from file data/preparation/corpus/fr/tsv/lestragdiesdeso00tourgoog_0150.tsv
2022-03-18 09:19:36,524 - __main__ - INFO - Read input from file data/preparation/corpus/fr/tsv/lestragdiesdeso00tourgoog_0151.tsv
2022-03-18 09:19:36,524 - __main__ - INFO - Read input from file data/preparation/corpus/fr/tsv/lestragdiesdeso00tourgoog_0155.tsv
2022-03-18 09:19:36,524 - __main__ - INFO - Read input from file data/preparation/corpus/fr/tsv/lestragdiesdeso00tourgoog_0156.tsv
2022-03-18 09:19:36,524 - __main__ - INFO - Read input from file data/preparation/corpus/fr/tsv/lestragdiesdeso00tourgoog_0014.tsv
2022-03-18 09:19:36,524 - __main__ - INFO - Read input from file data/preparation/corpus/fr/tsv/lestragdiesdeso00tourgoog_0017.tsv
2022-03-18 09:19:36,525 - __main__ - INFO - Read input from file data/preparation/corpus/fr/tsv/lestragdiesdeso00tourgoog_0018.tsv
2022-03-18 09:19:36,525 - __main__ - INFO - Read input from file data/preparation/corpus/fr/tsv/lestragdiesdeso00tourgoog_0019.tsv
2022-03-18 09:19:36,525 - __main__ - INFO - Read input from file data/preparation/corpus/fr/tsv/lestragdiesdeso00tourgoog_0021.tsv
2022-03-18 09:19:36,526 - __main__ - INFO - Read input from file data/preparation/corpus/fr/tsv/lestragdiesdeso00tourgoog_0023.tsv
2022-03-18 09:19:36,526 - __main__ - INFO - Read input from file data/preparation/corpus/fr/tsv/lestragdiesdeso00tourgoog_0055.tsv
2022-03-18 09:19:36,526 - __main__ - INFO - Read input from file data/preparation/corpus/fr/tsv/lestragdiesdeso00tourgoog_0057.tsv
2022-03-18 09:19:36,527 - __main__ - INFO - Read input from file data/preparation/corpus/fr/tsv/lestragdiesdeso00tourgoog_0059.tsv
2022-03-18 09:19:36,527 - __main__ - INFO - Read input from file data/preparation/corpus/fr/tsv/lestragdiesdeso00tourgoog_0065.tsv
2022-03-18 09:19:36,529 - __main__ - INFO - Written train to data/release/v2.0/HIPE-2022-v2.0-ajmc-train-fr.tsv
2022-03-18 09:19:36,540 - __main__ - INFO - data/release/v2.0/HIPE-2022-v2.0-ajmc-train-fr.tsv contains all 72 expected documents
2022-03-18 09:19:36,542 - __main__ - INFO - Read input from file data/preparation/corpus/fr/tsv/lestragdiesdeso00tourgoog_0071.tsv
2022-03-18 09:19:36,542 - __main__ - INFO - Read input from file data/preparation/corpus/fr/tsv/lestragdiesdeso00tourgoog_0080.tsv
2022-03-18 09:19:36,543 - __main__ - INFO - Read input from file data/preparation/corpus/fr/tsv/lestragdiesdeso00tourgoog_0082.tsv
2022-03-18 09:19:36,543 - __main__ - INFO - Read input from file data/preparation/corpus/fr/tsv/lestragdiesdeso00tourgoog_0084.tsv
2022-03-18 09:19:36,543 - __main__ - INFO - Read input from file data/preparation/corpus/fr/tsv/lestragdiesdeso00tourgoog_0088.tsv
2022-03-18 09:19:36,543 - __main__ - INFO - Read input from file data/preparation/corpus/fr/tsv/lestragdiesdeso00tourgoog_0096.tsv
2022-03-18 09:19:36,544 - __main__ - INFO - Read input from file data/preparation/corpus/fr/tsv/lestragdiesdeso00tourgoog_0104.tsv
2022-03-18 09:19:36,544 - __main__ - INFO - Read input from file data/preparation/corpus/fr/tsv/lestragdiesdeso00tourgoog_0105.tsv
2022-03-18 09:19:36,544 - __main__ - INFO - Read input from file data/preparation/corpus/fr/tsv/lestragdiesdeso00tourgoog_0112.tsv
2022-03-18 09:19:36,545 - __main__ - INFO - Read input from file data/preparation/corpus/fr/tsv/lestragdiesdeso00tourgoog_0113.tsv
2022-03-18 09:19:36,545 - __main__ - INFO - Read input from file data/preparation/corpus/fr/tsv/lestragdiesdeso00tourgoog_0120.tsv
2022-03-18 09:19:36,545 - __main__ - INFO - Read input from file data/preparation/corpus/fr/tsv/lestragdiesdeso00tourgoog_0128.tsv
2022-03-18 09:19:36,545 - __main__ - INFO - Read input from file data/preparation/corpus/fr/tsv/lestragdiesdeso00tourgoog_0137.tsv
2022-03-18 09:19:36,546 - __main__ - INFO - Read input from file data/preparation/corpus/fr/tsv/lestragdiesdeso00tourgoog_0145.tsv
2022-03-18 09:19:36,546 - __main__ - INFO - Read input from file data/preparation/corpus/fr/tsv/lestragdiesdeso00tourgoog_0153.tsv
2022-03-18 09:19:36,546 - __main__ - INFO - Read input from file data/preparation/corpus/fr/tsv/lestragdiesdeso00tourgoog_0062.tsv
2022-03-18 09:19:36,547 - __main__ - INFO - Read input from file data/preparation/corpus/fr/tsv/lestragdiesdeso00tourgoog_0063.tsv
2022-03-18 09:19:36,547 - __main__ - INFO - Written dev to data/release/v2.0/HIPE-2022-v2.0-ajmc-dev-fr.tsv
2022-03-18 09:19:36,550 - __main__ - INFO - data/release/v2.0/HIPE-2022-v2.0-ajmc-dev-fr.tsv contains all 17 expected documents
2022-03-18 09:19:36,551 - __main__ - INFO - Read input from file data/preparation/corpus/fr/tsv/lestragdiesdeso00tourgoog_0025.tsv
2022-03-18 09:19:36,552 - __main__ - INFO - Read input from file data/preparation/corpus/fr/tsv/lestragdiesdeso00tourgoog_0067.tsv
2022-03-18 09:19:36,552 - __main__ - INFO - Read input from file data/preparation/corpus/fr/tsv/lestragdiesdeso00tourgoog_0076.tsv
2022-03-18 09:19:36,552 - __main__ - INFO - Read input from file data/preparation/corpus/fr/tsv/lestragdiesdeso00tourgoog_0081.tsv
2022-03-18 09:19:36,553 - __main__ - INFO - Read input from file data/preparation/corpus/fr/tsv/lestragdiesdeso00tourgoog_0089.tsv
2022-03-18 09:19:36,553 - __main__ - INFO - Read input from file data/preparation/corpus/fr/tsv/lestragdiesdeso00tourgoog_0097.tsv
2022-03-18 09:19:36,553 - __main__ - INFO - Read input from file data/preparation/corpus/fr/tsv/lestragdiesdeso00tourgoog_0121.tsv
2022-03-18 09:19:36,553 - __main__ - INFO - Read input from file data/preparation/corpus/fr/tsv/lestragdiesdeso00tourgoog_0134.tsv
2022-03-18 09:19:36,554 - __main__ - INFO - Read input from file data/preparation/corpus/fr/tsv/lestragdiesdeso00tourgoog_0138.tsv
2022-03-18 09:19:36,554 - __main__ - INFO - Read input from file data/preparation/corpus/fr/tsv/lestragdiesdeso00tourgoog_0142.tsv
2022-03-18 09:19:36,554 - __main__ - INFO - Read input from file data/preparation/corpus/fr/tsv/lestragdiesdeso00tourgoog_0152.tsv
2022-03-18 09:19:36,555 - __main__ - INFO - Read input from file data/preparation/corpus/fr/tsv/lestragdiesdeso00tourgoog_0154.tsv
2022-03-18 09:19:36,555 - __main__ - INFO - Read input from file data/preparation/corpus/fr/tsv/lestragdiesdeso00tourgoog_0024.tsv
2022-03-18 09:19:36,555 - __main__ - INFO - Read input from file data/preparation/corpus/fr/tsv/lestragdiesdeso00tourgoog_0061.tsv
2022-03-18 09:19:36,555 - __main__ - INFO - Read input from file data/preparation/corpus/fr/tsv/lestragdiesdeso00tourgoog_0064.tsv
2022-03-18 09:19:36,556 - __main__ - INFO - Written test to data/release/v2.0/HIPE-2022-v2.0-ajmc-test-fr.tsv
2022-03-18 09:19:36,558 - __main__ - INFO - data/release/v2.0/HIPE-2022-v2.0-ajmc-test-fr.tsv contains all 15 expected documents
2022-03-18 09:19:36,609 - asyncio - DEBUG - Using selector: KqueueSelector
2022-03-18 09:19:36,623 - asyncio - DEBUG - Using selector: KqueueSelector
2022-03-18 09:19:38,542 - asyncio - DEBUG - Using selector: KqueueSelector
