2022-03-03 11:19:36,188 - asyncio - DEBUG - Using selector: KqueueSelector
2022-03-03 11:19:36,411 - asyncio - DEBUG - Using selector: KqueueSelector
2022-03-03 11:19:36,434 - asyncio - DEBUG - Using selector: KqueueSelector
2022-03-03 11:19:42,743 - parso.cache - DEBUG - pickle loaded: /Users/matteo/.pyenv/versions/hipe2/lib/python3.8/site-packages/jedi/third_party/typeshed/stdlib/2and3/builtins.pyi
2022-03-03 11:19:42,805 - parso.cache - DEBUG - pickle loaded: /Users/matteo/.pyenv/versions/hipe2/lib/python3.8/site-packages/jedi/third_party/typeshed/stdlib/3/sys.pyi
2022-03-03 11:19:43,648 - asyncio - DEBUG - Using selector: KqueueSelector
2022-03-03 11:19:53,103 - __main__ - INFO - Read input from file data/preparation/corpus/en/tsv/cu31924087948174_0010.tsv
2022-03-03 11:19:53,106 - __main__ - INFO - Read input from file data/preparation/corpus/en/tsv/cu31924087948174_0011.tsv
2022-03-03 11:19:53,107 - __main__ - INFO - Read input from file data/preparation/corpus/en/tsv/cu31924087948174_0012.tsv
2022-03-03 11:19:53,107 - __main__ - WARNING - Input file data/preparation/corpus/en/tsv/cu31924087948174_0014.tsv does not exist
2022-03-03 11:19:53,107 - __main__ - WARNING - Input file data/preparation/corpus/en/tsv/cu31924087948174_0016.tsv does not exist
2022-03-03 11:19:53,108 - __main__ - INFO - Read input from file data/preparation/corpus/en/tsv/cu31924087948174_0035.tsv
2022-03-03 11:19:53,108 - __main__ - INFO - Read input from file data/preparation/corpus/en/tsv/cu31924087948174_0036.tsv
2022-03-03 11:19:53,109 - __main__ - INFO - Read input from file data/preparation/corpus/en/tsv/cu31924087948174_0037.tsv
2022-03-03 11:19:53,110 - __main__ - INFO - Read input from file data/preparation/corpus/en/tsv/cu31924087948174_0038.tsv
2022-03-03 11:19:53,111 - __main__ - INFO - Read input from file data/preparation/corpus/en/tsv/cu31924087948174_0039.tsv
2022-03-03 11:19:53,112 - __main__ - INFO - Read input from file data/preparation/corpus/en/tsv/cu31924087948174_0040.tsv
2022-03-03 11:19:53,113 - __main__ - INFO - Read input from file data/preparation/corpus/en/tsv/cu31924087948174_0041.tsv
2022-03-03 11:19:53,113 - __main__ - INFO - Read input from file data/preparation/corpus/en/tsv/cu31924087948174_0044.tsv
2022-03-03 11:19:53,114 - __main__ - WARNING - Input file data/preparation/corpus/en/tsv/cu31924087948174_0045.tsv does not exist
2022-03-03 11:19:53,115 - __main__ - INFO - Read input from file data/preparation/corpus/en/tsv/cu31924087948174_0046.tsv
2022-03-03 11:19:53,115 - __main__ - INFO - Read input from file data/preparation/corpus/en/tsv/cu31924087948174_0047.tsv
2022-03-03 11:19:53,116 - __main__ - INFO - Read input from file data/preparation/corpus/en/tsv/cu31924087948174_0048.tsv
2022-03-03 11:19:53,118 - __main__ - INFO - Read input from file data/preparation/corpus/en/tsv/cu31924087948174_0049.tsv
2022-03-03 11:19:53,119 - __main__ - INFO - Read input from file data/preparation/corpus/en/tsv/cu31924087948174_0051.tsv
2022-03-03 11:19:53,120 - __main__ - INFO - Read input from file data/preparation/corpus/en/tsv/cu31924087948174_0052.tsv
2022-03-03 11:19:53,121 - __main__ - INFO - Read input from file data/preparation/corpus/en/tsv/cu31924087948174_0053.tsv
2022-03-03 11:19:53,121 - __main__ - WARNING - Input file data/preparation/corpus/en/tsv/cu31924087948174_0054.tsv does not exist
2022-03-03 11:19:53,121 - __main__ - INFO - Read input from file data/preparation/corpus/en/tsv/cu31924087948174_0055.tsv
2022-03-03 11:19:53,122 - __main__ - INFO - Read input from file data/preparation/corpus/en/tsv/cu31924087948174_0056.tsv
2022-03-03 11:19:53,123 - __main__ - INFO - Read input from file data/preparation/corpus/en/tsv/cu31924087948174_0057.tsv
2022-03-03 11:19:53,124 - __main__ - WARNING - Input file data/preparation/corpus/en/tsv/cu31924087948174_0058.tsv does not exist
2022-03-03 11:19:53,124 - __main__ - INFO - Read input from file data/preparation/corpus/en/tsv/cu31924087948174_0063.tsv
2022-03-03 11:19:53,125 - __main__ - INFO - Read input from file data/preparation/corpus/en/tsv/cu31924087948174_0064.tsv
2022-03-03 11:19:53,126 - __main__ - INFO - Read input from file data/preparation/corpus/en/tsv/cu31924087948174_0065.tsv
2022-03-03 11:19:53,127 - __main__ - INFO - Read input from file data/preparation/corpus/en/tsv/cu31924087948174_0066.tsv
2022-03-03 11:19:53,128 - __main__ - INFO - Read input from file data/preparation/corpus/en/tsv/cu31924087948174_0067.tsv
2022-03-03 11:19:53,128 - __main__ - INFO - Read input from file data/preparation/corpus/en/tsv/cu31924087948174_0070.tsv
2022-03-03 11:19:53,129 - __main__ - INFO - Read input from file data/preparation/corpus/en/tsv/cu31924087948174_0071.tsv
2022-03-03 11:19:53,130 - __main__ - INFO - Read input from file data/preparation/corpus/en/tsv/cu31924087948174_0072.tsv
2022-03-03 11:19:53,130 - __main__ - INFO - Read input from file data/preparation/corpus/en/tsv/cu31924087948174_0073.tsv
2022-03-03 11:19:53,131 - __main__ - INFO - Read input from file data/preparation/corpus/en/tsv/cu31924087948174_0074.tsv
2022-03-03 11:19:53,132 - __main__ - INFO - Read input from file data/preparation/corpus/en/tsv/cu31924087948174_0077.tsv
2022-03-03 11:19:53,133 - __main__ - INFO - Read input from file data/preparation/corpus/en/tsv/cu31924087948174_0078.tsv
2022-03-03 11:19:53,133 - __main__ - WARNING - Input file data/preparation/corpus/en/tsv/cu31924087948174_0079.tsv does not exist
2022-03-03 11:19:53,134 - __main__ - INFO - Read input from file data/preparation/corpus/en/tsv/cu31924087948174_0096.tsv
2022-03-03 11:19:53,135 - __main__ - INFO - Read input from file data/preparation/corpus/en/tsv/cu31924087948174_0100.tsv
2022-03-03 11:19:53,135 - __main__ - INFO - Read input from file data/preparation/corpus/en/tsv/cu31924087948174_0108.tsv
2022-03-03 11:19:53,136 - __main__ - INFO - Read input from file data/preparation/corpus/en/tsv/cu31924087948174_0116.tsv
2022-03-03 11:19:53,137 - __main__ - WARNING - Input file data/preparation/corpus/en/tsv/cu31924087948174_0117.tsv does not exist
2022-03-03 11:19:53,137 - __main__ - WARNING - Input file data/preparation/corpus/en/tsv/cu31924087948174_0118.tsv does not exist
2022-03-03 11:19:53,137 - __main__ - WARNING - Input file data/preparation/corpus/en/tsv/cu31924087948174_0119.tsv does not exist
2022-03-03 11:19:53,137 - __main__ - INFO - Read input from file data/preparation/corpus/en/tsv/cu31924087948174_0128.tsv
2022-03-03 11:19:53,138 - __main__ - INFO - Read input from file data/preparation/corpus/en/tsv/cu31924087948174_0150.tsv
2022-03-03 11:19:53,139 - __main__ - INFO - Read input from file data/preparation/corpus/en/tsv/sophoclesplaysa05campgoog_0014.tsv
2022-03-03 11:19:53,140 - __main__ - INFO - Read input from file data/preparation/corpus/en/tsv/sophoclesplaysa05campgoog_0050.tsv
2022-03-03 11:19:53,141 - __main__ - INFO - Read input from file data/preparation/corpus/en/tsv/sophoclesplaysa05campgoog_0097.tsv
2022-03-03 11:19:53,142 - __main__ - INFO - Read input from file data/preparation/corpus/en/tsv/sophoclesplaysa05campgoog_0100.tsv
2022-03-03 11:19:53,143 - __main__ - INFO - Read input from file data/preparation/corpus/en/tsv/sophoclesplaysa05campgoog_0101.tsv
2022-03-03 11:19:53,144 - __main__ - INFO - Read input from file data/preparation/corpus/en/tsv/sophoclesplaysa05campgoog_0102.tsv
2022-03-03 11:19:53,144 - __main__ - INFO - Read input from file data/preparation/corpus/en/tsv/sophoclesplaysa05campgoog_0103.tsv
2022-03-03 11:19:53,146 - __main__ - INFO - Read input from file data/preparation/corpus/en/tsv/sophoclesplaysa05campgoog_0104.tsv
2022-03-03 11:19:53,147 - __main__ - INFO - Read input from file data/preparation/corpus/en/tsv/sophoclesplaysa05campgoog_0105.tsv
2022-03-03 11:19:53,148 - __main__ - INFO - Read input from file data/preparation/corpus/en/tsv/sophoclesplaysa05campgoog_0108.tsv
2022-03-03 11:19:53,148 - __main__ - INFO - Read input from file data/preparation/corpus/en/tsv/sophoclesplaysa05campgoog_0146.tsv
2022-03-03 11:19:53,149 - __main__ - INFO - Read input from file data/preparation/corpus/en/tsv/sophoclesplaysa05campgoog_0146.tsv
2022-03-03 11:19:53,149 - __main__ - INFO - Read input from file data/preparation/corpus/en/tsv/sophoclesplaysa05campgoog_0147.tsv
2022-03-03 11:19:53,150 - __main__ - INFO - Read input from file data/preparation/corpus/en/tsv/sophoclesplaysa05campgoog_0168.tsv
2022-03-03 11:19:53,151 - __main__ - INFO - Read input from file data/preparation/corpus/en/tsv/sophoclesplaysa05campgoog_0291.tsv
2022-03-03 11:19:53,155 - __main__ - INFO - Written train to data/release/HIPE-2022--ajmc-train-en.tsv
