2022-02-14 10:54:35,262 - __main__ - INFO - Created folder data/release/v1.0 as it did not exist
2022-02-14 10:54:35,264 - __main__ - INFO - Read input from file data/preparation/minireference/en/tsv/cu31924087948174_0035.tsv
2022-02-14 10:54:35,265 - __main__ - INFO - Read input from file data/preparation/minireference/en/tsv/cu31924087948174_0063.tsv
2022-02-14 10:54:35,265 - __main__ - INFO - Read input from file data/preparation/minireference/en/tsv/sophoclesplaysa05campgoog_0014.tsv
2022-02-14 10:54:35,266 - __main__ - INFO - Read input from file data/preparation/minireference/en/tsv/sophoclesplaysa05campgoog_0146.tsv
2022-02-14 10:54:35,266 - __main__ - INFO - Read input from file data/preparation/minireference/en/tsv/sophoclesplaysa05campgoog_0288.tsv
2022-02-14 10:54:35,268 - __main__ - INFO - Written sample to data/release/v1.0/HIPE-2022-v1.0-ajmc-sample-en.tsv
2022-02-14 10:54:35,269 - __main__ - INFO - data/release/v1.0/HIPE-2022-v1.0-ajmc-sample-en.tsv contains all 5 expected documents
2022-02-14 10:54:35,269 - __main__ - INFO - Read input from file data/preparation/minireference/en/tsv/cu31924087948174_0035-biblio.tsv
2022-02-14 10:54:35,270 - __main__ - INFO - Read input from file data/preparation/minireference/en/tsv/cu31924087948174_0063-biblio.tsv
2022-02-14 10:54:35,270 - __main__ - INFO - Read input from file data/preparation/minireference/en/tsv/sophoclesplaysa05campgoog_0014-biblio.tsv
2022-02-14 10:54:35,271 - __main__ - INFO - Read input from file data/preparation/minireference/en/tsv/sophoclesplaysa05campgoog_0146-biblio.tsv
2022-02-14 10:54:35,271 - __main__ - INFO - Read input from file data/preparation/minireference/en/tsv/sophoclesplaysa05campgoog_0288-biblio.tsv
2022-02-14 10:54:35,272 - __main__ - INFO - Written sample to data/release/v1.0/HIPE-2022-v1.0-ajmc_biblio-sample-en.tsv
2022-02-14 10:54:35,273 - __main__ - INFO - Read input from file data/preparation/minireference/de/tsv/Wecklein1894_0007.tsv
2022-02-14 10:54:35,274 - __main__ - INFO - Read input from file data/preparation/minireference/de/tsv/Wecklein1894_0016.tsv
2022-02-14 10:54:35,274 - __main__ - INFO - Read input from file data/preparation/minireference/de/tsv/Wecklein1894_0080.tsv
2022-02-14 10:54:35,274 - __main__ - INFO - Read input from file data/preparation/minireference/de/tsv/Wecklein1894_0087.tsv
2022-02-14 10:54:35,275 - __main__ - INFO - Read input from file data/preparation/minireference/de/tsv/sophokle1v3soph_0017.tsv
2022-02-14 10:54:35,276 - __main__ - INFO - Read input from file data/preparation/minireference/de/tsv/sophokle1v3soph_0049.tsv
2022-02-14 10:54:35,276 - __main__ - INFO - Read input from file data/preparation/minireference/de/tsv/sophokle1v3soph_0085.tsv
2022-02-14 10:54:35,276 - __main__ - INFO - Read input from file data/preparation/minireference/de/tsv/sophokle1v3soph_0125.tsv
2022-02-14 10:54:35,277 - __main__ - INFO - Written sample to data/release/v1.0/HIPE-2022-v1.0-ajmc-sample-de.tsv
2022-02-14 10:54:35,279 - __main__ - INFO - data/release/v1.0/HIPE-2022-v1.0-ajmc-sample-de.tsv contains all 8 expected documents
2022-02-14 10:54:35,280 - __main__ - INFO - Read input from file data/preparation/minireference/de/tsv/Wecklein1894_0007-biblio.tsv
2022-02-14 10:54:35,280 - __main__ - INFO - Read input from file data/preparation/minireference/de/tsv/Wecklein1894_0016-biblio.tsv
2022-02-14 10:54:35,281 - __main__ - INFO - Read input from file data/preparation/minireference/de/tsv/Wecklein1894_0080-biblio.tsv
2022-02-14 10:54:35,281 - __main__ - INFO - Read input from file data/preparation/minireference/de/tsv/Wecklein1894_0087-biblio.tsv
2022-02-14 10:54:35,282 - __main__ - INFO - Read input from file data/preparation/minireference/de/tsv/sophokle1v3soph_0017-biblio.tsv
2022-02-14 10:54:35,282 - __main__ - INFO - Read input from file data/preparation/minireference/de/tsv/sophokle1v3soph_0049-biblio.tsv
2022-02-14 10:54:35,283 - __main__ - INFO - Read input from file data/preparation/minireference/de/tsv/sophokle1v3soph_0085-biblio.tsv
2022-02-14 10:54:35,283 - __main__ - INFO - Read input from file data/preparation/minireference/de/tsv/sophokle1v3soph_0125-biblio.tsv
2022-02-14 10:54:35,284 - __main__ - INFO - Written sample to data/release/v1.0/HIPE-2022-v1.0-ajmc_biblio-sample-de.tsv
