2022-01-10 16:54:30,192 - root - INFO - Start retokenization of 5 files.
2022-01-10 16:54:30,346 - root - INFO - Token 'origin';' was tokenized into ['origin', "'", ';'] in document: data/preparation/minireference/en/curated/cu31924087948174_0035.xmi
2022-01-10 16:54:30,346 - root - INFO - Token 'situation.—¢'The' was tokenized into ['situation.—¢', "'", 'The'] in document: data/preparation/minireference/en/curated/cu31924087948174_0035.xmi
2022-01-10 16:54:30,347 - root - INFO - Token 'death,' was tokenized into ['death', ','] in document: data/preparation/minireference/en/curated/cu31924087948174_0035.xmi
2022-01-10 16:54:30,347 - root - INFO - Token 'assumes,' was tokenized into ['assumes', ','] in document: data/preparation/minireference/en/curated/cu31924087948174_0035.xmi
2022-01-10 16:54:30,347 - root - INFO - Token 'Sun,' was tokenized into ['Sun', ','] in document: data/preparation/minireference/en/curated/cu31924087948174_0035.xmi
2022-01-10 16:54:30,347 - root - INFO - Token 'not,' was tokenized into ['not', ','] in document: data/preparation/minireference/en/curated/cu31924087948174_0035.xmi
2022-01-10 16:54:30,347 - root - INFO - Token 'it,' was tokenized into ['it', ','] in document: data/preparation/minireference/en/curated/cu31924087948174_0035.xmi
2022-01-10 16:54:30,347 - root - INFO - Token 'night,' was tokenized into ['night', ','] in document: data/preparation/minireference/en/curated/cu31924087948174_0035.xmi
2022-01-10 16:54:30,347 - root - INFO - Token '(according' was tokenized into ['(', 'according'] in document: data/preparation/minireference/en/curated/cu31924087948174_0035.xmi
2022-01-10 16:54:30,347 - root - INFO - Token 'Pind.' was tokenized into ['Pind', '.'] in document: data/preparation/minireference/en/curated/cu31924087948174_0035.xmi
2022-01-10 16:54:30,347 - root - INFO - Token 'Isthm.' was tokenized into ['Isthm', '.'] in document: data/preparation/minireference/en/curated/cu31924087948174_0035.xmi
2022-01-10 16:54:30,347 - root - INFO - Token '3.' was tokenized into ['3', '.'] in document: data/preparation/minireference/en/curated/cu31924087948174_0035.xmi
2022-01-10 16:54:30,347 - root - INFO - Token '59),' was tokenized into ['59)', ','] in document: data/preparation/minireference/en/curated/cu31924087948174_0035.xmi
2022-01-10 16:54:30,347 - root - INFO - Token 'dawn.' was tokenized into ['dawn', '.'] in document: data/preparation/minireference/en/curated/cu31924087948174_0035.xmi
2022-01-10 16:54:30,347 - root - INFO - Token 'notice,' was tokenized into ['notice', ','] in document: data/preparation/minireference/en/curated/cu31924087948174_0035.xmi
2022-01-10 16:54:30,348 - root - INFO - Token 'play,' was tokenized into ['play', ','] in document: data/preparation/minireference/en/curated/cu31924087948174_0035.xmi
2022-01-10 16:54:30,348 - root - INFO - Token 'view.' was tokenized into ['view', '.'] in document: data/preparation/minireference/en/curated/cu31924087948174_0035.xmi
2022-01-10 16:54:30,348 - root - INFO - Token 'tradition,' was tokenized into ['tradition', ','] in document: data/preparation/minireference/en/curated/cu31924087948174_0035.xmi
2022-01-10 16:54:30,348 - root - INFO - Token 'invention,' was tokenized into ['invention', ','] in document: data/preparation/minireference/en/curated/cu31924087948174_0035.xmi
2022-01-10 16:54:30,348 - root - INFO - Token 'doubtful,' was tokenized into ['doubtful', ','] in document: data/preparation/minireference/en/curated/cu31924087948174_0035.xmi
2022-01-10 16:54:30,348 - root - INFO - Token 'legend,' was tokenized into ['legend', ','] in document: data/preparation/minireference/en/curated/cu31924087948174_0035.xmi
2022-01-10 16:54:30,348 - root - INFO - Token 'refined.' was tokenized into ['refined', '.'] in document: data/preparation/minireference/en/curated/cu31924087948174_0035.xmi
2022-01-10 16:54:30,348 - root - INFO - Token 'Ajax’' was tokenized into ['Ajax', '’'] in document: data/preparation/minireference/en/curated/cu31924087948174_0035.xmi
2022-01-10 16:54:30,348 - root - INFO - Token 'Sophocles,' was tokenized into ['Sophocles', ','] in document: data/preparation/minireference/en/curated/cu31924087948174_0035.xmi
2022-01-10 16:54:30,348 - root - INFO - Token 'Iliad.' was tokenized into ['Iliad', '.'] in document: data/preparation/minireference/en/curated/cu31924087948174_0035.xmi
2022-01-10 16:54:30,348 - root - INFO - Token '1.' was tokenized into ['1', '.'] in document: data/preparation/minireference/en/curated/cu31924087948174_0035.xmi
2022-01-10 16:54:30,348 - root - INFO - Token 'story.' was tokenized into ['story', '.'] in document: data/preparation/minireference/en/curated/cu31924087948174_0035.xmi
2022-01-10 16:54:30,348 - root - INFO - Token 'impression,' was tokenized into ['impression', ','] in document: data/preparation/minireference/en/curated/cu31924087948174_0035.xmi
2022-01-10 16:54:30,348 - root - INFO - Token 'end.' was tokenized into ['end', '.'] in document: data/preparation/minireference/en/curated/cu31924087948174_0035.xmi
2022-01-10 16:54:30,349 - root - INFO - Token 'visible,' was tokenized into ['visible', ','] in document: data/preparation/minireference/en/curated/cu31924087948174_0035.xmi
2022-01-10 16:54:30,349 - root - INFO - Token 'view,' was tokenized into ['view', ','] in document: data/preparation/minireference/en/curated/cu31924087948174_0035.xmi
2022-01-10 16:54:30,349 - root - INFO - Token 'drama,' was tokenized into ['drama', ','] in document: data/preparation/minireference/en/curated/cu31924087948174_0035.xmi
2022-01-10 16:54:30,349 - root - INFO - Token 'awe.' was tokenized into ['awe', '.'] in document: data/preparation/minireference/en/curated/cu31924087948174_0035.xmi
2022-01-10 16:54:30,349 - root - INFO - Token 'persons.' was tokenized into ['persons', '.'] in document: data/preparation/minireference/en/curated/cu31924087948174_0035.xmi
2022-01-10 16:54:30,349 - root - INFO - Token 'a.' was tokenized into ['a', '.'] in document: data/preparation/minireference/en/curated/cu31924087948174_0035.xmi
2022-01-10 16:54:30,349 - root - INFO - Token 'wrath:' was tokenized into ['wrath', ':'] in document: data/preparation/minireference/en/curated/cu31924087948174_0035.xmi
2022-01-10 16:54:30,349 - root - INFO - Token '—but' was tokenized into ['—', 'but'] in document: data/preparation/minireference/en/curated/cu31924087948174_0035.xmi
2022-01-10 16:54:30,349 - root - INFO - Token 'calmness,' was tokenized into ['calmness', ','] in document: data/preparation/minireference/en/curated/cu31924087948174_0035.xmi
2022-01-10 16:54:30,349 - root - INFO - Token 'self-possession,' was tokenized into ['self-possession', ','] in document: data/preparation/minireference/en/curated/cu31924087948174_0035.xmi
2022-01-10 16:54:30,349 - root - INFO - Token 'word!' was tokenized into ['word', '!'] in document: data/preparation/minireference/en/curated/cu31924087948174_0035.xmi
2022-01-10 16:54:30,349 - root - INFO - Token 'Odysseus,' was tokenized into ['Odysseus', ','] in document: data/preparation/minireference/en/curated/cu31924087948174_0035.xmi
2022-01-10 16:54:30,349 - root - INFO - Token 'wisdom,' was tokenized into ['wisdom', ','] in document: data/preparation/minireference/en/curated/cu31924087948174_0035.xmi
2022-01-10 16:54:30,349 - root - INFO - Token 'her,' was tokenized into ['her', ','] in document: data/preparation/minireference/en/curated/cu31924087948174_0035.xmi
2022-01-10 16:54:30,349 - root - INFO - Token 'army,' was tokenized into ['army', ','] in document: data/preparation/minireference/en/curated/cu31924087948174_0035.xmi
2022-01-10 16:54:30,349 - root - INFO - Token 'Ajax,' was tokenized into ['Ajax', ','] in document: data/preparation/minireference/en/curated/cu31924087948174_0035.xmi
2022-01-10 16:54:30,350 - root - INFO - Token 'generals,' was tokenized into ['generals', ','] in document: data/preparation/minireference/en/curated/cu31924087948174_0035.xmi
2022-01-10 16:54:30,350 - root - INFO - Token 'danger,' was tokenized into ['danger', ','] in document: data/preparation/minireference/en/curated/cu31924087948174_0035.xmi
2022-01-10 16:54:30,350 - root - INFO - Token '‘as' was tokenized into ['‘', 'as'] in document: data/preparation/minireference/en/curated/cu31924087948174_0035.xmi
2022-01-10 16:54:30,350 - root - INFO - Token 'child,’' was tokenized into ['child,', '’'] in document: data/preparation/minireference/en/curated/cu31924087948174_0035.xmi
2022-01-10 16:54:30,350 - root - INFO - Token 'necessary,' was tokenized into ['necessary', ','] in document: data/preparation/minireference/en/curated/cu31924087948174_0035.xmi
2022-01-10 16:54:30,350 - root - INFO - Token 'pride.' was tokenized into ['pride', '.'] in document: data/preparation/minireference/en/curated/cu31924087948174_0035.xmi
2022-01-10 16:54:30,350 - root - INFO - Token 'spec-' was tokenized into ['spec', '-'] in document: data/preparation/minireference/en/curated/cu31924087948174_0035.xmi
2022-01-10 16:54:30,350 - root - INFO - Token 'terrible.' was tokenized into ['terrible', '.'] in document: data/preparation/minireference/en/curated/cu31924087948174_0035.xmi
2022-01-10 16:54:30,350 - root - INFO - Token 'half-' was tokenized into ['half', '-'] in document: data/preparation/minireference/en/curated/cu31924087948174_0035.xmi
2022-01-10 16:54:30,350 - root - INFO - Token '‘as' was tokenized into ['‘', 'as'] in document: data/preparation/minireference/en/curated/cu31924087948174_0035.xmi
2022-01-10 16:54:30,350 - root - INFO - Token 'Nature!' was tokenized into ['Nature', '!'] in document: data/preparation/minireference/en/curated/cu31924087948174_0035.xmi
2022-01-10 16:54:30,350 - root - INFO - Token 'perished,' was tokenized into ['perished', ','] in document: data/preparation/minireference/en/curated/cu31924087948174_0035.xmi
2022-01-10 16:54:30,350 - root - INFO - Token 'Olympus,' was tokenized into ['Olympus', ','] in document: data/preparation/minireference/en/curated/cu31924087948174_0035.xmi
2022-01-10 16:54:30,350 - root - INFO - Token 'spirit.' was tokenized into ['spirit', '.'] in document: data/preparation/minireference/en/curated/cu31924087948174_0035.xmi
2022-01-10 16:54:30,350 - root - INFO - Token 'her-' was tokenized into ['her', '-'] in document: data/preparation/minireference/en/curated/cu31924087948174_0035.xmi
2022-01-10 16:54:30,351 - root - INFO - Token 'Ajax,' was tokenized into ['Ajax', ','] in document: data/preparation/minireference/en/curated/cu31924087948174_0035.xmi
2022-01-10 16:54:30,351 - root - INFO - Token 'mind,' was tokenized into ['mind', ','] in document: data/preparation/minireference/en/curated/cu31924087948174_0035.xmi
2022-01-10 16:54:30,351 - root - INFO - Token 'foresight.' was tokenized into ['foresight', '.'] in document: data/preparation/minireference/en/curated/cu31924087948174_0035.xmi
2022-01-10 16:54:30,351 - root - INFO - Token 'ὦ.' was tokenized into ['ὦ', '.'] in document: data/preparation/minireference/en/curated/cu31924087948174_0035.xmi
2022-01-10 16:54:30,351 - root - INFO - Token 'situation.—¢' was tokenized into ['situation.—', '¢'] in document: data/preparation/minireference/en/curated/cu31924087948174_0035.xmi
2022-01-10 16:54:30,351 - root - INFO - Token 'Odysseus”' was tokenized into ['Odysseus', '”'] in document: data/preparation/minireference/en/curated/cu31924087948174_0035.xmi
2022-01-10 16:54:30,351 - root - INFO - Token 'rage.' was tokenized into ['rage', '.'] in document: data/preparation/minireference/en/curated/cu31924087948174_0035.xmi
2022-01-10 16:54:30,351 - root - INFO - Token ':—' was tokenized into [':', '—'] in document: data/preparation/minireference/en/curated/cu31924087948174_0035.xmi
2022-01-10 16:54:30,351 - root - INFO - Token 'glance,' was tokenized into ['glance', ','] in document: data/preparation/minireference/en/curated/cu31924087948174_0035.xmi
2022-01-10 16:54:30,351 - root - INFO - Token 'Zeus,' was tokenized into ['Zeus', ','] in document: data/preparation/minireference/en/curated/cu31924087948174_0035.xmi
2022-01-10 16:54:30,351 - root - INFO - Token 'them.’' was tokenized into ['them.', '’'] in document: data/preparation/minireference/en/curated/cu31924087948174_0035.xmi
2022-01-10 16:54:30,351 - root - INFO - Token 'Sophocles,' was tokenized into ['Sophocles', ','] in document: data/preparation/minireference/en/curated/cu31924087948174_0035.xmi
2022-01-10 16:54:30,351 - root - INFO - Token 'complete,' was tokenized into ['complete', ','] in document: data/preparation/minireference/en/curated/cu31924087948174_0035.xmi
2022-01-10 16:54:30,352 - root - INFO - Token 'ff,' was tokenized into ['ff', ','] in document: data/preparation/minireference/en/curated/cu31924087948174_0035.xmi
2022-01-10 16:54:30,352 - root - INFO - Token 'note,' was tokenized into ['note', ','] in document: data/preparation/minireference/en/curated/cu31924087948174_0035.xmi
2022-01-10 16:54:30,553 - root - INFO - Token 'man.’' was tokenized into ['man.', '’'] in document: data/preparation/minireference/en/curated/cu31924087948174_0063.xmi
2022-01-10 16:54:30,554 - root - INFO - Token 'L.' was tokenized into ['L', '.'] in document: data/preparation/minireference/en/curated/cu31924087948174_0063.xmi
2022-01-10 16:54:30,554 - root - INFO - Token '9.p.' was tokenized into ['9', '.', 'p', '.'] in document: data/preparation/minireference/en/curated/cu31924087948174_0063.xmi
2022-01-10 16:54:30,554 - root - INFO - Token '12,' was tokenized into ['12', ','] in document: data/preparation/minireference/en/curated/cu31924087948174_0063.xmi
2022-01-10 16:54:30,554 - root - INFO - Token '2.' was tokenized into ['2', '.'] in document: data/preparation/minireference/en/curated/cu31924087948174_0063.xmi
2022-01-10 16:54:30,554 - root - INFO - Token 'infr.' was tokenized into ['infr', '.'] in document: data/preparation/minireference/en/curated/cu31924087948174_0063.xmi
2022-01-10 16:54:30,554 - root - INFO - Token '245,' was tokenized into ['245', ','] in document: data/preparation/minireference/en/curated/cu31924087948174_0063.xmi
2022-01-10 16:54:30,554 - root - INFO - Token '*kar’' was tokenized into ['*', 'kar’'] in document: data/preparation/minireference/en/curated/cu31924087948174_0063.xmi
2022-01-10 16:54:30,554 - root - INFO - Token 'aifovos.' was tokenized into ['aifovos', '.'] in document: data/preparation/minireference/en/curated/cu31924087948174_0063.xmi
2022-01-10 16:54:30,554 - root - INFO - Token 'occur-' was tokenized into ['occur', '-'] in document: data/preparation/minireference/en/curated/cu31924087948174_0063.xmi
2022-01-10 16:54:30,554 - root - INFO - Token 'alpha-' was tokenized into ['alpha', '-'] in document: data/preparation/minireference/en/curated/cu31924087948174_0063.xmi
2022-01-10 16:54:30,554 - root - INFO - Token '(immediately' was tokenized into ['(', 'immediately'] in document: data/preparation/minireference/en/curated/cu31924087948174_0063.xmi
2022-01-10 16:54:30,554 - root - INFO - Token 'αἶθον).' was tokenized into ['αἶθον)', '.'] in document: data/preparation/minireference/en/curated/cu31924087948174_0063.xmi
2022-01-10 16:54:30,554 - root - INFO - Token '(see' was tokenized into ['(', 'see'] in document: data/preparation/minireference/en/curated/cu31924087948174_0063.xmi
2022-01-10 16:54:30,554 - root - INFO - Token 'v.' was tokenized into ['v', '.'] in document: data/preparation/minireference/en/curated/cu31924087948174_0063.xmi
2022-01-10 16:54:30,555 - root - INFO - Token 'rr.)' was tokenized into ['rr.', ')'] in document: data/preparation/minireference/en/curated/cu31924087948174_0063.xmi
2022-01-10 16:54:30,555 - root - INFO - Token 'defended,' was tokenized into ['defended', ','] in document: data/preparation/minireference/en/curated/cu31924087948174_0063.xmi
2022-01-10 16:54:30,555 - root - INFO - Token '(see' was tokenized into ['(', 'see'] in document: data/preparation/minireference/en/curated/cu31924087948174_0063.xmi
2022-01-10 16:54:30,555 - root - INFO - Token 'esp.' was tokenized into ['esp', '.'] in document: data/preparation/minireference/en/curated/cu31924087948174_0063.xmi
2022-01-10 16:54:30,555 - root - INFO - Token 'infr.' was tokenized into ['infr', '.'] in document: data/preparation/minireference/en/curated/cu31924087948174_0063.xmi
2022-01-10 16:54:30,555 - root - INFO - Token '954,' was tokenized into ['954', ','] in document: data/preparation/minireference/en/curated/cu31924087948174_0063.xmi
2022-01-10 16:54:30,555 - root - INFO - Token 'κελαι-' was tokenized into ['κελαι', '-'] in document: data/preparation/minireference/en/curated/cu31924087948174_0063.xmi
2022-01-10 16:54:30,555 - root - INFO - Token 'θυμόν),' was tokenized into ['θυμόν)', ','] in document: data/preparation/minireference/en/curated/cu31924087948174_0063.xmi
2022-01-10 16:54:30,555 - root - INFO - Token 'αἴθων,' was tokenized into ['αἴθων', ','] in document: data/preparation/minireference/en/curated/cu31924087948174_0063.xmi
2022-01-10 16:54:30,555 - root - INFO - Token 'character,' was tokenized into ['character', ','] in document: data/preparation/minireference/en/curated/cu31924087948174_0063.xmi
2022-01-10 16:54:30,555 - root - INFO - Token 'here,' was tokenized into ['here', ','] in document: data/preparation/minireference/en/curated/cu31924087948174_0063.xmi
2022-01-10 16:54:30,555 - root - INFO - Token 'MS.' was tokenized into ['MS', '.'] in document: data/preparation/minireference/en/curated/cu31924087948174_0063.xmi
2022-01-10 16:54:30,555 - root - INFO - Token 'favour.' was tokenized into ['favour', '.'] in document: data/preparation/minireference/en/curated/cu31924087948174_0063.xmi
2022-01-10 16:54:30,555 - root - INFO - Token '222.' was tokenized into ['222', '.'] in document: data/preparation/minireference/en/curated/cu31924087948174_0063.xmi
2022-01-10 16:54:30,555 - root - INFO - Token 'devkrdv]' was tokenized into ['devkrdv', ']'] in document: data/preparation/minireference/en/curated/cu31924087948174_0063.xmi
2022-01-10 16:54:30,555 - root - INFO - Token 'endured.' was tokenized into ['endured', '.'] in document: data/preparation/minireference/en/curated/cu31924087948174_0063.xmi
2022-01-10 16:54:30,556 - root - INFO - Token '225.' was tokenized into ['225', '.'] in document: data/preparation/minireference/en/curated/cu31924087948174_0063.xmi
2022-01-10 16:54:30,556 - root - INFO - Token 'μεγάλων]' was tokenized into ['μεγάλων', ']'] in document: data/preparation/minireference/en/curated/cu31924087948174_0063.xmi
2022-01-10 16:54:30,556 - root - INFO - Token '‘Terrible.' was tokenized into ['‘', 'Terrible.'] in document: data/preparation/minireference/en/curated/cu31924087948174_0063.xmi
2022-01-10 16:54:30,556 - root - INFO - Token 'mari-' was tokenized into ['mari', '-'] in document: data/preparation/minireference/en/curated/cu31924087948174_0063.xmi
2022-01-10 16:54:30,556 - root - INFO - Token 'ners,' was tokenized into ['ners', ','] in document: data/preparation/minireference/en/curated/cu31924087948174_0063.xmi
2022-01-10 16:54:30,556 - root - INFO - Token '(supr.' was tokenized into ['(', 'supr.'] in document: data/preparation/minireference/en/curated/cu31924087948174_0063.xmi
2022-01-10 16:54:30,556 - root - INFO - Token 'foll.),' was tokenized into ['foll.)', ','] in document: data/preparation/minireference/en/curated/cu31924087948174_0063.xmi
2022-01-10 16:54:30,556 - root - INFO - Token 'host.' was tokenized into ['host', '.'] in document: data/preparation/minireference/en/curated/cu31924087948174_0063.xmi
2022-01-10 16:54:30,556 - root - INFO - Token 'φευκτάν.' was tokenized into ['φευκτάν', '.'] in document: data/preparation/minireference/en/curated/cu31924087948174_0063.xmi
2022-01-10 16:54:30,556 - root - INFO - Token 'eluded,' was tokenized into ['eluded', ','] in document: data/preparation/minireference/en/curated/cu31924087948174_0063.xmi
2022-01-10 16:54:30,556 - root - INFO - Token 'host,' was tokenized into ['host', ','] in document: data/preparation/minireference/en/curated/cu31924087948174_0063.xmi
2022-01-10 16:54:30,556 - root - INFO - Token 'rumour,' was tokenized into ['rumour', ','] in document: data/preparation/minireference/en/curated/cu31924087948174_0063.xmi
2022-01-10 16:54:30,556 - root - INFO - Token '220.' was tokenized into ['220', '.'] in document: data/preparation/minireference/en/curated/cu31924087948174_0063.xmi
2022-01-10 16:54:30,556 - root - INFO - Token 'μῦθος]' was tokenized into ['μῦθος', ']'] in document: data/preparation/minireference/en/curated/cu31924087948174_0063.xmi
2022-01-10 16:54:30,556 - root - INFO - Token '‘The' was tokenized into ['‘', 'The'] in document: data/preparation/minireference/en/curated/cu31924087948174_0063.xmi
2022-01-10 16:54:30,557 - root - INFO - Token 'rumour.”' was tokenized into ['rumour.', '”'] in document: data/preparation/minireference/en/curated/cu31924087948174_0063.xmi
2022-01-10 16:54:30,557 - root - INFO - Token 'Supr.' was tokenized into ['Supr', '.'] in document: data/preparation/minireference/en/curated/cu31924087948174_0063.xmi
2022-01-10 16:54:30,557 - root - INFO - Token '172,' was tokenized into ['172', ','] in document: data/preparation/minireference/en/curated/cu31924087948174_0063.xmi
2022-01-10 16:54:30,557 - root - INFO - Token 'φάτις,' was tokenized into ['φάτις', ','] in document: data/preparation/minireference/en/curated/cu31924087948174_0063.xmi
2022-01-10 16:54:30,557 - root - INFO - Token 'thing,' was tokenized into ['thing', ','] in document: data/preparation/minireference/en/curated/cu31924087948174_0063.xmi
2022-01-10 16:54:30,557 - root - INFO - Token 'general.' was tokenized into ['general', '.'] in document: data/preparation/minireference/en/curated/cu31924087948174_0063.xmi
2022-01-10 16:54:30,557 - root - INFO - Token 'ἀέξει]' was tokenized into ['ἀέξει', ']'] in document: data/preparation/minireference/en/curated/cu31924087948174_0063.xmi
2022-01-10 16:54:30,557 - root - INFO - Token 'exaggerates,’' was tokenized into ['exaggerates,', '’'] in document: data/preparation/minireference/en/curated/cu31924087948174_0063.xmi
2022-01-10 16:54:30,557 - root - INFO - Token 'exaggerated,' was tokenized into ['exaggerated', ','] in document: data/preparation/minireference/en/curated/cu31924087948174_0063.xmi
2022-01-10 16:54:30,557 - root - INFO - Token 'but,' was tokenized into ['but', ','] in document: data/preparation/minireference/en/curated/cu31924087948174_0063.xmi
2022-01-10 16:54:30,557 - root - INFO - Token '‘which' was tokenized into ['‘', 'which'] in document: data/preparation/minireference/en/curated/cu31924087948174_0063.xmi
2022-01-10 16:54:30,557 - root - INFO - Token 'abroad.’' was tokenized into ['abroad.', '’'] in document: data/preparation/minireference/en/curated/cu31924087948174_0063.xmi
2022-01-10 16:54:30,557 - root - INFO - Token '220.' was tokenized into ['220', '.'] in document: data/preparation/minireference/en/curated/cu31924087948174_0063.xmi
2022-01-10 16:54:30,557 - root - INFO - Token 'mepidavros.' was tokenized into ['mepidavros', '.'] in document: data/preparation/minireference/en/curated/cu31924087948174_0063.xmi
2022-01-10 16:54:30,557 - root - INFO - Token 'θανεῦται]' was tokenized into ['θανεῦται', ']'] in document: data/preparation/minireference/en/curated/cu31924087948174_0063.xmi
2022-01-10 16:54:30,557 - root - INFO - Token 'die.”' was tokenized into ['die.', '”'] in document: data/preparation/minireference/en/curated/cu31924087948174_0063.xmi
2022-01-10 16:54:30,558 - root - INFO - Token 'follow,' was tokenized into ['follow', ','] in document: data/preparation/minireference/en/curated/cu31924087948174_0063.xmi
2022-01-10 16:54:30,558 - root - INFO - Token 'χερί,' was tokenized into ['χερί', ','] in document: data/preparation/minireference/en/curated/cu31924087948174_0063.xmi
2022-01-10 16:54:30,558 - root - INFO - Token '£7.' was tokenized into ['£', '7.'] in document: data/preparation/minireference/en/curated/cu31924087948174_0063.xmi
2022-01-10 16:54:30,558 - root - INFO - Token 'A.' was tokenized into ['A', '.'] in document: data/preparation/minireference/en/curated/cu31924087948174_0063.xmi
2022-01-10 16:54:30,558 - root - INFO - Token 'concealment.' was tokenized into ['concealment', '.'] in document: data/preparation/minireference/en/curated/cu31924087948174_0063.xmi
2022-01-10 16:54:30,558 - root - INFO - Token '231.' was tokenized into ['231', '.'] in document: data/preparation/minireference/en/curated/cu31924087948174_0063.xmi
2022-01-10 16:54:30,558 - root - INFO - Token 'ξίφεσιν]' was tokenized into ['ξίφεσιν', ']'] in document: data/preparation/minireference/en/curated/cu31924087948174_0063.xmi
2022-01-10 16:54:30,558 - root - INFO - Token 'dark-' was tokenized into ['dark', '-'] in document: data/preparation/minireference/en/curated/cu31924087948174_0063.xmi
2022-01-10 16:54:30,558 - root - INFO - Token 'brand.”' was tokenized into ['brand.', '”'] in document: data/preparation/minireference/en/curated/cu31924087948174_0063.xmi
2022-01-10 16:54:30,558 - root - INFO - Token 'plural,' was tokenized into ['plural', ','] in document: data/preparation/minireference/en/curated/cu31924087948174_0063.xmi
2022-01-10 16:54:30,558 - root - INFO - Token 'Ant.' was tokenized into ['Ant', '.'] in document: data/preparation/minireference/en/curated/cu31924087948174_0063.xmi
2022-01-10 16:54:30,558 - root - INFO - Token '820,' was tokenized into ['820', ','] in document: data/preparation/minireference/en/curated/cu31924087948174_0063.xmi
2022-01-10 16:54:30,558 - root - INFO - Token 'ἐπίχειρα,' was tokenized into ['ἐπίχειρα', ','] in document: data/preparation/minireference/en/curated/cu31924087948174_0063.xmi
2022-01-10 16:54:30,558 - root - INFO - Token 'itself.' was tokenized into ['itself', '.'] in document: data/preparation/minireference/en/curated/cu31924087948174_0063.xmi
2022-01-10 16:54:30,558 - root - INFO - Token 'κελαινοῖξς,' was tokenized into ['κελαινοῖξς', ','] in document: data/preparation/minireference/en/curated/cu31924087948174_0063.xmi
2022-01-10 16:54:30,558 - root - INFO - Token 'Trach.' was tokenized into ['Trach', '.'] in document: data/preparation/minireference/en/curated/cu31924087948174_0063.xmi
2022-01-10 16:54:30,558 - root - INFO - Token '856,' was tokenized into ['856', ','] in document: data/preparation/minireference/en/curated/cu31924087948174_0063.xmi
2022-01-10 16:54:30,559 - root - INFO - Token 'Adyxa,' was tokenized into ['Adyxa', ','] in document: data/preparation/minireference/en/curated/cu31924087948174_0063.xmi
2022-01-10 16:54:30,559 - root - INFO - Token 'battle.' was tokenized into ['battle', '.'] in document: data/preparation/minireference/en/curated/cu31924087948174_0063.xmi
2022-01-10 16:54:30,559 - root - INFO - Token 'Borfipas]' was tokenized into ['Borfipas', ']'] in document: data/preparation/minireference/en/curated/cu31924087948174_0063.xmi
2022-01-10 16:54:30,559 - root - INFO - Token 'Supr.' was tokenized into ['Supr', '.'] in document: data/preparation/minireference/en/curated/cu31924087948174_0063.xmi
2022-01-10 16:54:30,559 - root - INFO - Token '27,' was tokenized into ['27', ','] in document: data/preparation/minireference/en/curated/cu31924087948174_0063.xmi
2022-01-10 16:54:30,559 - root - INFO - Token 'ἐπιστάταις,' was tokenized into ['ἐπιστάταις', ','] in document: data/preparation/minireference/en/curated/cu31924087948174_0063.xmi
2022-01-10 16:54:30,559 - root - INFO - Token 'army,' was tokenized into ['army', ','] in document: data/preparation/minireference/en/curated/cu31924087948174_0063.xmi
2022-01-10 16:54:30,559 - root - INFO - Token 'Tecmessa.' was tokenized into ['Tecmessa', '.'] in document: data/preparation/minireference/en/curated/cu31924087948174_0063.xmi
2022-01-10 16:54:30,559 - root - INFO - Token 'ἱππονώμας)' was tokenized into ['ἱππονώμας', ')'] in document: data/preparation/minireference/en/curated/cu31924087948174_0063.xmi
2022-01-10 16:54:30,559 - root - INFO - Token '(1)' was tokenized into ['(', '1)'] in document: data/preparation/minireference/en/curated/cu31924087948174_0063.xmi
2022-01-10 16:54:30,559 - root - INFO - Token 'cap-' was tokenized into ['cap', '-'] in document: data/preparation/minireference/en/curated/cu31924087948174_0063.xmi
2022-01-10 16:54:30,559 - root - INFO - Token 'horses,' was tokenized into ['horses', ','] in document: data/preparation/minireference/en/curated/cu31924087948174_0063.xmi
2022-01-10 16:54:30,559 - root - INFO - Token 'Rhesus,' was tokenized into ['Rhesus', ','] in document: data/preparation/minireference/en/curated/cu31924087948174_0063.xmi
2022-01-10 16:54:30,559 - root - INFO - Token '(this' was tokenized into ['(', 'this'] in document: data/preparation/minireference/en/curated/cu31924087948174_0063.xmi
2022-01-10 16:54:30,559 - root - INFO - Token 'ἱππομανῇ,' was tokenized into ['ἱππομανῇ', ','] in document: data/preparation/minireference/en/curated/cu31924087948174_0063.xmi
2022-01-10 16:54:30,560 - root - INFO - Token 'supr.' was tokenized into ['supr', '.'] in document: data/preparation/minireference/en/curated/cu31924087948174_0063.xmi
2022-01-10 16:54:30,560 - root - INFO - Token '143),' was tokenized into ['143)', ','] in document: data/preparation/minireference/en/curated/cu31924087948174_0063.xmi
2022-01-10 16:54:30,560 - root - INFO - Token '(2)' was tokenized into ['(', '2)'] in document: data/preparation/minireference/en/curated/cu31924087948174_0063.xmi
2022-01-10 16:54:30,560 - root - INFO - Token 'mounted,' was tokenized into ['mounted', ','] in document: data/preparation/minireference/en/curated/cu31924087948174_0063.xmi
2022-01-10 16:54:30,560 - root - INFO - Token 'extensive.' was tokenized into ['extensive', '.'] in document: data/preparation/minireference/en/curated/cu31924087948174_0063.xmi
2022-01-10 16:54:30,560 - root - INFO - Token '235.' was tokenized into ['235', '.'] in document: data/preparation/minireference/en/curated/cu31924087948174_0063.xmi
2022-01-10 16:54:30,560 - root - INFO - Token 'μέν]' was tokenized into ['μέν', ']'] in document: data/preparation/minireference/en/curated/cu31924087948174_0063.xmi
2022-01-10 16:54:30,560 - root - INFO - Token 'Sc,' was tokenized into ['Sc', ','] in document: data/preparation/minireference/en/curated/cu31924087948174_0063.xmi
2022-01-10 16:54:30,560 - root - INFO - Token 'ποίμναν.' was tokenized into ['ποίμναν', '.'] in document: data/preparation/minireference/en/curated/cu31924087948174_0063.xmi
2022-01-10 16:54:30,560 - root - INFO - Token 'part.”' was tokenized into ['part.', '”'] in document: data/preparation/minireference/en/curated/cu31924087948174_0063.xmi
2022-01-10 16:54:30,560 - root - INFO - Token 'ἧς,' was tokenized into ['ἧς', ','] in document: data/preparation/minireference/en/curated/cu31924087948174_0063.xmi
2022-01-10 16:54:30,560 - root - INFO - Token 'supr.' was tokenized into ['supr', '.'] in document: data/preparation/minireference/en/curated/cu31924087948174_0063.xmi
2022-01-10 16:54:30,560 - root - INFO - Token '(“in' was tokenized into ['(', '“in'] in document: data/preparation/minireference/en/curated/cu31924087948174_0063.xmi
2022-01-10 16:54:30,560 - root - INFO - Token 'tent”)' was tokenized into ['tent”', ')'] in document: data/preparation/minireference/en/curated/cu31924087948174_0063.xmi
2022-01-10 16:54:30,560 - root - INFO - Token 'clauses.' was tokenized into ['clauses', '.'] in document: data/preparation/minireference/en/curated/cu31924087948174_0063.xmi
2022-01-10 16:54:30,560 - root - INFO - Token 'δέ,' was tokenized into ['δέ', ','] in document: data/preparation/minireference/en/curated/cu31924087948174_0063.xmi
2022-01-10 16:54:30,561 - root - INFO - Token 'L.' was tokenized into ['L', '.'] in document: data/preparation/minireference/en/curated/cu31924087948174_0063.xmi
2022-01-10 16:54:30,561 - root - INFO - Token '20.' was tokenized into ['20', '.'] in document: data/preparation/minireference/en/curated/cu31924087948174_0063.xmi
2022-01-10 16:54:30,561 - root - INFO - Token 'p.' was tokenized into ['p', '.'] in document: data/preparation/minireference/en/curated/cu31924087948174_0063.xmi
2022-01-10 16:54:30,561 - root - INFO - Token '31.' was tokenized into ['31', '.'] in document: data/preparation/minireference/en/curated/cu31924087948174_0063.xmi
2022-01-10 16:54:30,561 - root - INFO - Token '236.' was tokenized into ['236', '.'] in document: data/preparation/minireference/en/curated/cu31924087948174_0063.xmi
2022-01-10 16:54:30,561 - root - INFO - Token 'δίχ᾽' was tokenized into ['δίχ', '᾽'] in document: data/preparation/minireference/en/curated/cu31924087948174_0063.xmi
2022-01-10 16:54:30,561 - root - INFO - Token 'ἀνερρήγννυ]' was tokenized into ['ἀνερρήγννυ', ']'] in document: data/preparation/minireference/en/curated/cu31924087948174_0063.xmi
2022-01-10 16:54:30,690 - root - INFO - Token 'δ'' was tokenized into ['δ', "'"] in document: data/preparation/minireference/en/curated/sophoclesplaysa05campgoog_0014.xmi
2022-01-10 16:54:30,691 - root - INFO - Token '1.' was tokenized into ['1', '.'] in document: data/preparation/minireference/en/curated/sophoclesplaysa05campgoog_0014.xmi
2022-01-10 16:54:30,691 - root - INFO - Token 'many,' was tokenized into ['many', ','] in document: data/preparation/minireference/en/curated/sophoclesplaysa05campgoog_0014.xmi
2022-01-10 16:54:30,691 - root - INFO - Token 'show,' was tokenized into ['show', ','] in document: data/preparation/minireference/en/curated/sophoclesplaysa05campgoog_0014.xmi
2022-01-10 16:54:30,691 - root - INFO - Token 'Troy,' was tokenized into ['Troy', ','] in document: data/preparation/minireference/en/curated/sophoclesplaysa05campgoog_0014.xmi
2022-01-10 16:54:30,691 - root - INFO - Token 'cycle.' was tokenized into ['cycle', '.'] in document: data/preparation/minireference/en/curated/sophoclesplaysa05campgoog_0014.xmi
2022-01-10 16:54:30,691 - root - INFO - Token 'years’' was tokenized into ['years', '’'] in document: data/preparation/minireference/en/curated/sophoclesplaysa05campgoog_0014.xmi
2022-01-10 16:54:30,691 - root - INFO - Token 'war,' was tokenized into ['war', ','] in document: data/preparation/minireference/en/curated/sophoclesplaysa05campgoog_0014.xmi
2022-01-10 16:54:30,691 - root - INFO - Token 'incidents,' was tokenized into ['incidents', ','] in document: data/preparation/minireference/en/curated/sophoclesplaysa05campgoog_0014.xmi
2022-01-10 16:54:30,691 - root - INFO - Token 'Cypria,' was tokenized into ['Cypria', ','] in document: data/preparation/minireference/en/curated/sophoclesplaysa05campgoog_0014.xmi
2022-01-10 16:54:30,691 - root - INFO - Token 'city,' was tokenized into ['city', ','] in document: data/preparation/minireference/en/curated/sophoclesplaysa05campgoog_0014.xmi
2022-01-10 16:54:30,691 - root - INFO - Token 'Jliupersis.' was tokenized into ['Jliupersis', '.'] in document: data/preparation/minireference/en/curated/sophoclesplaysa05campgoog_0014.xmi
2022-01-10 16:54:30,691 - root - INFO - Token 'con-' was tokenized into ['con', '-'] in document: data/preparation/minireference/en/curated/sophoclesplaysa05campgoog_0014.xmi
2022-01-10 16:54:30,691 - root - INFO - Token 'series,' was tokenized into ['series', ','] in document: data/preparation/minireference/en/curated/sophoclesplaysa05campgoog_0014.xmi
2022-01-10 16:54:30,691 - root - INFO - Token 'it.' was tokenized into ['it', '.'] in document: data/preparation/minireference/en/curated/sophoclesplaysa05campgoog_0014.xmi
2022-01-10 16:54:30,691 - root - INFO - Token '//iad,' was tokenized into ['/', '', '/', 'iad,'] in document: data/preparation/minireference/en/curated/sophoclesplaysa05campgoog_0014.xmi
2022-01-10 16:54:30,692 - root - INFO - Token 'hero,' was tokenized into ['hero', ','] in document: data/preparation/minireference/en/curated/sophoclesplaysa05campgoog_0014.xmi
2022-01-10 16:54:30,692 - root - INFO - Token 'legend,' was tokenized into ['legend', ','] in document: data/preparation/minireference/en/curated/sophoclesplaysa05campgoog_0014.xmi
2022-01-10 16:54:30,692 - root - INFO - Token 'Homeric.' was tokenized into ['Homeric', '.'] in document: data/preparation/minireference/en/curated/sophoclesplaysa05campgoog_0014.xmi
2022-01-10 16:54:30,692 - root - INFO - Token 'army,' was tokenized into ['army', ','] in document: data/preparation/minireference/en/curated/sophoclesplaysa05campgoog_0014.xmi
2022-01-10 16:54:30,692 - root - INFO - Token 'right’.' was tokenized into ['right’', '.'] in document: data/preparation/minireference/en/curated/sophoclesplaysa05campgoog_0014.xmi
2022-01-10 16:54:30,692 - root - INFO - Token 'General,' was tokenized into ['General', ','] in document: data/preparation/minireference/en/curated/sophoclesplaysa05campgoog_0014.xmi
2022-01-10 16:54:30,692 - root - INFO - Token 'Agamemnon.' was tokenized into ['Agamemnon', '.'] in document: data/preparation/minireference/en/curated/sophoclesplaysa05campgoog_0014.xmi
2022-01-10 16:54:30,692 - root - INFO - Token 'Aeacus;' was tokenized into ['Aeacus', ';'] in document: data/preparation/minireference/en/curated/sophoclesplaysa05campgoog_0014.xmi
2022-01-10 16:54:30,692 - root - INFO - Token 'Zl.' was tokenized into ['Zl', '.'] in document: data/preparation/minireference/en/curated/sophoclesplaysa05campgoog_0014.xmi
2022-01-10 16:54:30,692 - root - INFO - Token '11.' was tokenized into ['11', '.'] in document: data/preparation/minireference/en/curated/sophoclesplaysa05campgoog_0014.xmi
2022-01-10 16:54:30,692 - root - INFO - Token '7—9.' was tokenized into ['7—9', '.'] in document: data/preparation/minireference/en/curated/sophoclesplaysa05campgoog_0014.xmi
2022-01-10 16:54:30,692 - root - INFO - Token 'Ajax,' was tokenized into ['Ajax', ','] in document: data/preparation/minireference/en/curated/sophoclesplaysa05campgoog_0014.xmi
2022-01-10 16:54:30,692 - root - INFO - Token '//.' was tokenized into ['/', '', '/', '.'] in document: data/preparation/minireference/en/curated/sophoclesplaysa05campgoog_0014.xmi
2022-01-10 16:54:30,692 - root - INFO - Token '2.' was tokenized into ['2', '.'] in document: data/preparation/minireference/en/curated/sophoclesplaysa05campgoog_0014.xmi
2022-01-10 16:54:30,692 - root - INFO - Token 'f.:—' was tokenized into ['f.:', '—'] in document: data/preparation/minireference/en/curated/sophoclesplaysa05campgoog_0014.xmi
2022-01-10 16:54:30,693 - root - INFO - Token 'δ᾽' was tokenized into ['δ', '᾽'] in document: data/preparation/minireference/en/curated/sophoclesplaysa05campgoog_0014.xmi
2022-01-10 16:54:30,693 - root - INFO - Token 'νῆας"' was tokenized into ['νῆας', '"'] in document: data/preparation/minireference/en/curated/sophoclesplaysa05campgoog_0014.xmi
2022-01-10 16:54:30,693 - root - INFO - Token '[στῆσε' was tokenized into ['[', 'στῆσε'] in document: data/preparation/minireference/en/curated/sophoclesplaysa05campgoog_0014.xmi
2022-01-10 16:54:30,693 - root - INFO - Token 'ἵν᾽' was tokenized into ['ἵν', '᾽'] in document: data/preparation/minireference/en/curated/sophoclesplaysa05campgoog_0014.xmi
2022-01-10 16:54:30,693 - root - INFO - Token '᾿Αθηναίων' was tokenized into ['᾿', 'Αθηναίων'] in document: data/preparation/minireference/en/curated/sophoclesplaysa05campgoog_0014.xmi
2022-01-10 16:54:30,693 - root - INFO - Token 'φάλαγγες.' was tokenized into ['φάλαγγες', '.'] in document: data/preparation/minireference/en/curated/sophoclesplaysa05campgoog_0014.xmi
2022-01-10 16:54:30,693 - root - INFO - Token 'Mss.,' was tokenized into ['Mss.', ','] in document: data/preparation/minireference/en/curated/sophoclesplaysa05campgoog_0014.xmi
2022-01-10 16:54:30,693 - root - INFO - Token '(5.' was tokenized into ['(', '5.'] in document: data/preparation/minireference/en/curated/sophoclesplaysa05campgoog_0014.xmi
2022-01-10 16:54:30,693 - root - INFO - Token '40).' was tokenized into ['40)', '.'] in document: data/preparation/minireference/en/curated/sophoclesplaysa05campgoog_0014.xmi
2022-01-10 16:54:30,693 - root - INFO - Token '(Δ' was tokenized into ['(', 'Δ'] in document: data/preparation/minireference/en/curated/sophoclesplaysa05campgoog_0014.xmi
2022-01-10 16:54:30,693 - root - INFO - Token '1.' was tokenized into ['1', '.'] in document: data/preparation/minireference/en/curated/sophoclesplaysa05campgoog_0014.xmi
2022-01-10 16:54:30,693 - root - INFO - Token '13)' was tokenized into ['13', ')'] in document: data/preparation/minireference/en/curated/sophoclesplaysa05campgoog_0014.xmi
2022-01-10 16:54:30,693 - root - INFO - Token 'Salamis,' was tokenized into ['Salamis', ','] in document: data/preparation/minireference/en/curated/sophoclesplaysa05campgoog_0014.xmi
2022-01-10 16:54:30,693 - root - INFO - Token 'inter-' was tokenized into ['inter', '-'] in document: data/preparation/minireference/en/curated/sophoclesplaysa05campgoog_0014.xmi
2022-01-10 16:54:30,694 - root - INFO - Token '(circ.' was tokenized into ['(', 'circ.'] in document: data/preparation/minireference/en/curated/sophoclesplaysa05campgoog_0014.xmi
2022-01-10 16:54:30,694 - root - INFO - Token 'B.C.),' was tokenized into ['B.C.)', ','] in document: data/preparation/minireference/en/curated/sophoclesplaysa05campgoog_0014.xmi
2022-01-10 16:54:30,694 - root - INFO - Token 'not.' was tokenized into ['not', '.'] in document: data/preparation/minireference/en/curated/sophoclesplaysa05campgoog_0014.xmi
2022-01-10 16:54:30,694 - root - INFO - Token 'verse,' was tokenized into ['verse', ','] in document: data/preparation/minireference/en/curated/sophoclesplaysa05campgoog_0014.xmi
2022-01-10 16:54:30,694 - root - INFO - Token 'Ajax,' was tokenized into ['Ajax', ','] in document: data/preparation/minireference/en/curated/sophoclesplaysa05campgoog_0014.xmi
2022-01-10 16:54:30,694 - root - INFO - Token 'left,' was tokenized into ['left', ','] in document: data/preparation/minireference/en/curated/sophoclesplaysa05campgoog_0014.xmi
2022-01-10 16:54:30,825 - root - INFO - Token 'Ajax,' was tokenized into ['Ajax', ','] in document: data/preparation/minireference/en/curated/sophoclesplaysa05campgoog_0146.xmi
2022-01-10 16:54:30,825 - root - INFO - Token '(569).' was tokenized into ['(', '569).'] in document: data/preparation/minireference/en/curated/sophoclesplaysa05campgoog_0146.xmi
2022-01-10 16:54:30,825 - root - INFO - Token '--' was tokenized into ['-', '', '-'] in document: data/preparation/minireference/en/curated/sophoclesplaysa05campgoog_0146.xmi
2022-01-10 16:54:30,825 - root - INFO - Token ',τὸν' was tokenized into [',', 'τὸν'] in document: data/preparation/minireference/en/curated/sophoclesplaysa05campgoog_0146.xmi
2022-01-10 16:54:30,826 - root - INFO - Token 'doael..xpévov:' was tokenized into ['doael..xpévov', ':'] in document: data/preparation/minireference/en/curated/sophoclesplaysa05campgoog_0146.xmi
2022-01-10 16:54:30,826 - root - INFO - Token 'frequent.' was tokenized into ['frequent', '.'] in document: data/preparation/minireference/en/curated/sophoclesplaysa05campgoog_0146.xmi
2022-01-10 16:54:30,826 - root - INFO - Token 'notice,' was tokenized into ['notice', ','] in document: data/preparation/minireference/en/curated/sophoclesplaysa05campgoog_0146.xmi
2022-01-10 16:54:30,826 - root - INFO - Token '(without' was tokenized into ['(', 'without'] in document: data/preparation/minireference/en/curated/sophoclesplaysa05campgoog_0146.xmi
2022-01-10 16:54:30,826 - root - INFO - Token 'xpé-' was tokenized into ['xpé', '-'] in document: data/preparation/minireference/en/curated/sophoclesplaysa05campgoog_0146.xmi
2022-01-10 16:54:30,826 - root - INFO - Token 'vov)' was tokenized into ['vov', ')'] in document: data/preparation/minireference/en/curated/sophoclesplaysa05campgoog_0146.xmi
2022-01-10 16:54:30,826 - root - INFO - Token 'as=' was tokenized into ['as', '='] in document: data/preparation/minireference/en/curated/sophoclesplaysa05campgoog_0146.xmi
2022-01-10 16:54:30,826 - root - INFO - Token '‘for' was tokenized into ['‘', 'for'] in document: data/preparation/minireference/en/curated/sophoclesplaysa05campgoog_0146.xmi
2022-01-10 16:54:30,826 - root - INFO - Token 'ever’:' was tokenized into ['ever’', ':'] in document: data/preparation/minireference/en/curated/sophoclesplaysa05campgoog_0146.xmi
2022-01-10 16:54:30,826 - root - INFO - Token 'which,' was tokenized into ['which', ','] in document: data/preparation/minireference/en/curated/sophoclesplaysa05campgoog_0146.xmi
2022-01-10 16:54:30,826 - root - INFO - Token 'how-' was tokenized into ['how', '-'] in document: data/preparation/minireference/en/curated/sophoclesplaysa05campgoog_0146.xmi
2022-01-10 16:54:30,826 - root - INFO - Token 'ever,' was tokenized into ['ever', ','] in document: data/preparation/minireference/en/curated/sophoclesplaysa05campgoog_0146.xmi
2022-01-10 16:54:30,826 - root - INFO - Token 'proof:' was tokenized into ['proof', ':'] in document: data/preparation/minireference/en/curated/sophoclesplaysa05campgoog_0146.xmi
2022-01-10 16:54:30,826 - root - INFO - Token '257.' was tokenized into ['257', '.'] in document: data/preparation/minireference/en/curated/sophoclesplaysa05campgoog_0146.xmi
2022-01-10 16:54:30,826 - root - INFO - Token '1075.—' was tokenized into ['1075.', '—'] in document: data/preparation/minireference/en/curated/sophoclesplaysa05campgoog_0146.xmi
2022-01-10 16:54:30,827 - root - INFO - Token 'λατήσει:' was tokenized into ['λατήσει', ':'] in document: data/preparation/minireference/en/curated/sophoclesplaysa05campgoog_0146.xmi
2022-01-10 16:54:30,827 - root - INFO - Token '(720),' was tokenized into ['(', '720),'] in document: data/preparation/minireference/en/curated/sophoclesplaysa05campgoog_0146.xmi
2022-01-10 16:54:30,827 - root - INFO - Token '‘in' was tokenized into ['‘', 'in'] in document: data/preparation/minireference/en/curated/sophoclesplaysa05campgoog_0146.xmi
2022-01-10 16:54:30,827 - root - INFO - Token 'foes’' was tokenized into ['foes', '’'] in document: data/preparation/minireference/en/curated/sophoclesplaysa05campgoog_0146.xmi
2022-01-10 16:54:30,827 - root - INFO - Token '(564)' was tokenized into ['(', '564)'] in document: data/preparation/minireference/en/curated/sophoclesplaysa05campgoog_0146.xmi
2022-01-10 16:54:30,827 - root - INFO - Token 'despoiled.' was tokenized into ['despoiled', '.'] in document: data/preparation/minireference/en/curated/sophoclesplaysa05campgoog_0146.xmi
2022-01-10 16:54:30,827 - root - INFO - Token 'Cp.' was tokenized into ['Cp', '.'] in document: data/preparation/minireference/en/curated/sophoclesplaysa05campgoog_0146.xmi
2022-01-10 16:54:30,827 - root - INFO - Token 'Thuc.' was tokenized into ['Thuc', '.'] in document: data/preparation/minireference/en/curated/sophoclesplaysa05campgoog_0146.xmi
2022-01-10 16:54:30,827 - root - INFO - Token '1.' was tokenized into ['1', '.'] in document: data/preparation/minireference/en/curated/sophoclesplaysa05campgoog_0146.xmi
2022-01-10 16:54:30,827 - root - INFO - Token '(the' was tokenized into ['(', 'the'] in document: data/preparation/minireference/en/curated/sophoclesplaysa05campgoog_0146.xmi
2022-01-10 16:54:30,827 - root - INFO - Token 'Troy)' was tokenized into ['Troy', ')'] in document: data/preparation/minireference/en/curated/sophoclesplaysa05campgoog_0146.xmi
2022-01-10 16:54:30,827 - root - INFO - Token 'φαίνονται...' was tokenized into ['φαίνονται', '.', '', '.', '', '.'] in document: data/preparation/minireference/en/curated/sophoclesplaysa05campgoog_0146.xmi
2022-01-10 16:54:30,827 - root - INFO - Token 'ἀπορίᾳ.' was tokenized into ['ἀπορίᾳ', '.'] in document: data/preparation/minireference/en/curated/sophoclesplaysa05campgoog_0146.xmi
2022-01-10 16:54:30,827 - root - INFO - Token 'ἔν.' was tokenized into ['ἔν', '.'] in document: data/preparation/minireference/en/curated/sophoclesplaysa05campgoog_0146.xmi
2022-01-10 16:54:30,827 - root - INFO - Token '1.' was tokenized into ['1', '.'] in document: data/preparation/minireference/en/curated/sophoclesplaysa05campgoog_0146.xmi
2022-01-10 16:54:30,827 - root - INFO - Token '366;' was tokenized into ['366', ';'] in document: data/preparation/minireference/en/curated/sophoclesplaysa05campgoog_0146.xmi
2022-01-10 16:54:30,828 - root - INFO - Token '9.' was tokenized into ['9', '.'] in document: data/preparation/minireference/en/curated/sophoclesplaysa05campgoog_0146.xmi
2022-01-10 16:54:30,828 - root - INFO - Token 'plot,' was tokenized into ['plot', ','] in document: data/preparation/minireference/en/curated/sophoclesplaysa05campgoog_0146.xmi
2022-01-10 16:54:30,828 - root - INFO - Token 'suicide.' was tokenized into ['suicide', '.'] in document: data/preparation/minireference/en/curated/sophoclesplaysa05campgoog_0146.xmi
2022-01-10 16:54:30,828 - root - INFO - Token '£.' was tokenized into ['£', '.'] in document: data/preparation/minireference/en/curated/sophoclesplaysa05campgoog_0146.xmi
2022-01-10 16:54:30,828 - root - INFO - Token 'dvolyere:' was tokenized into ['dvolyere', ':'] in document: data/preparation/minireference/en/curated/sophoclesplaysa05campgoog_0146.xmi
2022-01-10 16:54:30,828 - root - INFO - Token 'summons,' was tokenized into ['summons', ','] in document: data/preparation/minireference/en/curated/sophoclesplaysa05campgoog_0146.xmi
2022-01-10 16:54:30,828 - root - INFO - Token 'per-' was tokenized into ['per', '-'] in document: data/preparation/minireference/en/curated/sophoclesplaysa05campgoog_0146.xmi
2022-01-10 16:54:30,828 - root - INFO - Token 'son,' was tokenized into ['son', ','] in document: data/preparation/minireference/en/curated/sophoclesplaysa05campgoog_0146.xmi
2022-01-10 16:54:30,828 - root - INFO - Token 'enerally;' was tokenized into ['enerally', ';'] in document: data/preparation/minireference/en/curated/sophoclesplaysa05campgoog_0146.xmi
2022-01-10 16:54:30,828 - root - INFO - Token 'Aesch.' was tokenized into ['Aesch', '.'] in document: data/preparation/minireference/en/curated/sophoclesplaysa05campgoog_0146.xmi
2022-01-10 16:54:30,828 - root - INFO - Token 'Ck.' was tokenized into ['Ck', '.'] in document: data/preparation/minireference/en/curated/sophoclesplaysa05campgoog_0146.xmi
2022-01-10 16:54:30,828 - root - INFO - Token 'ἀλλ’' was tokenized into ['ἀλλ', '’'] in document: data/preparation/minireference/en/curated/sophoclesplaysa05campgoog_0146.xmi
2022-01-10 16:54:30,828 - root - INFO - Token 'ἀνοίξατε:' was tokenized into ['ἀνοίξατε', ':'] in document: data/preparation/minireference/en/curated/sophoclesplaysa05campgoog_0146.xmi
2022-01-10 16:54:30,828 - root - INFO - Token 'Fer.' was tokenized into ['Fer', '.'] in document: data/preparation/minireference/en/curated/sophoclesplaysa05campgoog_0146.xmi
2022-01-10 16:54:30,828 - root - INFO - Token 'Adelph.' was tokenized into ['Adelph', '.'] in document: data/preparation/minireference/en/curated/sophoclesplaysa05campgoog_0146.xmi
2022-01-10 16:54:30,829 - root - INFO - Token '4.' was tokenized into ['4', '.'] in document: data/preparation/minireference/en/curated/sophoclesplaysa05campgoog_0146.xmi
2022-01-10 16:54:30,829 - root - INFO - Token '4.' was tokenized into ['4', '.'] in document: data/preparation/minireference/en/curated/sophoclesplaysa05campgoog_0146.xmi
2022-01-10 16:54:30,829 - root - INFO - Token 'aperite,' was tokenized into ['aperite', ','] in document: data/preparation/minireference/en/curated/sophoclesplaysa05campgoog_0146.xmi
2022-01-10 16:54:30,829 - root - INFO - Token 'aliguis,' was tokenized into ['aliguis', ','] in document: data/preparation/minireference/en/curated/sophoclesplaysa05campgoog_0146.xmi
2022-01-10 16:54:30,829 - root - INFO - Token 'πρόσπολοι,' was tokenized into ['πρόσπολοι', ','] in document: data/preparation/minireference/en/curated/sophoclesplaysa05campgoog_0146.xmi
2022-01-10 16:54:30,829 - root - INFO - Token '(539).—We' was tokenized into ['(', '539).—We'] in document: data/preparation/minireference/en/curated/sophoclesplaysa05campgoog_0146.xmi
2022-01-10 16:54:30,829 - root - INFO - Token 'plur.' was tokenized into ['plur', '.'] in document: data/preparation/minireference/en/curated/sophoclesplaysa05campgoog_0146.xmi
2022-01-10 16:54:30,829 - root - INFO - Token 'Tecmessa.' was tokenized into ['Tecmessa', '.'] in document: data/preparation/minireference/en/curated/sophoclesplaysa05campgoog_0146.xmi
2022-01-10 16:54:30,829 - root - INFO - Token 'αἰδῶ.' was tokenized into ['αἰδῶ', '.'] in document: data/preparation/minireference/en/curated/sophoclesplaysa05campgoog_0146.xmi
2022-01-10 16:54:30,829 - root - INFO - Token 'λάβοι:' was tokenized into ['λάβοι', ':'] in document: data/preparation/minireference/en/curated/sophoclesplaysa05campgoog_0146.xmi
2022-01-10 16:54:30,829 - root - INFO - Token 'cp.' was tokenized into ['cp', '.'] in document: data/preparation/minireference/en/curated/sophoclesplaysa05campgoog_0146.xmi
2022-01-10 16:54:30,829 - root - INFO - Token 'Pi.' was tokenized into ['Pi', '.'] in document: data/preparation/minireference/en/curated/sophoclesplaysa05campgoog_0146.xmi
2022-01-10 16:54:30,829 - root - INFO - Token 'φρόνησιν..' was tokenized into ['φρόνησιν', '.', '', '.'] in document: data/preparation/minireference/en/curated/sophoclesplaysa05campgoog_0146.xmi
2022-01-10 16:54:30,829 - root - INFO - Token 'λάβοι:' was tokenized into ['λάβοι', ':'] in document: data/preparation/minireference/en/curated/sophoclesplaysa05campgoog_0146.xmi
2022-01-10 16:54:30,829 - root - INFO - Token '77.' was tokenized into ['77', '.'] in document: data/preparation/minireference/en/curated/sophoclesplaysa05campgoog_0146.xmi
2022-01-10 16:54:30,830 - root - INFO - Token 'f.' was tokenized into ['f', '.'] in document: data/preparation/minireference/en/curated/sophoclesplaysa05campgoog_0146.xmi
2022-01-10 16:54:30,830 - root - INFO - Token '..' was tokenized into ['.', '', '.'] in document: data/preparation/minireference/en/curated/sophoclesplaysa05campgoog_0146.xmi
2022-01-10 16:54:30,830 - root - INFO - Token 'λαβεῖν.' was tokenized into ['λαβεῖν', '.'] in document: data/preparation/minireference/en/curated/sophoclesplaysa05campgoog_0146.xmi
2022-01-10 16:54:30,830 - root - INFO - Token '---' was tokenized into ['-', '', '-', '', '-'] in document: data/preparation/minireference/en/curated/sophoclesplaysa05campgoog_0146.xmi
2022-01-10 16:54:30,830 - root - INFO - Token 'κἀπ᾽' was tokenized into ['κἀπ', '᾽'] in document: data/preparation/minireference/en/curated/sophoclesplaysa05campgoog_0146.xmi
2022-01-10 16:54:30,830 - root - INFO - Token 'ἐμοὶ:' was tokenized into ['ἐμοὶ', ':'] in document: data/preparation/minireference/en/curated/sophoclesplaysa05campgoog_0146.xmi
2022-01-10 16:54:30,830 - root - INFO - Token 'καί,' was tokenized into ['καί', ','] in document: data/preparation/minireference/en/curated/sophoclesplaysa05campgoog_0146.xmi
2022-01-10 16:54:30,830 - root - INFO - Token 'cp.' was tokenized into ['cp', '.'] in document: data/preparation/minireference/en/curated/sophoclesplaysa05campgoog_0146.xmi
2022-01-10 16:54:30,830 - root - INFO - Token 'Pk.' was tokenized into ['Pk', '.'] in document: data/preparation/minireference/en/curated/sophoclesplaysa05campgoog_0146.xmi
2022-01-10 16:54:30,830 - root - INFO - Token 'φρονῶ,' was tokenized into ['φρονῶ', ','] in document: data/preparation/minireference/en/curated/sophoclesplaysa05campgoog_0146.xmi
2022-01-10 16:54:30,830 - root - INFO - Token 'ἢ.' was tokenized into ['ἢ', '.'] in document: data/preparation/minireference/en/curated/sophoclesplaysa05campgoog_0146.xmi
2022-01-10 16:54:30,830 - root - INFO - Token '“42.' was tokenized into ['“', '42.'] in document: data/preparation/minireference/en/curated/sophoclesplaysa05campgoog_0146.xmi
2022-01-10 16:54:30,830 - root - INFO - Token '710.' was tokenized into ['710', '.'] in document: data/preparation/minireference/en/curated/sophoclesplaysa05campgoog_0146.xmi
2022-01-10 16:54:30,830 - root - INFO - Token 'κἀπ᾽' was tokenized into ['κἀπ', '᾽'] in document: data/preparation/minireference/en/curated/sophoclesplaysa05campgoog_0146.xmi
2022-01-10 16:54:30,830 - root - INFO - Token 'ἐμοί,' was tokenized into ['ἐμοί', ','] in document: data/preparation/minireference/en/curated/sophoclesplaysa05campgoog_0146.xmi
2022-01-10 16:54:30,830 - root - INFO - Token 'else,' was tokenized into ['else', ','] in document: data/preparation/minireference/en/curated/sophoclesplaysa05campgoog_0146.xmi
2022-01-10 16:54:30,831 - root - INFO - Token 'Astr.' was tokenized into ['Astr', '.'] in document: data/preparation/minireference/en/curated/sophoclesplaysa05campgoog_0146.xmi
2022-01-10 16:54:30,831 - root - INFO - Token '᾿Αφροδίτη' was tokenized into ['᾿', 'Αφροδίτη'] in document: data/preparation/minireference/en/curated/sophoclesplaysa05campgoog_0146.xmi
2022-01-10 16:54:30,831 - root - INFO - Token 'Ζεὺς..' was tokenized into ['Ζεὺς', '.', '', '.'] in document: data/preparation/minireference/en/curated/sophoclesplaysa05campgoog_0146.xmi
2022-01-10 16:54:30,831 - root - INFO - Token '(‘looked' was tokenized into ['(', '‘looked'] in document: data/preparation/minireference/en/curated/sophoclesplaysa05campgoog_0146.xmi
2022-01-10 16:54:30,831 - root - INFO - Token 'favour’).' was tokenized into ['favour’)', '.'] in document: data/preparation/minireference/en/curated/sophoclesplaysa05campgoog_0146.xmi
2022-01-10 16:54:30,831 - root - INFO - Token 'ἐπ᾽' was tokenized into ['ἐπ', '᾽'] in document: data/preparation/minireference/en/curated/sophoclesplaysa05campgoog_0146.xmi
2022-01-10 16:54:30,831 - root - INFO - Token 'as=' was tokenized into ['as', '='] in document: data/preparation/minireference/en/curated/sophoclesplaysa05campgoog_0146.xmi
2022-01-10 16:54:30,831 - root - INFO - Token '‘in' was tokenized into ['‘', 'in'] in document: data/preparation/minireference/en/curated/sophoclesplaysa05campgoog_0146.xmi
2022-01-10 16:54:30,831 - root - INFO - Token 'case,’' was tokenized into ['case,', '’'] in document: data/preparation/minireference/en/curated/sophoclesplaysa05campgoog_0146.xmi
2022-01-10 16:54:30,831 - root - INFO - Token 'harsh.' was tokenized into ['harsh', '.'] in document: data/preparation/minireference/en/curated/sophoclesplaysa05campgoog_0146.xmi
2022-01-10 16:54:30,831 - root - INFO - Token 'f.' was tokenized into ['f', '.'] in document: data/preparation/minireference/en/curated/sophoclesplaysa05campgoog_0146.xmi
2022-01-10 16:54:30,831 - root - INFO - Token 'διοίγω:' was tokenized into ['διοίγω', ':'] in document: data/preparation/minireference/en/curated/sophoclesplaysa05campgoog_0146.xmi
2022-01-10 16:54:30,831 - root - INFO - Token 'cp.' was tokenized into ['cp', '.'] in document: data/preparation/minireference/en/curated/sophoclesplaysa05campgoog_0146.xmi
2022-01-10 16:54:30,832 - root - INFO - Token '0.' was tokenized into ['0', '.'] in document: data/preparation/minireference/en/curated/sophoclesplaysa05campgoog_0146.xmi
2022-01-10 16:54:30,832 - root - INFO - Token '7.' was tokenized into ['7', '.'] in document: data/preparation/minireference/en/curated/sophoclesplaysa05campgoog_0146.xmi
2022-01-10 16:54:30,832 - root - INFO - Token 'διοί-' was tokenized into ['διοί', '-'] in document: data/preparation/minireference/en/curated/sophoclesplaysa05campgoog_0146.xmi
2022-01-10 16:54:30,832 - root - INFO - Token 'κλῇθρα,' was tokenized into ['κλῇθρα', ','] in document: data/preparation/minireference/en/curated/sophoclesplaysa05campgoog_0146.xmi
2022-01-10 16:54:30,832 - root - INFO - Token 'ἐῤ.' was tokenized into ['ἐῤ', '.'] in document: data/preparation/minireference/en/curated/sophoclesplaysa05campgoog_0146.xmi
2022-01-10 16:54:30,832 - root - INFO - Token '1395.' was tokenized into ['1395', '.'] in document: data/preparation/minireference/en/curated/sophoclesplaysa05campgoog_0146.xmi
2022-01-10 16:54:30,832 - root - INFO - Token '—mwpdyn,' was tokenized into ['—', 'mwpdyn,'] in document: data/preparation/minireference/en/curated/sophoclesplaysa05campgoog_0146.xmi
2022-01-10 16:54:30,832 - root - INFO - Token 'deeds:' was tokenized into ['deeds', ':'] in document: data/preparation/minireference/en/curated/sophoclesplaysa05campgoog_0146.xmi
2022-01-10 16:54:30,832 - root - INFO - Token 'cp.' was tokenized into ['cp', '.'] in document: data/preparation/minireference/en/curated/sophoclesplaysa05campgoog_0146.xmi
2022-01-10 16:54:30,832 - root - INFO - Token '21.' was tokenized into ['21', '.'] in document: data/preparation/minireference/en/curated/sophoclesplaysa05campgoog_0146.xmi
2022-01-10 16:54:30,832 - root - INFO - Token 'door.' was tokenized into ['door', '.'] in document: data/preparation/minireference/en/curated/sophoclesplaysa05campgoog_0146.xmi
2022-01-10 16:54:30,832 - root - INFO - Token 'stage,' was tokenized into ['stage', ','] in document: data/preparation/minireference/en/curated/sophoclesplaysa05campgoog_0146.xmi
2022-01-10 16:54:30,832 - root - INFO - Token 'slaugh-' was tokenized into ['slaugh', '-'] in document: data/preparation/minireference/en/curated/sophoclesplaysa05campgoog_0146.xmi
2022-01-10 16:54:30,832 - root - INFO - Token 'animals.' was tokenized into ['animals', '.'] in document: data/preparation/minireference/en/curated/sophoclesplaysa05campgoog_0146.xmi
2022-01-10 16:54:30,832 - root - INFO - Token '347%,' was tokenized into ['347%', ','] in document: data/preparation/minireference/en/curated/sophoclesplaysa05campgoog_0146.xmi
2022-01-10 16:54:30,832 - root - INFO - Token 'vv.' was tokenized into ['vv', '.'] in document: data/preparation/minireference/en/curated/sophoclesplaysa05campgoog_0146.xmi
2022-01-10 16:54:30,833 - root - INFO - Token 'ff.,' was tokenized into ['ff.', ','] in document: data/preparation/minireference/en/curated/sophoclesplaysa05campgoog_0146.xmi
2022-01-10 16:54:30,833 - root - INFO - Token 'represented.' was tokenized into ['represented', '.'] in document: data/preparation/minireference/en/curated/sophoclesplaysa05campgoog_0146.xmi
2022-01-10 16:54:30,833 - root - INFO - Token '(1294,' was tokenized into ['(', '1294,'] in document: data/preparation/minireference/en/curated/sophoclesplaysa05campgoog_0146.xmi
2022-01-10 16:54:30,833 - root - INFO - Token 'n.),' was tokenized into ['n.)', ','] in document: data/preparation/minireference/en/curated/sophoclesplaysa05campgoog_0146.xmi
2022-01-10 16:54:30,833 - root - INFO - Token '(1464' was tokenized into ['(', '1464'] in document: data/preparation/minireference/en/curated/sophoclesplaysa05campgoog_0146.xmi
2022-01-10 16:54:30,833 - root - INFO - Token 'f.,' was tokenized into ['f.', ','] in document: data/preparation/minireference/en/curated/sophoclesplaysa05campgoog_0146.xmi
2022-01-10 16:54:30,833 - root - INFO - Token 'n.).' was tokenized into ['n', '.', ')', '.'] in document: data/preparation/minireference/en/curated/sophoclesplaysa05campgoog_0146.xmi
2022-01-10 16:54:30,833 - root - INFO - Token 'Ajax,' was tokenized into ['Ajax', ','] in document: data/preparation/minireference/en/curated/sophoclesplaysa05campgoog_0146.xmi
2022-01-10 16:54:30,833 - root - INFO - Token 'victims,' was tokenized into ['victims', ','] in document: data/preparation/minireference/en/curated/sophoclesplaysa05campgoog_0146.xmi
2022-01-10 16:54:30,833 - root - INFO - Token 'destruction,' was tokenized into ['destruction', ','] in document: data/preparation/minireference/en/curated/sophoclesplaysa05campgoog_0146.xmi
2022-01-10 16:54:30,833 - root - INFO - Token 'Byzantium.' was tokenized into ['Byzantium', '.'] in document: data/preparation/minireference/en/curated/sophoclesplaysa05campgoog_0146.xmi
2022-01-10 16:54:30,833 - root - INFO - Token 'Viz.' was tokenized into ['Viz', '.'] in document: data/preparation/minireference/en/curated/sophoclesplaysa05campgoog_0146.xmi
2022-01-10 16:54:30,833 - root - INFO - Token 'Apoll.' was tokenized into ['Apoll', '.'] in document: data/preparation/minireference/en/curated/sophoclesplaysa05campgoog_0146.xmi
2022-01-10 16:54:30,833 - root - INFO - Token 'Δ.' was tokenized into ['Δ', '.'] in document: data/preparation/minireference/en/curated/sophoclesplaysa05campgoog_0146.xmi
2022-01-10 16:54:30,833 - root - INFO - Token '5)' was tokenized into ['5', ')'] in document: data/preparation/minireference/en/curated/sophoclesplaysa05campgoog_0146.xmi
2022-01-10 16:54:30,833 - root - INFO - Token 'it:' was tokenized into ['it', ':'] in document: data/preparation/minireference/en/curated/sophoclesplaysa05campgoog_0146.xmi
2022-01-10 16:54:30,833 - root - INFO - Token 'Τιμομάχου.' was tokenized into ['Τιμομάχου', '.'] in document: data/preparation/minireference/en/curated/sophoclesplaysa05campgoog_0146.xmi
2022-01-10 16:54:30,834 - root - INFO - Token '[cp.' was tokenized into ['[', 'cp.'] in document: data/preparation/minireference/en/curated/sophoclesplaysa05campgoog_0146.xmi
2022-01-10 16:54:30,834 - root - INFO - Token 'ν.' was tokenized into ['ν', '.'] in document: data/preparation/minireference/en/curated/sophoclesplaysa05campgoog_0146.xmi
2022-01-10 16:54:30,834 - root - INFO - Token 'θακεῖ],' was tokenized into ['θακεῖ]', ','] in document: data/preparation/minireference/en/curated/sophoclesplaysa05campgoog_0146.xmi
2022-01-10 16:54:30,968 - root - INFO - Token 'εὐήρετμος,' was tokenized into ['εὐήρετμος', ','] in document: data/preparation/minireference/en/curated/sophoclesplaysa05campgoog_0288.xmi
2022-01-10 16:54:30,968 - root - INFO - Token 'etc.' was tokenized into ['etc', '.'] in document: data/preparation/minireference/en/curated/sophoclesplaysa05campgoog_0288.xmi
2022-01-10 16:54:30,968 - root - INFO - Token '(éper-' was tokenized into ['(', 'éper-'] in document: data/preparation/minireference/en/curated/sophoclesplaysa05campgoog_0288.xmi
2022-01-10 16:54:30,968 - root - INFO - Token 'μόν,' was tokenized into ['μόν', ','] in document: data/preparation/minireference/en/curated/sophoclesplaysa05campgoog_0288.xmi
2022-01-10 16:54:30,968 - root - INFO - Token 'oar).' was tokenized into ['oar)', '.'] in document: data/preparation/minireference/en/curated/sophoclesplaysa05campgoog_0288.xmi
2022-01-10 16:54:30,968 - root - INFO - Token '(ἐρέτης,' was tokenized into ['(', 'ἐρέτης,'] in document: data/preparation/minireference/en/curated/sophoclesplaysa05campgoog_0288.xmi
2022-01-10 16:54:30,968 - root - INFO - Token 'oarsman),' was tokenized into ['oarsman)', ','] in document: data/preparation/minireference/en/curated/sophoclesplaysa05campgoog_0288.xmi
2022-01-10 16:54:30,968 - root - INFO - Token 're-' was tokenized into ['re', '-'] in document: data/preparation/minireference/en/curated/sophoclesplaysa05campgoog_0288.xmi
2022-01-10 16:54:30,968 - root - INFO - Token 'Photius,' was tokenized into ['Photius', ','] in document: data/preparation/minireference/en/curated/sophoclesplaysa05campgoog_0288.xmi
2022-01-10 16:54:30,968 - root - INFO - Token 'σύμφωνος,' was tokenized into ['σύμφωνος', ','] in document: data/preparation/minireference/en/curated/sophoclesplaysa05campgoog_0288.xmi
2022-01-10 16:54:30,969 - root - INFO - Token '(Aesch.' was tokenized into ['(', 'Aesch.'] in document: data/preparation/minireference/en/curated/sophoclesplaysa05campgoog_0288.xmi
2022-01-10 16:54:30,969 - root - INFO - Token 'Theb.' was tokenized into ['Theb', '.'] in document: data/preparation/minireference/en/curated/sophoclesplaysa05campgoog_0288.xmi
2022-01-10 16:54:30,969 - root - INFO - Token 'ἐχθροῖσι)...' was tokenized into ['ἐχθροῖσι)', '.', '', '.', '', '.'] in document: data/preparation/minireference/en/curated/sophoclesplaysa05campgoog_0288.xmi
2022-01-10 16:54:30,969 - root - INFO - Token 'Eur.' was tokenized into ['Eur', '.'] in document: data/preparation/minireference/en/curated/sophoclesplaysa05campgoog_0288.xmi
2022-01-10 16:54:30,969 - root - INFO - Token '776.' was tokenized into ['776', '.'] in document: data/preparation/minireference/en/curated/sophoclesplaysa05campgoog_0288.xmi
2022-01-10 16:54:30,969 - root - INFO - Token '(from' was tokenized into ['(', 'from'] in document: data/preparation/minireference/en/curated/sophoclesplaysa05campgoog_0288.xmi
2022-01-10 16:54:30,969 - root - INFO - Token 'Flor.' was tokenized into ['Flor', '.'] in document: data/preparation/minireference/en/curated/sophoclesplaysa05campgoog_0288.xmi
2022-01-10 16:54:30,969 - root - INFO - Token '93.' was tokenized into ['93', '.'] in document: data/preparation/minireference/en/curated/sophoclesplaysa05campgoog_0288.xmi
2022-01-10 16:54:30,969 - root - INFO - Token '2),' was tokenized into ['2)', ','] in document: data/preparation/minireference/en/curated/sophoclesplaysa05campgoog_0288.xmi
2022-01-10 16:54:30,969 - root - INFO - Token 'dp’' was tokenized into ['dp', '’'] in document: data/preparation/minireference/en/curated/sophoclesplaysa05campgoog_0288.xmi
2022-01-10 16:54:30,969 - root - INFO - Token 'συνηρεφεῖ,' was tokenized into ['συνηρεφεῖ', ','] in document: data/preparation/minireference/en/curated/sophoclesplaysa05campgoog_0288.xmi
2022-01-10 16:54:30,969 - root - INFO - Token 'συνηρετεῖ.' was tokenized into ['συνηρετεῖ', '.'] in document: data/preparation/minireference/en/curated/sophoclesplaysa05campgoog_0288.xmi
2022-01-10 16:54:30,969 - root - INFO - Token 'Eur.' was tokenized into ['Eur', '.'] in document: data/preparation/minireference/en/curated/sophoclesplaysa05campgoog_0288.xmi
2022-01-10 16:54:30,969 - root - INFO - Token 'fr.' was tokenized into ['fr', '.'] in document: data/preparation/minireference/en/curated/sophoclesplaysa05campgoog_0288.xmi
2022-01-10 16:54:30,969 - root - INFO - Token '282.' was tokenized into ['282', '.'] in document: data/preparation/minireference/en/curated/sophoclesplaysa05campgoog_0288.xmi
2022-01-10 16:54:30,970 - root - INFO - Token '(413' was tokenized into ['(', '413'] in document: data/preparation/minireference/en/curated/sophoclesplaysa05campgoog_0288.xmi
2022-01-10 16:54:30,970 - root - INFO - Token 'D)' was tokenized into ['D', ')'] in document: data/preparation/minireference/en/curated/sophoclesplaysa05campgoog_0288.xmi
2022-01-10 16:54:30,970 - root - INFO - Token 'οὐδ᾽' was tokenized into ['οὐδ', '᾽'] in document: data/preparation/minireference/en/curated/sophoclesplaysa05campgoog_0288.xmi
2022-01-10 16:54:30,970 - root - INFO - Token 'ξυν-' was tokenized into ['ξυν', '-'] in document: data/preparation/minireference/en/curated/sophoclesplaysa05campgoog_0288.xmi
2022-01-10 16:54:30,970 - root - INFO - Token 'τύχαις,' was tokenized into ['τύχαις', ','] in document: data/preparation/minireference/en/curated/sophoclesplaysa05campgoog_0288.xmi
2022-01-10 16:54:30,970 - root - INFO - Token 'Schweighiuser,' was tokenized into ['Schweighiuser', ','] in document: data/preparation/minireference/en/curated/sophoclesplaysa05campgoog_0288.xmi
2022-01-10 16:54:30,970 - root - INFO - Token 'Valckenir,' was tokenized into ['Valckenir', ','] in document: data/preparation/minireference/en/curated/sophoclesplaysa05campgoog_0288.xmi
2022-01-10 16:54:30,970 - root - INFO - Token 'ξυνηρετμεῖν:' was tokenized into ['ξυνηρετμεῖν', ':'] in document: data/preparation/minireference/en/curated/sophoclesplaysa05campgoog_0288.xmi
2022-01-10 16:54:30,970 - root - INFO - Token 'there,' was tokenized into ['there', ','] in document: data/preparation/minireference/en/curated/sophoclesplaysa05campgoog_0288.xmi
2022-01-10 16:54:30,970 - root - INFO - Token 'however,' was tokenized into ['however', ','] in document: data/preparation/minireference/en/curated/sophoclesplaysa05campgoog_0288.xmi
2022-01-10 16:54:30,970 - root - INFO - Token '(vol.' was tokenized into ['(', 'vol.'] in document: data/preparation/minireference/en/curated/sophoclesplaysa05campgoog_0288.xmi
2022-01-10 16:54:30,970 - root - INFO - Token '1.' was tokenized into ['1', '.'] in document: data/preparation/minireference/en/curated/sophoclesplaysa05campgoog_0288.xmi
2022-01-10 16:54:30,970 - root - INFO - Token 'Pp.' was tokenized into ['Pp', '.'] in document: data/preparation/minireference/en/curated/sophoclesplaysa05campgoog_0288.xmi
2022-01-10 16:54:30,971 - root - INFO - Token '23),' was tokenized into ['23)', ','] in document: data/preparation/minireference/en/curated/sophoclesplaysa05campgoog_0288.xmi
2022-01-10 16:54:30,971 - root - INFO - Token 'viz.,' was tokenized into ['viz.', ','] in document: data/preparation/minireference/en/curated/sophoclesplaysa05campgoog_0288.xmi
2022-01-10 16:54:30,971 - root - INFO - Token 'κἀξυπηρετεῖν.' was tokenized into ['κἀξυπηρετεῖν', '.'] in document: data/preparation/minireference/en/curated/sophoclesplaysa05campgoog_0288.xmi
2022-01-10 16:54:30,971 - root - INFO - Token '[Hesychius' was tokenized into ['[', 'Hesychius'] in document: data/preparation/minireference/en/curated/sophoclesplaysa05campgoog_0288.xmi
2022-01-10 16:54:30,971 - root - INFO - Token 'ξυνηρετίσεις᾽' was tokenized into ['ξυνηρετίσεις', '᾽'] in document: data/preparation/minireference/en/curated/sophoclesplaysa05campgoog_0288.xmi
2022-01-10 16:54:30,971 - root - INFO - Token 'συνήσεις.' was tokenized into ['συνήσεις', '.'] in document: data/preparation/minireference/en/curated/sophoclesplaysa05campgoog_0288.xmi
2022-01-10 16:54:30,971 - root - INFO - Token 'συζυγή-' was tokenized into ['συζυγή', '-'] in document: data/preparation/minireference/en/curated/sophoclesplaysa05campgoog_0288.xmi
2022-01-10 16:54:30,971 - root - INFO - Token 'σεις.' was tokenized into ['σεις', '.'] in document: data/preparation/minireference/en/curated/sophoclesplaysa05campgoog_0288.xmi
2022-01-10 16:54:30,971 - root - INFO - Token 'ξυνηρε-' was tokenized into ['ξυνηρε', '-'] in document: data/preparation/minireference/en/curated/sophoclesplaysa05campgoog_0288.xmi
2022-01-10 16:54:30,971 - root - INFO - Token 'Toes:' was tokenized into ['Toes', ':'] in document: data/preparation/minireference/en/curated/sophoclesplaysa05campgoog_0288.xmi
2022-01-10 16:54:30,971 - root - INFO - Token 'συῤνγ-' was tokenized into ['συῤνγ', '-'] in document: data/preparation/minireference/en/curated/sophoclesplaysa05campgoog_0288.xmi
2022-01-10 16:54:30,971 - root - INFO - Token '(Ruhnken’s?)' was tokenized into ['(', 'Ruhnken’s?)'] in document: data/preparation/minireference/en/curated/sophoclesplaysa05campgoog_0288.xmi
2022-01-10 16:54:30,972 - root - INFO - Token 'ed.' was tokenized into ['ed', '.'] in document: data/preparation/minireference/en/curated/sophoclesplaysa05campgoog_0288.xmi
2022-01-10 16:54:30,972 - root - INFO - Token 'Hesychius,' was tokenized into ['Hesychius', ','] in document: data/preparation/minireference/en/curated/sophoclesplaysa05campgoog_0288.xmi
2022-01-10 16:54:30,972 - root - INFO - Token 'vol.' was tokenized into ['vol', '.'] in document: data/preparation/minireference/en/curated/sophoclesplaysa05campgoog_0288.xmi
2022-01-10 16:54:30,972 - root - INFO - Token '11.' was tokenized into ['11', '.'] in document: data/preparation/minireference/en/curated/sophoclesplaysa05campgoog_0288.xmi
2022-01-10 16:54:30,972 - root - INFO - Token 'Ὁ.' was tokenized into ['Ὁ', '.'] in document: data/preparation/minireference/en/curated/sophoclesplaysa05campgoog_0288.xmi
2022-01-10 16:54:30,972 - root - INFO - Token '707,' was tokenized into ['707', ','] in document: data/preparation/minireference/en/curated/sophoclesplaysa05campgoog_0288.xmi
2022-01-10 16:54:30,972 - root - INFO - Token 'ξυναρτί-' was tokenized into ['ξυναρτί', '-'] in document: data/preparation/minireference/en/curated/sophoclesplaysa05campgoog_0288.xmi
2022-01-10 16:54:30,972 - root - INFO - Token 'oes.)' was tokenized into ['oes.', ')'] in document: data/preparation/minireference/en/curated/sophoclesplaysa05campgoog_0288.xmi
2022-01-10 16:54:30,972 - root - INFO - Token 'metaphor,' was tokenized into ['metaphor', ','] in document: data/preparation/minireference/en/curated/sophoclesplaysa05campgoog_0288.xmi
2022-01-10 16:54:30,972 - root - INFO - Token 'cp.' was tokenized into ['cp', '.'] in document: data/preparation/minireference/en/curated/sophoclesplaysa05campgoog_0288.xmi
2022-01-10 16:54:30,972 - root - INFO - Token '4122.' was tokenized into ['4122', '.'] in document: data/preparation/minireference/en/curated/sophoclesplaysa05campgoog_0288.xmi
2022-01-10 16:54:30,972 - root - INFO - Token 'ξύμ-' was tokenized into ['ξύμ', '-'] in document: data/preparation/minireference/en/curated/sophoclesplaysa05campgoog_0288.xmi
2022-01-10 16:54:30,972 - root - INFO - Token '(n.).' was tokenized into ['(', 'n.).'] in document: data/preparation/minireference/en/curated/sophoclesplaysa05campgoog_0288.xmi
2022-01-10 16:54:30,972 - root - INFO - Token 'Aesch.' was tokenized into ['Aesch', '.'] in document: data/preparation/minireference/en/curated/sophoclesplaysa05campgoog_0288.xmi
2022-01-10 16:54:30,972 - root - INFO - Token '4g.' was tokenized into ['4g', '.'] in document: data/preparation/minireference/en/curated/sophoclesplaysa05campgoog_0288.xmi
2022-01-10 16:54:30,972 - root - INFO - Token 'Odysseus,' was tokenized into ['Odysseus', ','] in document: data/preparation/minireference/en/curated/sophoclesplaysa05campgoog_0288.xmi
2022-01-10 16:54:30,973 - root - INFO - Token 'σειραφόρος.' was tokenized into ['σειραφόρος', '.'] in document: data/preparation/minireference/en/curated/sophoclesplaysa05campgoog_0288.xmi
2022-01-10 16:54:30,973 - root - INFO - Token '1]' was tokenized into ['1', ']'] in document: data/preparation/minireference/en/curated/sophoclesplaysa05campgoog_0288.xmi
2022-01-10 16:54:30,973 - root - INFO - Token 'φρονών,' was tokenized into ['φρονών', ','] in document: data/preparation/minireference/en/curated/sophoclesplaysa05campgoog_0288.xmi
2022-01-10 16:54:30,973 - root - INFO - Token 'sc.' was tokenized into ['sc', '.'] in document: data/preparation/minireference/en/curated/sophoclesplaysa05campgoog_0288.xmi
2022-01-10 16:54:30,973 - root - INFO - Token 'εἰπεῖν.' was tokenized into ['εἰπεῖν', '.'] in document: data/preparation/minireference/en/curated/sophoclesplaysa05campgoog_0288.xmi
2022-01-10 16:54:30,973 - root - INFO - Token 'ellipti-' was tokenized into ['ellipti', '-'] in document: data/preparation/minireference/en/curated/sophoclesplaysa05campgoog_0288.xmi
2022-01-10 16:54:30,973 - root - INFO - Token 'γάρ,' was tokenized into ['γάρ', ','] in document: data/preparation/minireference/en/curated/sophoclesplaysa05campgoog_0288.xmi
2022-01-10 16:54:30,973 - root - INFO - Token 'cp.' was tokenized into ['cp', '.'] in document: data/preparation/minireference/en/curated/sophoclesplaysa05campgoog_0288.xmi
2022-01-10 16:54:30,973 - root - INFO - Token 'Ο.7.' was tokenized into ['Ο', '.', '7', '.'] in document: data/preparation/minireference/en/curated/sophoclesplaysa05campgoog_0288.xmi
2022-01-10 16:54:30,973 - root - INFO - Token '82,' was tokenized into ['82', ','] in document: data/preparation/minireference/en/curated/sophoclesplaysa05campgoog_0288.xmi
2022-01-10 16:54:30,973 - root - INFO - Token '(and' was tokenized into ['(', 'and'] in document: data/preparation/minireference/en/curated/sophoclesplaysa05campgoog_0288.xmi
2022-01-10 16:54:30,973 - root - INFO - Token 'Append.' was tokenized into ['Append', '.'] in document: data/preparation/minireference/en/curated/sophoclesplaysa05campgoog_0288.xmi
2022-01-10 16:54:30,973 - root - INFO - Token 'O.' was tokenized into ['O', '.'] in document: data/preparation/minireference/en/curated/sophoclesplaysa05campgoog_0288.xmi
2022-01-10 16:54:30,973 - root - INFO - Token '7,' was tokenized into ['7', ','] in document: data/preparation/minireference/en/curated/sophoclesplaysa05campgoog_0288.xmi
2022-01-10 16:54:30,973 - root - INFO - Token 'p.' was tokenized into ['p', '.'] in document: data/preparation/minireference/en/curated/sophoclesplaysa05campgoog_0288.xmi
2022-01-10 16:54:30,973 - root - INFO - Token '221):' was tokenized into ['221)', ':'] in document: data/preparation/minireference/en/curated/sophoclesplaysa05campgoog_0288.xmi
2022-01-10 16:54:30,973 - root - INFO - Token 'Thue.' was tokenized into ['Thue', '.'] in document: data/preparation/minireference/en/curated/sophoclesplaysa05campgoog_0288.xmi
2022-01-10 16:54:30,974 - root - INFO - Token '1.' was tokenized into ['1', '.'] in document: data/preparation/minireference/en/curated/sophoclesplaysa05campgoog_0288.xmi
2022-01-10 16:54:30,974 - root - INFO - Token '11.' was tokenized into ['11', '.'] in document: data/preparation/minireference/en/curated/sophoclesplaysa05campgoog_0288.xmi
2022-01-10 16:54:30,974 - root - INFO - Token '(sc.' was tokenized into ['(', 'sc.'] in document: data/preparation/minireference/en/curated/sophoclesplaysa05campgoog_0288.xmi
2022-01-10 16:54:30,974 - root - INFO - Token 'ἐκράτησαν)"' was tokenized into ['ἐκράτησαν)', '"'] in document: data/preparation/minireference/en/curated/sophoclesplaysa05campgoog_0288.xmi
2022-01-10 16:54:30,974 - root - INFO - Token 'ἔρυμα...' was tokenized into ['ἔρυμα', '.', '', '.', '', '.'] in document: data/preparation/minireference/en/curated/sophoclesplaysa05campgoog_0288.xmi
2022-01-10 16:54:30,974 - root - INFO - Token 'ἐτειχίσαντο.---' was tokenized into ['ἐτειχίσαντο.', '-', '', '-', '', '-'] in document: data/preparation/minireference/en/curated/sophoclesplaysa05campgoog_0288.xmi
2022-01-10 16:54:30,974 - root - INFO - Token 'εἴην,' was tokenized into ['εἴην', ','] in document: data/preparation/minireference/en/curated/sophoclesplaysa05campgoog_0288.xmi
2022-01-10 16:54:30,974 - root - INFO - Token 'cp.' was tokenized into ['cp', '.'] in document: data/preparation/minireference/en/curated/sophoclesplaysa05campgoog_0288.xmi
2022-01-10 16:54:30,974 - root - INFO - Token '1140.' was tokenized into ['1140', '.'] in document: data/preparation/minireference/en/curated/sophoclesplaysa05campgoog_0288.xmi
2022-01-10 16:54:30,974 - root - INFO - Token 'φίλον..' was tokenized into ['φίλον', '.', '', '.'] in document: data/preparation/minireference/en/curated/sophoclesplaysa05campgoog_0288.xmi
2022-01-10 16:54:30,974 - root - INFO - Token 'μέγιστον,' was tokenized into ['μέγιστον', ','] in document: data/preparation/minireference/en/curated/sophoclesplaysa05campgoog_0288.xmi
2022-01-10 16:54:30,974 - root - INFO - Token 'Pi.' was tokenized into ['Pi', '.'] in document: data/preparation/minireference/en/curated/sophoclesplaysa05campgoog_0288.xmi
2022-01-10 16:54:30,974 - root - INFO - Token 'El.' was tokenized into ['El', '.'] in document: data/preparation/minireference/en/curated/sophoclesplaysa05campgoog_0288.xmi
2022-01-10 16:54:30,974 - root - INFO - Token '..' was tokenized into ['.', '', '.'] in document: data/preparation/minireference/en/curated/sophoclesplaysa05campgoog_0288.xmi
2022-01-10 16:54:30,974 - root - INFO - Token 'δορυξένων.' was tokenized into ['δορυξένων', '.'] in document: data/preparation/minireference/en/curated/sophoclesplaysa05campgoog_0288.xmi
2022-01-10 16:54:30,975 - root - INFO - Token 'τλῇε:' was tokenized into ['τλῇε', ':'] in document: data/preparation/minireference/en/curated/sophoclesplaysa05campgoog_0288.xmi
2022-01-10 16:54:30,975 - root - INFO - Token 'Cp.' was tokenized into ['Cp', '.'] in document: data/preparation/minireference/en/curated/sophoclesplaysa05campgoog_0288.xmi
2022-01-10 16:54:30,975 - root - INFO - Token 'ἔτλη,' was tokenized into ['ἔτλη', ','] in document: data/preparation/minireference/en/curated/sophoclesplaysa05campgoog_0288.xmi
2022-01-10 16:54:30,975 - root - INFO - Token '1384.' was tokenized into ['1384', '.'] in document: data/preparation/minireference/en/curated/sophoclesplaysa05campgoog_0288.xmi
2022-01-10 16:54:30,975 - root - INFO - Token '--' was tokenized into ['-', '', '-'] in document: data/preparation/minireference/en/curated/sophoclesplaysa05campgoog_0288.xmi
2022-01-10 16:54:30,975 - root - INFO - Token '--' was tokenized into ['-', '', '-'] in document: data/preparation/minireference/en/curated/sophoclesplaysa05campgoog_0288.xmi
2022-01-10 16:54:30,975 - root - INFO - Token 'προβαλεῖν,' was tokenized into ['προβαλεῖν', ','] in document: data/preparation/minireference/en/curated/sophoclesplaysa05campgoog_0288.xmi
2022-01-10 16:54:30,975 - root - INFO - Token '1308.' was tokenized into ['1308', '.'] in document: data/preparation/minireference/en/curated/sophoclesplaysa05campgoog_0288.xmi
2022-01-10 16:54:30,975 - root - INFO - Token '£.' was tokenized into ['£', '.'] in document: data/preparation/minireference/en/curated/sophoclesplaysa05campgoog_0288.xmi
2022-01-10 16:54:30,975 - root - INFO - Token 'half-' was tokenized into ['half', '-'] in document: data/preparation/minireference/en/curated/sophoclesplaysa05campgoog_0288.xmi
2022-01-10 16:54:30,975 - root - INFO - Token 'agency,' was tokenized into ['agency', ','] in document: data/preparation/minireference/en/curated/sophoclesplaysa05campgoog_0288.xmi
2022-01-10 16:54:30,975 - root - INFO - Token 'implies:' was tokenized into ['implies', ':'] in document: data/preparation/minireference/en/curated/sophoclesplaysa05campgoog_0288.xmi
2022-01-10 16:54:30,975 - root - INFO - Token '*vio-' was tokenized into ['*', 'vio-'] in document: data/preparation/minireference/en/curated/sophoclesplaysa05campgoog_0288.xmi
2022-01-10 16:54:30,976 - root - INFO - Token 'lence’' was tokenized into ['lence', '’'] in document: data/preparation/minireference/en/curated/sophoclesplaysa05campgoog_0288.xmi
2022-01-10 16:54:30,976 - root - INFO - Token 'strength.' was tokenized into ['strength', '.'] in document: data/preparation/minireference/en/curated/sophoclesplaysa05campgoog_0288.xmi
2022-01-10 16:54:30,976 - root - INFO - Token '(fr.' was tokenized into ['(', 'fr.'] in document: data/preparation/minireference/en/curated/sophoclesplaysa05campgoog_0288.xmi
2022-01-10 16:54:31,013 - root - INFO - Retokenization completed.
